Using pre-set license
Built from '2020.3/release' branch; Version is '2020.3.27f1 (e759542391ea) revision 15161684'; Using compiler version '192528614'; Build Type 'Release'
OS: 'Windows 10  (10.0.19043) 64bit Professional' Language: 'ko' Physical Memory: 15316 MB
BatchMode: 1, IsHumanControllingUs: 0, StartBugReporterOnCrash: 0, Is64bit: 1, IsPro: 0

COMMAND LINE ARGUMENTS:
C:\Program Files\Unity\Hub\Editor\2020.3.27f1\Editor\Unity.exe
-adb2
-batchMode
-noUpm
-name
AssetImportWorker0
-projectPath
C:/Users/showmethevrgr07/Desktop/newDance/Dance_0213/Sandbox_Dance
-logFile
Logs/AssetImportWorker0.log
-srvPort
11334
Successfully changed project path to: C:/Users/showmethevrgr07/Desktop/newDance/Dance_0213/Sandbox_Dance
C:/Users/showmethevrgr07/Desktop/newDance/Dance_0213/Sandbox_Dance
Using Asset Import Pipeline V2.
Refreshing native plugins compatible for Editor in 76.32 ms, found 3 plugins.
Preloading 0 native plugins for Editor in 0.00 ms.
Initialize engine version: 2020.3.27f1 (e759542391ea)
[Subsystems] Discovering subsystems at path C:/Program Files/Unity/Hub/Editor/2020.3.27f1/Editor/Data/Resources/UnitySubsystems
[Subsystems] Discovering subsystems at path C:/Users/showmethevrgr07/Desktop/newDance/Dance_0213/Sandbox_Dance/Assets
GfxDevice: creating device client; threaded=0
Direct3D:
    Version:  Direct3D 11.0 [level 11.1]
    Renderer: NVIDIA GeForce GTX 1080 (ID=0x1b80)
    Vendor:   
    VRAM:     8079 MB
    Driver:   27.21.14.5671
Initialize mono
Mono path[0] = 'C:/Program Files/Unity/Hub/Editor/2020.3.27f1/Editor/Data/Managed'
Mono path[1] = 'C:/Program Files/Unity/Hub/Editor/2020.3.27f1/Editor/Data/MonoBleedingEdge/lib/mono/unityjit'
Mono config path = 'C:/Program Files/Unity/Hub/Editor/2020.3.27f1/Editor/Data/MonoBleedingEdge/etc'
Using monoOptions --debugger-agent=transport=dt_socket,embedding=1,server=y,suspend=n,address=127.0.0.1:56084
Begin MonoManager ReloadAssembly
Registering precompiled unity dll's ...
Register platform support module: C:/Program Files/Unity/Hub/Editor/2020.3.27f1/Editor/Data/PlaybackEngines/WindowsStandaloneSupport/UnityEditor.WindowsStandalone.Extensions.dll
Registered in 0.002023 seconds.
Native extension for WindowsStandalone target not found
Refreshing native plugins compatible for Editor in 52.86 ms, found 3 plugins.
Preloading 0 native plugins for Editor in 0.00 ms.
Mono: successfully reloaded assembly
- Completed reload, in  0.568 seconds
Domain Reload Profiling:
	ReloadAssembly (568ms)
		BeginReloadAssembly (59ms)
			ExecutionOrderSort (0ms)
			DisableScriptedObjects (0ms)
			BackupInstance (0ms)
			ReleaseScriptingObjects (0ms)
			CreateAndSetChildDomain (1ms)
		EndReloadAssembly (444ms)
			LoadAssemblies (56ms)
			RebuildTransferFunctionScriptingTraits (0ms)
			SetupTypeCache (137ms)
			ReleaseScriptCaches (0ms)
			RebuildScriptCaches (32ms)
			SetupLoadedEditorAssemblies (174ms)
				LogAssemblyErrors (0ms)
				InitializePlatformSupportModulesInManaged (4ms)
				SetLoadedEditorAssemblies (1ms)
				RefreshPlugins (53ms)
				BeforeProcessingInitializeOnLoad (15ms)
				ProcessInitializeOnLoadAttributes (76ms)
				ProcessInitializeOnLoadMethodAttributes (25ms)
				AfterProcessingInitializeOnLoad (0ms)
				EditorAssembliesLoaded (0ms)
			ExecutionOrderSort2 (0ms)
			AwakeInstancesAfterBackupRestoration (0ms)
Platform modules already initialized, skipping
Registering precompiled user dll's ...
Registered in 0.013040 seconds.
Begin MonoManager ReloadAssembly
Native extension for WindowsStandalone target not found
Refreshing native plugins compatible for Editor in 56.08 ms, found 3 plugins.
Preloading 0 native plugins for Editor in 0.00 ms.
GPGSUpgrader start
UnityEngine.StackTraceUtility:ExtractStackTrace ()
UnityEngine.DebugLogHandler:LogFormat (UnityEngine.LogType,UnityEngine.Object,string,object[])
UnityEngine.Logger:Log (UnityEngine.LogType,object)
UnityEngine.Debug:Log (object)
GooglePlayGames.Editor.GPGSUpgrader:.cctor () (at Assets/GooglePlayGames/Editor/GPGSUpgrader.cs:38)
System.Runtime.CompilerServices.RuntimeHelpers:RunClassConstructor (System.RuntimeTypeHandle)
UnityEditor.EditorAssemblies:ProcessInitializeOnLoadAttributes (System.Type[])

(Filename: Assets/GooglePlayGames/Editor/GPGSUpgrader.cs Line: 38)

GPGSUpgrader done
UnityEngine.StackTraceUtility:ExtractStackTrace ()
UnityEngine.DebugLogHandler:LogFormat (UnityEngine.LogType,UnityEngine.Object,string,object[])
UnityEngine.Logger:Log (UnityEngine.LogType,object)
UnityEngine.Debug:Log (object)
GooglePlayGames.Editor.GPGSUpgrader:.cctor () (at Assets/GooglePlayGames/Editor/GPGSUpgrader.cs:57)
System.Runtime.CompilerServices.RuntimeHelpers:RunClassConstructor (System.RuntimeTypeHandle)
UnityEditor.EditorAssemblies:ProcessInitializeOnLoadAttributes (System.Type[])

(Filename: Assets/GooglePlayGames/Editor/GPGSUpgrader.cs Line: 57)

Mono: successfully reloaded assembly
- Completed reload, in  1.305 seconds
Domain Reload Profiling:
	ReloadAssembly (1306ms)
		BeginReloadAssembly (148ms)
			ExecutionOrderSort (0ms)
			DisableScriptedObjects (4ms)
			BackupInstance (0ms)
			ReleaseScriptingObjects (0ms)
			CreateAndSetChildDomain (19ms)
		EndReloadAssembly (1099ms)
			LoadAssemblies (104ms)
			RebuildTransferFunctionScriptingTraits (0ms)
			SetupTypeCache (303ms)
			ReleaseScriptCaches (0ms)
			RebuildScriptCaches (56ms)
			SetupLoadedEditorAssemblies (450ms)
				LogAssemblyErrors (0ms)
				InitializePlatformSupportModulesInManaged (3ms)
				SetLoadedEditorAssemblies (0ms)
				RefreshPlugins (56ms)
				BeforeProcessingInitializeOnLoad (100ms)
				ProcessInitializeOnLoadAttributes (213ms)
				ProcessInitializeOnLoadMethodAttributes (71ms)
				AfterProcessingInitializeOnLoad (7ms)
				EditorAssembliesLoaded (0ms)
			ExecutionOrderSort2 (0ms)
			AwakeInstancesAfterBackupRestoration (6ms)
Platform modules already initialized, skipping
========================================================================
Worker process is ready to serve import requests
Launched and connected shader compiler UnityShaderCompiler.exe after 0.07 seconds
Refreshing native plugins compatible for Editor in 0.96 ms, found 3 plugins.
Preloading 0 native plugins for Editor in 0.00 ms.
Unloading 2894 Unused Serialized files (Serialized files now loaded: 0)
System memory in use before: 126.6 MB.
System memory in use after: 125.6 MB.

Unloading 124 unused Assets to reduce memory usage. Loaded Objects now: 3281.
Total: 7.390200 ms (FindLiveObjects: 0.219500 ms CreateObjectMapping: 0.127200 ms MarkObjects: 6.129600 ms  DeleteObjects: 0.912900 ms)

AssetImportParameters requested are different than current active one (requested -> active):
  custom:framework-win-MediaFoundation: 216162199b28c13a410421893ffa2e32 -> 
  custom:video-decoder-ogg-theora: a1e56fd34408186e4bbccfd4996cb3dc -> 
  custom:container-muxer-webm: aa71ff27fc2769a1b78a27578f13a17b -> 
  custom:container-demuxer-webm: 4f35f7cbe854078d1ac9338744f61a02 -> 
  custom:container-demuxer-ogg: 62fdf1f143b41e24485cea50d1cbac27 -> 
  custom:video-encoder-webm-vp8: eb34c28f22e8b96e1ab97ce403110664 -> 
  custom:video-decoder-webm-vp8: 9c59270c3fd7afecdb556c50c9e8de78 -> 
  custom:audio-decoder-ogg-vorbis: bf7c407c2cedff20999df2af8eb42d56 -> 
  custom:audio-encoder-webm-vorbis: bf7c407c2cedff20999df2af8eb42d56 -> 
========================================================================
Received Import Request.
  path: Assets/Anim/coin/Coin.png
  artifactKey: Guid(90cc195b36b4e814ebbdcfe731d00967) Importer(815301076,1909f56bfc062723c751e8b465ee728b)
Start importing Assets/Anim/coin/Coin.png using Guid(90cc195b36b4e814ebbdcfe731d00967) Importer(815301076,1909f56bfc062723c751e8b465ee728b)  -> (artifact id: 'e544b9ca6d2a65186c645847acb50545') in 0.076702 seconds 
  Import took 0.080971 seconds .

========================================================================
Received Import Request.
  Time since last request: 0.000271 seconds.
  path: Assets/Anim/coin/Coin_Atlas.asset
  artifactKey: Guid(fc0f3aefcd99eef45892c6cd408867cc) Importer(815301076,1909f56bfc062723c751e8b465ee728b)
Start importing Assets/Anim/coin/Coin_Atlas.asset using Guid(fc0f3aefcd99eef45892c6cd408867cc) Importer(815301076,1909f56bfc062723c751e8b465ee728b)  -> (artifact id: '994ccb0023fa5afa333b4d91a7334806') in 0.014084 seconds 
  Import took 0.020722 seconds .

========================================================================
Received Import Request.
  Time since last request: 0.000341 seconds.
  path: Assets/Anim/coin/Coin_Material.mat
  artifactKey: Guid(4e661d7beb4f38545a9561fd2e000922) Importer(815301076,1909f56bfc062723c751e8b465ee728b)
Start importing Assets/Anim/coin/Coin_Material.mat using Guid(4e661d7beb4f38545a9561fd2e000922) Importer(815301076,1909f56bfc062723c751e8b465ee728b)  -> (artifact id: '84a723a95b16c2aa4659bb7f8a6cb0b2') in 0.081356 seconds 
  Import took 0.085381 seconds .

========================================================================
Received Import Request.
  Time since last request: 0.000273 seconds.
  path: Assets/Anim/coin/Coin_SkeletonData.asset
  artifactKey: Guid(1b631e379a2fc0043baf23d351ad356e) Importer(815301076,1909f56bfc062723c751e8b465ee728b)
Start importing Assets/Anim/coin/Coin_SkeletonData.asset using Guid(1b631e379a2fc0043baf23d351ad356e) Importer(815301076,1909f56bfc062723c751e8b465ee728b)  -> (artifact id: '82b08334eaa297b2621ad1d3f49a084a') in 0.156208 seconds 
  Import took 0.161784 seconds .

========================================================================
Received Import Request.
  Time since last request: 105.924213 seconds.
  path: Assets/Effect/CardEffect_5star.prefab
  artifactKey: Guid(28f31d21d151aa344b6ca7bbb7805a5d) Importer(815301076,1909f56bfc062723c751e8b465ee728b)
Start importing Assets/Effect/CardEffect_5star.prefab using Guid(28f31d21d151aa344b6ca7bbb7805a5d) Importer(815301076,1909f56bfc062723c751e8b465ee728b)  -> (artifact id: 'f0027e90d98b198416ea7734e4a62245') in 0.036316 seconds 
  Import took 0.040895 seconds .

========================================================================
Received Import Request.
  Time since last request: 0.000276 seconds.
  path: Assets/Effect/Grade_purple.prefab
  artifactKey: Guid(22fe46c9b73d2444fbf7bd8a6ed3692e) Importer(815301076,1909f56bfc062723c751e8b465ee728b)
Start importing Assets/Effect/Grade_purple.prefab using Guid(22fe46c9b73d2444fbf7bd8a6ed3692e) Importer(815301076,1909f56bfc062723c751e8b465ee728b)  -> (artifact id: '5b5c5cb67d44b1e2d94e1b5ddc57c35e') in 0.017491 seconds 
  Import took 0.022151 seconds .

========================================================================
Received Import Request.
  Time since last request: 0.000265 seconds.
  path: Assets/Effect/glow2_ADD.mat
  artifactKey: Guid(c435e79d1d162aa4388352f4b91bcc30) Importer(815301076,1909f56bfc062723c751e8b465ee728b)
Start importing Assets/Effect/glow2_ADD.mat using Guid(c435e79d1d162aa4388352f4b91bcc30) Importer(815301076,1909f56bfc062723c751e8b465ee728b)  -> (artifact id: 'b7636319dcb6be118cc772729855c085') in 0.020050 seconds 
  Import took 0.024625 seconds .

========================================================================
Received Import Request.
  Time since last request: 0.000264 seconds.
  path: Assets/Effect/lightray2_ADD.mat
  artifactKey: Guid(aef643656e7c3ce4ab963416ccfb6b02) Importer(815301076,1909f56bfc062723c751e8b465ee728b)
Start importing Assets/Effect/lightray2_ADD.mat using Guid(aef643656e7c3ce4ab963416ccfb6b02) Importer(815301076,1909f56bfc062723c751e8b465ee728b)  -> (artifact id: '85bc83e2d332fadd395ab01f82fdaf46') in 0.016374 seconds 
  Import took 0.021253 seconds .

========================================================================
Received Import Request.
  Time since last request: 0.000185 seconds.
  path: Assets/Effect/sparkle2_ADD.mat
  artifactKey: Guid(d7de562bc5ecf6c499110dd7fa47431d) Importer(815301076,1909f56bfc062723c751e8b465ee728b)
Start importing Assets/Effect/sparkle2_ADD.mat using Guid(d7de562bc5ecf6c499110dd7fa47431d) Importer(815301076,1909f56bfc062723c751e8b465ee728b)  -> (artifact id: 'd1a4d5d8f57cddb39411a2f256c1712d') in 0.015918 seconds 
  Import took 0.021925 seconds .

========================================================================
Received Import Request.
  Time since last request: 0.000224 seconds.
  path: Assets/Effect/glow6_ADD.mat
  artifactKey: Guid(550a096f01b431c469c4f2c4346217f3) Importer(815301076,1909f56bfc062723c751e8b465ee728b)
Start importing Assets/Effect/glow6_ADD.mat using Guid(550a096f01b431c469c4f2c4346217f3) Importer(815301076,1909f56bfc062723c751e8b465ee728b)  -> (artifact id: '8c046b1ead7cd17abec6609589f0f6d7') in 0.017989 seconds 
  Import took 0.022768 seconds .

========================================================================
Received Import Request.
  Time since last request: 0.000273 seconds.
  path: Assets/Effect/CardEffect_34star.prefab
  artifactKey: Guid(01f518d66dcc9a949a71a757a46f18ae) Importer(815301076,1909f56bfc062723c751e8b465ee728b)
Start importing Assets/Effect/CardEffect_34star.prefab using Guid(01f518d66dcc9a949a71a757a46f18ae) Importer(815301076,1909f56bfc062723c751e8b465ee728b)  -> (artifact id: '0809f658cf6b88489ae3b4f9be758a73') in 0.026325 seconds 
  Import took 0.031265 seconds .

========================================================================
Received Import Request.
  Time since last request: 0.000220 seconds.
  path: Assets/Effect/magic_orb2_ADD.mat
  artifactKey: Guid(f3ef05a94e32d73458eeba4170a66065) Importer(815301076,1909f56bfc062723c751e8b465ee728b)
Start importing Assets/Effect/magic_orb2_ADD.mat using Guid(f3ef05a94e32d73458eeba4170a66065) Importer(815301076,1909f56bfc062723c751e8b465ee728b)  -> (artifact id: '0ef8b1c21142335aaf79ab55d0f05e9e') in 0.017264 seconds 
  Import took 0.022130 seconds .

========================================================================
Received Import Request.
  Time since last request: 0.000237 seconds.
  path: Assets/Effect/Grade_yellow.prefab
  artifactKey: Guid(7dc5bec48902d904fab14fa6f2398106) Importer(815301076,1909f56bfc062723c751e8b465ee728b)
Start importing Assets/Effect/Grade_yellow.prefab using Guid(7dc5bec48902d904fab14fa6f2398106) Importer(815301076,1909f56bfc062723c751e8b465ee728b)  -> (artifact id: 'ea36fdea67e647deb077dccf5e42790e') in 0.015883 seconds 
  Import took 0.020561 seconds .

========================================================================
Received Import Request.
  Time since last request: 0.000246 seconds.
  path: Assets/Effect/glow1_ADD.mat
  artifactKey: Guid(185b50e653b31ff4993c45f808ed7b62) Importer(815301076,1909f56bfc062723c751e8b465ee728b)
Start importing Assets/Effect/glow1_ADD.mat using Guid(185b50e653b31ff4993c45f808ed7b62) Importer(815301076,1909f56bfc062723c751e8b465ee728b)  -> (artifact id: 'f0c234c265cd1217fcfb3c3fb9dc979c') in 0.017609 seconds 
  Import took 0.022116 seconds .

========================================================================
Received Import Request.
  Time since last request: 0.000205 seconds.
  path: Assets/Effect/magic_line_ADD.mat
  artifactKey: Guid(17fdf55c79558d64e91ec79b9e43160b) Importer(815301076,1909f56bfc062723c751e8b465ee728b)
Start importing Assets/Effect/magic_line_ADD.mat using Guid(17fdf55c79558d64e91ec79b9e43160b) Importer(815301076,1909f56bfc062723c751e8b465ee728b)  -> (artifact id: '7339a12f956522e8e6d7de9026dc5fc8') in 0.016687 seconds 
  Import took 0.021449 seconds .

========================================================================
Received Import Request.
  Time since last request: 0.000244 seconds.
  path: Assets/Effect/verticalglow02.mat
  artifactKey: Guid(9e378a7d45b55a94181498629703c49b) Importer(815301076,1909f56bfc062723c751e8b465ee728b)
Start importing Assets/Effect/verticalglow02.mat using Guid(9e378a7d45b55a94181498629703c49b) Importer(815301076,1909f56bfc062723c751e8b465ee728b)  -> (artifact id: '8b57aff6d459ebe297d5ce95a88a245c') in 0.038898 seconds 
  Import took 0.044010 seconds .

========================================================================
Received Import Request.
  Time since last request: 0.000281 seconds.
  path: Assets/Effect/sparkle_ADD.mat
  artifactKey: Guid(8f8195a24fc9606489f689895fb48d0b) Importer(815301076,1909f56bfc062723c751e8b465ee728b)
Start importing Assets/Effect/sparkle_ADD.mat using Guid(8f8195a24fc9606489f689895fb48d0b) Importer(815301076,1909f56bfc062723c751e8b465ee728b)  -> (artifact id: 'a4de6698e1f0828e47e9c437e4b50451') in 0.014575 seconds 
  Import took 0.018541 seconds .

========================================================================
Received Import Request.
  Time since last request: 0.000221 seconds.
  path: Assets/Effect/verticalglow02 1.mat
  artifactKey: Guid(1a4fd2404408fe841a052349e48f0906) Importer(815301076,1909f56bfc062723c751e8b465ee728b)
Start importing Assets/Effect/verticalglow02 1.mat using Guid(1a4fd2404408fe841a052349e48f0906) Importer(815301076,1909f56bfc062723c751e8b465ee728b)  -> (artifact id: '480e4f2855dd7771197587b13b3853f7') in 0.017418 seconds 
  Import took 0.024486 seconds .

========================================================================
Received Import Request.
  Time since last request: 0.000201 seconds.
  path: Assets/Effect/CardEffect_12star.prefab
  artifactKey: Guid(e08adb482e008934b9e7ec94ebdcfe29) Importer(815301076,1909f56bfc062723c751e8b465ee728b)
Start importing Assets/Effect/CardEffect_12star.prefab using Guid(e08adb482e008934b9e7ec94ebdcfe29) Importer(815301076,1909f56bfc062723c751e8b465ee728b)  -> (artifact id: 'a1dfc9488e767fb7cff3d3ac75ee0e64') in 0.022178 seconds 
  Import took 0.028475 seconds .

========================================================================
Received Import Request.
  Time since last request: 7.796705 seconds.
  path: Assets/Anim/Balgarock 1
  artifactKey: Guid(417cedbff5ee45848a16119100bda4b6) Importer(815301076,1909f56bfc062723c751e8b465ee728b)
Start importing Assets/Anim/Balgarock 1 using Guid(417cedbff5ee45848a16119100bda4b6) Importer(815301076,1909f56bfc062723c751e8b465ee728b)  -> (artifact id: '25f1ccdf76ad443778bd21f67f12fb7f') in 0.005612 seconds 
  Import took 0.010002 seconds .

========================================================================
Received Import Request.
  Time since last request: 50.465544 seconds.
  path: Assets/Anim/New Folder
  artifactKey: Guid(74c7e58566e023d48b9ec35f73ceb2c1) Importer(815301076,1909f56bfc062723c751e8b465ee728b)
Start importing Assets/Anim/New Folder using Guid(74c7e58566e023d48b9ec35f73ceb2c1) Importer(815301076,1909f56bfc062723c751e8b465ee728b)  -> (artifact id: '0855d098e0946da93832cc6933f112f4') in 0.006683 seconds 
  Import took 0.011564 seconds .

========================================================================
Received Import Request.
  Time since last request: 11.695584 seconds.
  path: Assets/Scenes/1. Login.unity
  artifactKey: Guid(2d104360af2e2e44da62062a94ee796f) Importer(815301076,1909f56bfc062723c751e8b465ee728b)
Start importing Assets/Scenes/1. Login.unity using Guid(2d104360af2e2e44da62062a94ee796f) Importer(815301076,1909f56bfc062723c751e8b465ee728b)  -> (artifact id: '199f8c92483751037ce75b2ead2321e6') in 0.010446 seconds 
  Import took 0.015271 seconds .

========================================================================
Received Prepare
Registering precompiled user dll's ...
Registered in 0.012380 seconds.
Begin MonoManager ReloadAssembly
Native extension for WindowsStandalone target not found
Refreshing native plugins compatible for Editor in 1.05 ms, found 3 plugins.
Preloading 0 native plugins for Editor in 0.00 ms.
GPGSUpgrader start
UnityEngine.StackTraceUtility:ExtractStackTrace ()
UnityEngine.DebugLogHandler:LogFormat (UnityEngine.LogType,UnityEngine.Object,string,object[])
UnityEngine.Logger:Log (UnityEngine.LogType,object)
UnityEngine.Debug:Log (object)
GooglePlayGames.Editor.GPGSUpgrader:.cctor () (at Assets/GooglePlayGames/Editor/GPGSUpgrader.cs:38)
System.Runtime.CompilerServices.RuntimeHelpers:RunClassConstructor (System.RuntimeTypeHandle)
UnityEditor.EditorAssemblies:ProcessInitializeOnLoadAttributes (System.Type[])

(Filename: Assets/GooglePlayGames/Editor/GPGSUpgrader.cs Line: 38)

GPGSUpgrader done
UnityEngine.StackTraceUtility:ExtractStackTrace ()
UnityEngine.DebugLogHandler:LogFormat (UnityEngine.LogType,UnityEngine.Object,string,object[])
UnityEngine.Logger:Log (UnityEngine.LogType,object)
UnityEngine.Debug:Log (object)
GooglePlayGames.Editor.GPGSUpgrader:.cctor () (at Assets/GooglePlayGames/Editor/GPGSUpgrader.cs:57)
System.Runtime.CompilerServices.RuntimeHelpers:RunClassConstructor (System.RuntimeTypeHandle)
UnityEditor.EditorAssemblies:ProcessInitializeOnLoadAttributes (System.Type[])

(Filename: Assets/GooglePlayGames/Editor/GPGSUpgrader.cs Line: 57)

Mono: successfully reloaded assembly
- Completed reload, in  1.206 seconds
Domain Reload Profiling:
	ReloadAssembly (1207ms)
		BeginReloadAssembly (121ms)
			ExecutionOrderSort (0ms)
			DisableScriptedObjects (5ms)
			BackupInstance (0ms)
			ReleaseScriptingObjects (0ms)
			CreateAndSetChildDomain (41ms)
		EndReloadAssembly (1029ms)
			LoadAssemblies (103ms)
			RebuildTransferFunctionScriptingTraits (0ms)
			SetupTypeCache (343ms)
			ReleaseScriptCaches (1ms)
			RebuildScriptCaches (47ms)
			SetupLoadedEditorAssemblies (432ms)
				LogAssemblyErrors (0ms)
				InitializePlatformSupportModulesInManaged (4ms)
				SetLoadedEditorAssemblies (0ms)
				RefreshPlugins (1ms)
				BeforeProcessingInitializeOnLoad (98ms)
				ProcessInitializeOnLoadAttributes (261ms)
				ProcessInitializeOnLoadMethodAttributes (61ms)
				AfterProcessingInitializeOnLoad (6ms)
				EditorAssembliesLoaded (0ms)
			ExecutionOrderSort2 (0ms)
			AwakeInstancesAfterBackupRestoration (9ms)
Platform modules already initialized, skipping
Switching build target platform(19) subTarget(0) extendedPlatform(0) -> platform(13) subTarget(537395200) extendedPlatform(0)
Refreshing native plugins compatible for Editor in 1.03 ms, found 3 plugins.
Preloading 0 native plugins for Editor in 0.00 ms.
Unloading 2857 Unused Serialized files (Serialized files now loaded: 0)
System memory in use before: 125.9 MB.
System memory in use after: 124.8 MB.

Unloading 113 unused Assets to reduce memory usage. Loaded Objects now: 3358.
Total: 7.213300 ms (FindLiveObjects: 0.232300 ms CreateObjectMapping: 0.113900 ms MarkObjects: 6.110200 ms  DeleteObjects: 0.756000 ms)

AssetImportParameters requested are different than current active one (requested -> active):
  custom:framework-win-MediaFoundation: 216162199b28c13a410421893ffa2e32 -> 
  custom:video-decoder-ogg-theora: a1e56fd34408186e4bbccfd4996cb3dc -> 
  custom:container-muxer-webm: aa71ff27fc2769a1b78a27578f13a17b -> 
  custom:container-demuxer-webm: 4f35f7cbe854078d1ac9338744f61a02 -> 
  custom:container-demuxer-ogg: 62fdf1f143b41e24485cea50d1cbac27 -> 
  custom:video-encoder-webm-vp8: eb34c28f22e8b96e1ab97ce403110664 -> 
  custom:video-decoder-webm-vp8: 9c59270c3fd7afecdb556c50c9e8de78 -> 
  custom:graphics/normal-map-encoding: 01000000000000000000000000000000 -> 02000000000000000000000000000000
  custom:audio-decoder-ogg-vorbis: bf7c407c2cedff20999df2af8eb42d56 -> 
  custom:audio-encoder-webm-vorbis: bf7c407c2cedff20999df2af8eb42d56 -> 
========================================================================
Received Import Request.
  Time since last request: 53.102335 seconds.
  path: Assets/Scenes/3. Game.unity
  artifactKey: Guid(5abcca83d9f92754991a5e3465e44b38) Importer(815301076,1909f56bfc062723c751e8b465ee728b)
Start importing Assets/Scenes/3. Game.unity using Guid(5abcca83d9f92754991a5e3465e44b38) Importer(815301076,1909f56bfc062723c751e8b465ee728b)  -> (artifact id: '2c3f6ff7212b1b5f5757cd0f8a8be2ac') in 0.021139 seconds 
  Import took 0.026084 seconds .

========================================================================
Received Import Request.
  Time since last request: 5.837783 seconds.
  path: Assets/Prefabs/ErrorObject.prefab
  artifactKey: Guid(a02da6043957464468b04708cdaa19b3) Importer(815301076,1909f56bfc062723c751e8b465ee728b)
Start importing Assets/Prefabs/ErrorObject.prefab using Guid(a02da6043957464468b04708cdaa19b3) Importer(815301076,1909f56bfc062723c751e8b465ee728b)  -> (artifact id: '20903e72f890ee8ab66ce06ccec5b098') in 0.029532 seconds 
  Import took 0.034054 seconds .

========================================================================
Received Import Request.
  Time since last request: 0.000261 seconds.
  path: Assets/Prefabs/Loading.prefab
  artifactKey: Guid(4d6464c9c20097549ac3f8a7ac1cb56d) Importer(815301076,1909f56bfc062723c751e8b465ee728b)
Start importing Assets/Prefabs/Loading.prefab using Guid(4d6464c9c20097549ac3f8a7ac1cb56d) Importer(815301076,1909f56bfc062723c751e8b465ee728b)  -> (artifact id: '2df5ecb113abdf1cb91d2dadc23b6351') in 0.010143 seconds 
  Import took 0.014447 seconds .

========================================================================
Received Import Request.
  Time since last request: 45.024293 seconds.
  path: Assets/Sprites/Lobby/login/220218__0000s_0000_re-Button.png
  artifactKey: Guid(ad9e1c6a6831a754ba763aa1da208b99) Importer(815301076,1909f56bfc062723c751e8b465ee728b)
Start importing Assets/Sprites/Lobby/login/220218__0000s_0000_re-Button.png using Guid(ad9e1c6a6831a754ba763aa1da208b99) Importer(815301076,1909f56bfc062723c751e8b465ee728b)  -> (artifact id: '02d775541bb1fd333ce5b26ef8377e27') in 0.036984 seconds 
  Import took 0.041918 seconds .

========================================================================
Received Import Request.
  Time since last request: 0.000258 seconds.
  path: Assets/Sprites/Lobby/login/google.png
  artifactKey: Guid(517b10755bc80f74eb2973f1f24dca09) Importer(815301076,1909f56bfc062723c751e8b465ee728b)
Start importing Assets/Sprites/Lobby/login/google.png using Guid(517b10755bc80f74eb2973f1f24dca09) Importer(815301076,1909f56bfc062723c751e8b465ee728b)  -> (artifact id: 'f5adceb97881ad2dcde745b1a7b1be54') in 0.020100 seconds 
  Import took 0.024852 seconds .

========================================================================
Received Import Request.
  Time since last request: 0.000326 seconds.
  path: Assets/Sprites/Lobby/login/220218__0000s_0002_login-popup.png
  artifactKey: Guid(8422c7709f8bd6a429a16ba3409a159a) Importer(815301076,1909f56bfc062723c751e8b465ee728b)
Start importing Assets/Sprites/Lobby/login/220218__0000s_0002_login-popup.png using Guid(8422c7709f8bd6a429a16ba3409a159a) Importer(815301076,1909f56bfc062723c751e8b465ee728b)  -> (artifact id: '5855968bce01ca05fd9ac3f17366f9d8') in 0.025524 seconds 
  Import took 0.030125 seconds .

========================================================================
Received Import Request.
  Time since last request: 0.000283 seconds.
  path: Assets/Sprites/Lobby/login/guest.png
  artifactKey: Guid(ee8882bf09fd81144b1ae1c9d08e85a6) Importer(815301076,1909f56bfc062723c751e8b465ee728b)
Start importing Assets/Sprites/Lobby/login/guest.png using Guid(ee8882bf09fd81144b1ae1c9d08e85a6) Importer(815301076,1909f56bfc062723c751e8b465ee728b)  -> (artifact id: '840c2a2b9312d133c9addb57466a6f4b') in 0.020839 seconds 
  Import took 0.026798 seconds .

========================================================================
Received Import Request.
  Time since last request: 0.000220 seconds.
  path: Assets/Sprites/Lobby/login/apple.png
  artifactKey: Guid(75d4e5f114db2954495363ce7068155c) Importer(815301076,1909f56bfc062723c751e8b465ee728b)
Start importing Assets/Sprites/Lobby/login/apple.png using Guid(75d4e5f114db2954495363ce7068155c) Importer(815301076,1909f56bfc062723c751e8b465ee728b)  -> (artifact id: 'e72daeaa38c8087d93e5f87548333773') in 0.016093 seconds 
  Import took 0.020487 seconds .

========================================================================
Received Import Request.
  Time since last request: 0.000271 seconds.
  path: Assets/Sprites/Lobby/login/icon_512.png
  artifactKey: Guid(1e846e67dce3ce04bb7eafb8d477cd1d) Importer(815301076,1909f56bfc062723c751e8b465ee728b)
Start importing Assets/Sprites/Lobby/login/icon_512.png using Guid(1e846e67dce3ce04bb7eafb8d477cd1d) Importer(815301076,1909f56bfc062723c751e8b465ee728b)  -> (artifact id: '5a97e3de719a72f5c558efbff259ad83') in 0.025642 seconds 
  Import took 0.030815 seconds .

========================================================================
Received Import Request.
  Time since last request: 0.000206 seconds.
  path: Assets/Sprites/Lobby/login/220218__0000s_0001_ok-Button.png
  artifactKey: Guid(d76e8f9460dfadb46893419714c1fd24) Importer(815301076,1909f56bfc062723c751e8b465ee728b)
Start importing Assets/Sprites/Lobby/login/220218__0000s_0001_ok-Button.png using Guid(d76e8f9460dfadb46893419714c1fd24) Importer(815301076,1909f56bfc062723c751e8b465ee728b)  -> (artifact id: 'ea4f7c2ecc659e09687967a692d3eb5c') in 0.024109 seconds 
  Import took 0.028918 seconds .

========================================================================
Received Import Request.
  Time since last request: 109.614198 seconds.
  path: Assets/Sprites/Lobby/Main/Character.png
  artifactKey: Guid(0bf48d958e4d75147b7bc7c43e6d414a) Importer(815301076,1909f56bfc062723c751e8b465ee728b)
Start importing Assets/Sprites/Lobby/Main/Character.png using Guid(0bf48d958e4d75147b7bc7c43e6d414a) Importer(815301076,1909f56bfc062723c751e8b465ee728b)  -> (artifact id: 'c652964497fdde541734ac72dbccbf5c') in 0.023954 seconds 
  Import took 0.029566 seconds .

========================================================================
Received Import Request.
  Time since last request: 0.000253 seconds.
  path: Assets/Sprites/Lobby/Main/main_bg.png
  artifactKey: Guid(c36e3343f1eca124493dd5912b98e3b0) Importer(815301076,1909f56bfc062723c751e8b465ee728b)
Start importing Assets/Sprites/Lobby/Main/main_bg.png using Guid(c36e3343f1eca124493dd5912b98e3b0) Importer(815301076,1909f56bfc062723c751e8b465ee728b)  -> (artifact id: 'e50a91649ded8709e02ec9804f0d0886') in 0.036323 seconds 
  Import took 0.040686 seconds .

========================================================================
Received Import Request.
  Time since last request: 14.208727 seconds.
  path: Assets/Anim/StartButton
  artifactKey: Guid(bb440e67407011a47a99f279953b3a47) Importer(815301076,1909f56bfc062723c751e8b465ee728b)
Start importing Assets/Anim/StartButton using Guid(bb440e67407011a47a99f279953b3a47) Importer(815301076,1909f56bfc062723c751e8b465ee728b)  -> (artifact id: 'aeb60b7f98f13e6c2ed5b6cdfdd6a3d3') in 0.006368 seconds 
  Import took 0.010709 seconds .

========================================================================
Received Import Request.
  Time since last request: 19.647750 seconds.
  path: Assets/Anim/title/Title.png
  artifactKey: Guid(52e33b253d60b294e8bf80d65dda376d) Importer(815301076,1909f56bfc062723c751e8b465ee728b)
Start importing Assets/Anim/title/Title.png using Guid(52e33b253d60b294e8bf80d65dda376d) Importer(815301076,1909f56bfc062723c751e8b465ee728b)  -> (artifact id: 'b7c4d17643d6afa88d89bcd7947c6a6a') in 0.015346 seconds 
  Import took 0.020009 seconds .

========================================================================
Received Import Request.
  Time since last request: 0.000248 seconds.
  path: Assets/Anim/title/Title_Material.mat
  artifactKey: Guid(eab972bd471e8294fbfe619be59ef504) Importer(815301076,1909f56bfc062723c751e8b465ee728b)
Start importing Assets/Anim/title/Title_Material.mat using Guid(eab972bd471e8294fbfe619be59ef504) Importer(815301076,1909f56bfc062723c751e8b465ee728b)  -> (artifact id: '3cbb057df5430a1d83a3a5547a9877df') in 0.036650 seconds 
  Import took 0.040506 seconds .

========================================================================
Received Import Request.
  Time since last request: 0.000250 seconds.
  path: Assets/Anim/title/Title_SkeletonData.asset
  artifactKey: Guid(4d4fe0094def91a48a802f554abee659) Importer(815301076,1909f56bfc062723c751e8b465ee728b)
Start importing Assets/Anim/title/Title_SkeletonData.asset using Guid(4d4fe0094def91a48a802f554abee659) Importer(815301076,1909f56bfc062723c751e8b465ee728b)  -> (artifact id: 'c9dc7ad0831e804dc59891aa61184f74') in 0.159901 seconds 
  Import took 0.166471 seconds .

========================================================================
Received Import Request.
  Time since last request: 0.000252 seconds.
  path: Assets/Anim/title/Title_Atlas.asset
  artifactKey: Guid(6efdd45d4385b3a4bb85d23974f9c4c6) Importer(815301076,1909f56bfc062723c751e8b465ee728b)
Start importing Assets/Anim/title/Title_Atlas.asset using Guid(6efdd45d4385b3a4bb85d23974f9c4c6) Importer(815301076,1909f56bfc062723c751e8b465ee728b)  -> (artifact id: '8378fd7b8f887d635136a42830e14b44') in 0.007774 seconds 
  Import took 0.013184 seconds .

========================================================================
Received Import Request.
  Time since last request: 166.592434 seconds.
  path: Assets/Sprites/Lobby/card book/220216__0002s_0000_Card-book-x.png
  artifactKey: Guid(405e38f6ecb888745b55353806046b26) Importer(815301076,1909f56bfc062723c751e8b465ee728b)
Start importing Assets/Sprites/Lobby/card book/220216__0002s_0000_Card-book-x.png using Guid(405e38f6ecb888745b55353806046b26) Importer(815301076,1909f56bfc062723c751e8b465ee728b)  -> (artifact id: '45887503fa888f99306bc6b83e4767a5') in 0.016919 seconds 
  Import took 0.022413 seconds .

========================================================================
Received Import Request.
  Time since last request: 0.000284 seconds.
  path: Assets/Sprites/Lobby/card book/220216__0002s_0002_Character-button4.png
  artifactKey: Guid(9474495523c512c4c98ca9cd7cba9952) Importer(815301076,1909f56bfc062723c751e8b465ee728b)
Start importing Assets/Sprites/Lobby/card book/220216__0002s_0002_Character-button4.png using Guid(9474495523c512c4c98ca9cd7cba9952) Importer(815301076,1909f56bfc062723c751e8b465ee728b)  -> (artifact id: '1d0a07e03ff10a46e5fa56abdb160d28') in 0.017631 seconds 
  Import took 0.022757 seconds .

========================================================================
Received Import Request.
  Time since last request: 0.000282 seconds.
  path: Assets/Sprites/Lobby/card book/Change-diamond 1.png
  artifactKey: Guid(84ff218a87a9c714e83e6cd055f81814) Importer(815301076,1909f56bfc062723c751e8b465ee728b)
Start importing Assets/Sprites/Lobby/card book/Change-diamond 1.png using Guid(84ff218a87a9c714e83e6cd055f81814) Importer(815301076,1909f56bfc062723c751e8b465ee728b)  -> (artifact id: 'e2923cf9ba2aca6b0d2ef8fc897bb7d4') in 0.017794 seconds 
  Import took 0.022543 seconds .

========================================================================
Received Import Request.
  Time since last request: 0.000271 seconds.
  path: Assets/Sprites/Lobby/card book/card_05.png
  artifactKey: Guid(8c90d3002ea6317448a06af7d8b3199d) Importer(815301076,1909f56bfc062723c751e8b465ee728b)
Start importing Assets/Sprites/Lobby/card book/card_05.png using Guid(8c90d3002ea6317448a06af7d8b3199d) Importer(815301076,1909f56bfc062723c751e8b465ee728b)  -> (artifact id: '93791bf88cde64d70df6b44154295ffd') in 0.036563 seconds 
  Import took 0.040822 seconds .

========================================================================
Received Import Request.
  Time since last request: 0.000244 seconds.
  path: Assets/Sprites/Lobby/card book/220216__0002s_0010_Character-button6.png
  artifactKey: Guid(3f87dc6758b672543a59ffac8d3608de) Importer(815301076,1909f56bfc062723c751e8b465ee728b)
Start importing Assets/Sprites/Lobby/card book/220216__0002s_0010_Character-button6.png using Guid(3f87dc6758b672543a59ffac8d3608de) Importer(815301076,1909f56bfc062723c751e8b465ee728b)  -> (artifact id: 'd3548812402e0111397139c8d51b16a3') in 0.018666 seconds 
  Import took 0.024081 seconds .

========================================================================
Received Import Request.
  Time since last request: 0.000306 seconds.
  path: Assets/Sprites/Lobby/card book/card_01.png
  artifactKey: Guid(202942b5c3dc78c42afeff1d9c77cef1) Importer(815301076,1909f56bfc062723c751e8b465ee728b)
Start importing Assets/Sprites/Lobby/card book/card_01.png using Guid(202942b5c3dc78c42afeff1d9c77cef1) Importer(815301076,1909f56bfc062723c751e8b465ee728b)  -> (artifact id: 'a9dd1edd3f225058ff6fa708ea99fb4f') in 0.033440 seconds 
  Import took 0.038470 seconds .

========================================================================
Received Import Request.
  Time since last request: 0.000234 seconds.
  path: Assets/Sprites/Lobby/card book/220216__0002s_0003_Character-button3.png
  artifactKey: Guid(f171376d80c51dc41ba0811ebacedfa5) Importer(815301076,1909f56bfc062723c751e8b465ee728b)
Start importing Assets/Sprites/Lobby/card book/220216__0002s_0003_Character-button3.png using Guid(f171376d80c51dc41ba0811ebacedfa5) Importer(815301076,1909f56bfc062723c751e8b465ee728b)  -> (artifact id: 'd133b57071a8ae34b2848b8d2e2df53c') in 0.018596 seconds 
  Import took 0.023584 seconds .

========================================================================
Received Import Request.
  Time since last request: 0.000284 seconds.
  path: Assets/Sprites/Lobby/card book/220216__0002s_0005_Character-button1.png
  artifactKey: Guid(c2f4eafdedada1e45b1d71da494c81c5) Importer(815301076,1909f56bfc062723c751e8b465ee728b)
Start importing Assets/Sprites/Lobby/card book/220216__0002s_0005_Character-button1.png using Guid(c2f4eafdedada1e45b1d71da494c81c5) Importer(815301076,1909f56bfc062723c751e8b465ee728b)  -> (artifact id: '341ff8ec64473f756f79df194ec9e355') in 0.020427 seconds 
  Import took 0.025066 seconds .

========================================================================
Received Import Request.
  Time since last request: 0.000490 seconds.
  path: Assets/Sprites/Lobby/card book/card_04.png
  artifactKey: Guid(68ca6dc9f41362a44ae471b0933d0979) Importer(815301076,1909f56bfc062723c751e8b465ee728b)
Start importing Assets/Sprites/Lobby/card book/card_04.png using Guid(68ca6dc9f41362a44ae471b0933d0979) Importer(815301076,1909f56bfc062723c751e8b465ee728b)  -> (artifact id: 'abfb004d3068b7b3cb49cd86a68144ba') in 0.032659 seconds 
  Import took 0.037862 seconds .

========================================================================
Received Import Request.
  Time since last request: 0.000223 seconds.
  path: Assets/Sprites/Lobby/card book/220216__0002s_0001_Character-button5.png
  artifactKey: Guid(e729664f143ddd4439b8ef3b36e98fa5) Importer(815301076,1909f56bfc062723c751e8b465ee728b)
Start importing Assets/Sprites/Lobby/card book/220216__0002s_0001_Character-button5.png using Guid(e729664f143ddd4439b8ef3b36e98fa5) Importer(815301076,1909f56bfc062723c751e8b465ee728b)  -> (artifact id: 'd9075f08e8759b60d54fb6e5b55e9202') in 0.018704 seconds 
  Import took 0.023197 seconds .

========================================================================
Received Import Request.
  Time since last request: 0.000282 seconds.
  path: Assets/Sprites/Lobby/card book/card_02.png
  artifactKey: Guid(ab8b22bb08d086e43b4c961ba53fc200) Importer(815301076,1909f56bfc062723c751e8b465ee728b)
Start importing Assets/Sprites/Lobby/card book/card_02.png using Guid(ab8b22bb08d086e43b4c961ba53fc200) Importer(815301076,1909f56bfc062723c751e8b465ee728b)  -> (artifact id: '7a1f50a3047c78d3eb09aafffb28fc65') in 0.034437 seconds 
  Import took 0.039276 seconds .

========================================================================
Received Import Request.
  Time since last request: 0.000229 seconds.
  path: Assets/Sprites/Lobby/card book/dard_dia.png
  artifactKey: Guid(5f38d43c1af40924cb421632458362c2) Importer(815301076,1909f56bfc062723c751e8b465ee728b)
Start importing Assets/Sprites/Lobby/card book/dard_dia.png using Guid(5f38d43c1af40924cb421632458362c2) Importer(815301076,1909f56bfc062723c751e8b465ee728b)  -> (artifact id: 'f81d4f93bef4df268a4bc5f9fbe9fe05') in 0.018086 seconds 
  Import took 0.022847 seconds .

========================================================================
Received Import Request.
  Time since last request: 0.000269 seconds.
  path: Assets/Sprites/Lobby/card book/220216__0002s_0008_Character-button8.png
  artifactKey: Guid(9324c8685a1bcf548ae7b4ad9d58a142) Importer(815301076,1909f56bfc062723c751e8b465ee728b)
Start importing Assets/Sprites/Lobby/card book/220216__0002s_0008_Character-button8.png using Guid(9324c8685a1bcf548ae7b4ad9d58a142) Importer(815301076,1909f56bfc062723c751e8b465ee728b)  -> (artifact id: 'ef49dec3e8f202c4cf3f1226bbf0b432') in 0.020181 seconds 
  Import took 0.025051 seconds .

========================================================================
Received Import Request.
  Time since last request: 0.000225 seconds.
  path: Assets/Sprites/Lobby/card book/220216__0002s_0011_Card-book-popup.png
  artifactKey: Guid(f5c84159e2138254fa0f1ea9230c95fe) Importer(815301076,1909f56bfc062723c751e8b465ee728b)
Start importing Assets/Sprites/Lobby/card book/220216__0002s_0011_Card-book-popup.png using Guid(f5c84159e2138254fa0f1ea9230c95fe) Importer(815301076,1909f56bfc062723c751e8b465ee728b)  -> (artifact id: '5f39a2b959531f3baad3db63c5d64efe') in 0.018048 seconds 
  Import took 0.023280 seconds .

========================================================================
Received Import Request.
  Time since last request: 0.000215 seconds.
  path: Assets/Sprites/Lobby/card book/220216__0002s_0006_Character-button10.png
  artifactKey: Guid(876e6d03a80c8f84ca79d2e926e7b2a7) Importer(815301076,1909f56bfc062723c751e8b465ee728b)
Start importing Assets/Sprites/Lobby/card book/220216__0002s_0006_Character-button10.png using Guid(876e6d03a80c8f84ca79d2e926e7b2a7) Importer(815301076,1909f56bfc062723c751e8b465ee728b)  -> (artifact id: '1f5df13f7b1ec29e298d5f1c88c9b122') in 0.017472 seconds 
  Import took 0.022075 seconds .

========================================================================
Received Import Request.
  Time since last request: 0.000156 seconds.
  path: Assets/Sprites/Lobby/card book/220216__0002s_0007_Character-button9.png
  artifactKey: Guid(e92366551fe5c4f4d9c128253f5e8cec) Importer(815301076,1909f56bfc062723c751e8b465ee728b)
Start importing Assets/Sprites/Lobby/card book/220216__0002s_0007_Character-button9.png using Guid(e92366551fe5c4f4d9c128253f5e8cec) Importer(815301076,1909f56bfc062723c751e8b465ee728b)  -> (artifact id: '7adc0681da8f7042f38dbab744b8589d') in 0.018853 seconds 
  Import took 0.023261 seconds .

========================================================================
Received Import Request.
  Time since last request: 0.000171 seconds.
  path: Assets/Sprites/Lobby/card book/220216__0002s_0009_Character-button7.png
  artifactKey: Guid(448a74fcdfb8e144fb075bff83187b13) Importer(815301076,1909f56bfc062723c751e8b465ee728b)
Start importing Assets/Sprites/Lobby/card book/220216__0002s_0009_Character-button7.png using Guid(448a74fcdfb8e144fb075bff83187b13) Importer(815301076,1909f56bfc062723c751e8b465ee728b)  -> (artifact id: '1323b0d4d9f74589ca89c1a9fa79a7f5') in 0.018641 seconds 
  Import took 0.023541 seconds .

========================================================================
Received Import Request.
  Time since last request: 0.000200 seconds.
  path: Assets/Sprites/Lobby/card book/card_03.png
  artifactKey: Guid(dfdf1387d7cced14d9a0b38432dbdb7a) Importer(815301076,1909f56bfc062723c751e8b465ee728b)
Start importing Assets/Sprites/Lobby/card book/card_03.png using Guid(dfdf1387d7cced14d9a0b38432dbdb7a) Importer(815301076,1909f56bfc062723c751e8b465ee728b)  -> (artifact id: '4006f344c93ffd74a636513be3384e6a') in 0.031445 seconds 
  Import took 0.036015 seconds .

========================================================================
Received Import Request.
  Time since last request: 0.000205 seconds.
  path: Assets/Sprites/Lobby/card book/220216__0002s_0004_Character-button2.png
  artifactKey: Guid(9b4a953c4ab3992409ac4c3a35f73d55) Importer(815301076,1909f56bfc062723c751e8b465ee728b)
Start importing Assets/Sprites/Lobby/card book/220216__0002s_0004_Character-button2.png using Guid(9b4a953c4ab3992409ac4c3a35f73d55) Importer(815301076,1909f56bfc062723c751e8b465ee728b)  -> (artifact id: '280ee466f8b737fa705b4b3aa2d81daf') in 0.016752 seconds 
  Import took 0.021634 seconds .

========================================================================
Received Import Request.
  Time since last request: 0.000242 seconds.
  path: Assets/Sprites/Lobby/card book/collection_card_bg.png
  artifactKey: Guid(ba01a0557860bd048a778f55c5357484) Importer(815301076,1909f56bfc062723c751e8b465ee728b)
Start importing Assets/Sprites/Lobby/card book/collection_card_bg.png using Guid(ba01a0557860bd048a778f55c5357484) Importer(815301076,1909f56bfc062723c751e8b465ee728b)  -> (artifact id: '17eb9d80c58331d24ad68900df9dc01d') in 0.015755 seconds 
  Import took 0.021061 seconds .

========================================================================
Received Import Request.
  Time since last request: 0.339673 seconds.
  path: Assets/Sound/Bell.wav
  artifactKey: Guid(fc8fd0a00a47cd1408e861e1fb8ef4c3) Importer(815301076,1909f56bfc062723c751e8b465ee728b)
Start importing Assets/Sound/Bell.wav using Guid(fc8fd0a00a47cd1408e861e1fb8ef4c3) Importer(815301076,1909f56bfc062723c751e8b465ee728b)  -> (artifact id: '59e440d46455254f21b1c24aff5c7b18') in 0.055492 seconds 
  Import took 0.059616 seconds .

========================================================================
Received Import Request.
  Time since last request: 0.000262 seconds.
  path: Assets/Sound/king_ingame_sauce.mp3
  artifactKey: Guid(802e582b3dfd0d84d8a86d3f2bd2d704) Importer(815301076,1909f56bfc062723c751e8b465ee728b)
Start importing Assets/Sound/king_ingame_sauce.mp3 using Guid(802e582b3dfd0d84d8a86d3f2bd2d704) Importer(815301076,1909f56bfc062723c751e8b465ee728b)  -> (artifact id: '092676494ba0bef5790506096585c589') in 0.038044 seconds 
  Import took 0.042270 seconds .

========================================================================
Received Import Request.
  Time since last request: 0.000217 seconds.
  path: Assets/Sound/upbgm1.wav
  artifactKey: Guid(63d26957374094149aa8e0cb2882efcd) Importer(815301076,1909f56bfc062723c751e8b465ee728b)
Start importing Assets/Sound/upbgm1.wav using Guid(63d26957374094149aa8e0cb2882efcd) Importer(815301076,1909f56bfc062723c751e8b465ee728b)  -> (artifact id: 'dff327b939ce0aa7fc38e1f01eb1f308') in 0.015604 seconds 
  Import took 0.020323 seconds .

========================================================================
Received Import Request.
  Time since last request: 0.000256 seconds.
  path: Assets/Sound/king_main_btn.mp3
  artifactKey: Guid(5fc2cb2e8bc622b458e68e3cbb2cfb6d) Importer(815301076,1909f56bfc062723c751e8b465ee728b)
Start importing Assets/Sound/king_main_btn.mp3 using Guid(5fc2cb2e8bc622b458e68e3cbb2cfb6d) Importer(815301076,1909f56bfc062723c751e8b465ee728b)  -> (artifact id: 'ecee6b1d477d679b819a38a9d6ac4202') in 0.014721 seconds 
  Import took 0.019876 seconds .

========================================================================
Received Import Request.
  Time since last request: 0.000303 seconds.
  path: Assets/Sound/end_02.wav
  artifactKey: Guid(167a9cb95e4cb914bbff7b6163978cfb) Importer(815301076,1909f56bfc062723c751e8b465ee728b)
Start importing Assets/Sound/end_02.wav using Guid(167a9cb95e4cb914bbff7b6163978cfb) Importer(815301076,1909f56bfc062723c751e8b465ee728b)  -> (artifact id: '995d1a757a8ccfcab20e31fd69805c10') in 0.014136 seconds 
  Import took 0.020201 seconds .

========================================================================
Received Import Request.
  Time since last request: 0.000170 seconds.
  path: Assets/Sound/king_ingame_nextchar.mp3
  artifactKey: Guid(ecbaeaa97b191fd4496dc955e1372b65) Importer(815301076,1909f56bfc062723c751e8b465ee728b)
Start importing Assets/Sound/king_ingame_nextchar.mp3 using Guid(ecbaeaa97b191fd4496dc955e1372b65) Importer(815301076,1909f56bfc062723c751e8b465ee728b)  -> (artifact id: '5e22115172d8e7c577e4a4c2951fcdb3') in 0.014124 seconds 
  Import took 0.018882 seconds .

========================================================================
Received Import Request.
  Time since last request: 0.000230 seconds.
  path: Assets/Sound/king_ingame_lasttimer.mp3
  artifactKey: Guid(7402104650f03504eb1ae5a100aaa8c8) Importer(815301076,1909f56bfc062723c751e8b465ee728b)
Start importing Assets/Sound/king_ingame_lasttimer.mp3 using Guid(7402104650f03504eb1ae5a100aaa8c8) Importer(815301076,1909f56bfc062723c751e8b465ee728b)  -> (artifact id: 'c736284ce3bc4afdd4f73852b30c5ead') in 0.013758 seconds 
  Import took 0.018775 seconds .

========================================================================
Received Import Request.
  Time since last request: 0.000274 seconds.
  path: Assets/Sound/upgrade.wav
  artifactKey: Guid(7da10257b55c0514a892e8cd4dd978e6) Importer(815301076,1909f56bfc062723c751e8b465ee728b)
Start importing Assets/Sound/upgrade.wav using Guid(7da10257b55c0514a892e8cd4dd978e6) Importer(815301076,1909f56bfc062723c751e8b465ee728b)  -> (artifact id: 'a24350a31e63999c570a4af268853063') in 0.014952 seconds 
  Import took 0.021672 seconds .

========================================================================
Received Import Request.
  Time since last request: 0.000175 seconds.
  path: Assets/Sound/king_ingame_lasttimer1.wav
  artifactKey: Guid(3ece9401173ee8349bc6f2e611552b16) Importer(815301076,1909f56bfc062723c751e8b465ee728b)
Start importing Assets/Sound/king_ingame_lasttimer1.wav using Guid(3ece9401173ee8349bc6f2e611552b16) Importer(815301076,1909f56bfc062723c751e8b465ee728b)  -> (artifact id: '74b64ae46bb944417caebfae5f13ec60') in 0.013493 seconds 
  Import took 0.018390 seconds .

========================================================================
Received Import Request.
  Time since last request: 0.000186 seconds.
  path: Assets/Sound/title.mp3
  artifactKey: Guid(a688afbe69c2f2a4eabab1317172769d) Importer(815301076,1909f56bfc062723c751e8b465ee728b)
Start importing Assets/Sound/title.mp3 using Guid(a688afbe69c2f2a4eabab1317172769d) Importer(815301076,1909f56bfc062723c751e8b465ee728b)  -> (artifact id: '716bc1c968af614898f28545ffbeb595') in 0.018477 seconds 
  Import took 0.025211 seconds .

========================================================================
Received Import Request.
  Time since last request: 0.000201 seconds.
  path: Assets/Sound/king_ingame_success.mp3
  artifactKey: Guid(49fa66d6c6f4c0142a0a5b81c31c4ae0) Importer(815301076,1909f56bfc062723c751e8b465ee728b)
Start importing Assets/Sound/king_ingame_success.mp3 using Guid(49fa66d6c6f4c0142a0a5b81c31c4ae0) Importer(815301076,1909f56bfc062723c751e8b465ee728b)  -> (artifact id: '92a1e45ebe6f822c41e565073fa6b360') in 0.018295 seconds 
  Import took 0.026381 seconds .

========================================================================
Received Import Request.
  Time since last request: 0.000194 seconds.
  path: Assets/Sound/king_ingame_failed.mp3
  artifactKey: Guid(f905f0d2784706145b745ddcee0e3bf6) Importer(815301076,1909f56bfc062723c751e8b465ee728b)
Start importing Assets/Sound/king_ingame_failed.mp3 using Guid(f905f0d2784706145b745ddcee0e3bf6) Importer(815301076,1909f56bfc062723c751e8b465ee728b)  -> (artifact id: 'a45c5aa7ab09379488d5998dbc1efaa6') in 0.023841 seconds 
  Import took 0.033593 seconds .

========================================================================
Received Import Request.
  Time since last request: 0.000179 seconds.
  path: Assets/Sound/Readygo.wav
  artifactKey: Guid(adc38ed1897a284448d026a2f7b19e7d) Importer(815301076,1909f56bfc062723c751e8b465ee728b)
Start importing Assets/Sound/Readygo.wav using Guid(adc38ed1897a284448d026a2f7b19e7d) Importer(815301076,1909f56bfc062723c751e8b465ee728b)  -> (artifact id: '7eaf58af275ed0fb2bfe4b12e3cf32c8') in 0.018590 seconds 
  Import took 0.025859 seconds .

========================================================================
Received Import Request.
  Time since last request: 0.000171 seconds.
  path: Assets/Sound/king_ingame_wating1.mp3
  artifactKey: Guid(586443c0c1b8ebf488b0b69451620382) Importer(815301076,1909f56bfc062723c751e8b465ee728b)
Start importing Assets/Sound/king_ingame_wating1.mp3 using Guid(586443c0c1b8ebf488b0b69451620382) Importer(815301076,1909f56bfc062723c751e8b465ee728b)  -> (artifact id: 'e83d0369cfecbd940c6a0a23632a731f') in 0.012522 seconds 
  Import took 0.017579 seconds .

========================================================================
Received Import Request.
  Time since last request: 0.000190 seconds.
  path: Assets/Sound/end_01.wav
  artifactKey: Guid(f626d40eb96e54444896a4fa2f35ae76) Importer(815301076,1909f56bfc062723c751e8b465ee728b)
Start importing Assets/Sound/end_01.wav using Guid(f626d40eb96e54444896a4fa2f35ae76) Importer(815301076,1909f56bfc062723c751e8b465ee728b)  -> (artifact id: 'cf5c3cb1f465bd207148f9ea2f772446') in 0.014226 seconds 
  Import took 0.020418 seconds .

========================================================================
Received Import Request.
  Time since last request: 0.000182 seconds.
  path: Assets/Sound/king_ingame_wavepass.mp3
  artifactKey: Guid(fa69e6621a0b9bb4988e2eebc343822a) Importer(815301076,1909f56bfc062723c751e8b465ee728b)
Start importing Assets/Sound/king_ingame_wavepass.mp3 using Guid(fa69e6621a0b9bb4988e2eebc343822a) Importer(815301076,1909f56bfc062723c751e8b465ee728b)  -> (artifact id: '6d8598dd30d570caa2b75274f0528bbf') in 0.012011 seconds 
  Import took 0.017042 seconds .

========================================================================
Received Import Request.
  Time since last request: 0.000210 seconds.
  path: Assets/Sound/king_ingame_side.mp3
  artifactKey: Guid(0b83e0f1733361d47b6531ff6eb0e0d1) Importer(815301076,1909f56bfc062723c751e8b465ee728b)
Start importing Assets/Sound/king_ingame_side.mp3 using Guid(0b83e0f1733361d47b6531ff6eb0e0d1) Importer(815301076,1909f56bfc062723c751e8b465ee728b)  -> (artifact id: 'dcc88e54e0d3849bde91341e80ac61e7') in 0.011254 seconds 
  Import took 0.015990 seconds .

========================================================================
Received Import Request.
  Time since last request: 0.000168 seconds.
  path: Assets/Sound/king_ingame_wating2.mp3
  artifactKey: Guid(2c1109f7bb03c1b4785711db10047742) Importer(815301076,1909f56bfc062723c751e8b465ee728b)
Start importing Assets/Sound/king_ingame_wating2.mp3 using Guid(2c1109f7bb03c1b4785711db10047742) Importer(815301076,1909f56bfc062723c751e8b465ee728b)  -> (artifact id: '0d774837b9653fe77445531bc92ae1d8') in 0.011159 seconds 
  Import took 0.015660 seconds .

========================================================================
Received Import Request.
  Time since last request: 0.000163 seconds.
  path: Assets/Sound/click.wav
  artifactKey: Guid(1db5c1009fd075f4e9701e6c498a8195) Importer(815301076,1909f56bfc062723c751e8b465ee728b)
Start importing Assets/Sound/click.wav using Guid(1db5c1009fd075f4e9701e6c498a8195) Importer(815301076,1909f56bfc062723c751e8b465ee728b)  -> (artifact id: '8023eb8fe831628683d462ebc2137f37') in 0.011402 seconds 
  Import took 0.015713 seconds .

========================================================================
Received Import Request.
  Time since last request: 0.000163 seconds.
  path: Assets/Sound/king_main_bgm.wav
  artifactKey: Guid(3394e73548a4bd24abcb20a9f2fe7275) Importer(815301076,1909f56bfc062723c751e8b465ee728b)
Start importing Assets/Sound/king_main_bgm.wav using Guid(3394e73548a4bd24abcb20a9f2fe7275) Importer(815301076,1909f56bfc062723c751e8b465ee728b)  -> (artifact id: '8bf3683e0856d3b8159d79a2385193b7') in 0.011590 seconds 
  Import took 0.015898 seconds .

========================================================================
Received Import Request.
  Time since last request: 0.000181 seconds.
  path: Assets/Sound/fever_click.mp3
  artifactKey: Guid(b0e08c7c18fa15641a991c94bd7472a7) Importer(815301076,1909f56bfc062723c751e8b465ee728b)
Start importing Assets/Sound/fever_click.mp3 using Guid(b0e08c7c18fa15641a991c94bd7472a7) Importer(815301076,1909f56bfc062723c751e8b465ee728b)  -> (artifact id: 'e2a20ef539259306b4452716ee64ef8d') in 0.010898 seconds 
  Import took 0.015414 seconds .

========================================================================
Received Import Request.
  Time since last request: 0.000225 seconds.
  path: Assets/Sound/click-[AudioTrimmer.com].wav
  artifactKey: Guid(72dcfbce30189fc4bb33f81c0c4daf75) Importer(815301076,1909f56bfc062723c751e8b465ee728b)
Start importing Assets/Sound/click-[AudioTrimmer.com].wav using Guid(72dcfbce30189fc4bb33f81c0c4daf75) Importer(815301076,1909f56bfc062723c751e8b465ee728b)  -> (artifact id: 'fbb58240f12230dc6cdd6071912ad908') in 0.013088 seconds 
  Import took 0.018230 seconds .

========================================================================
Received Import Request.
  Time since last request: 0.000228 seconds.
  path: Assets/Sound/king_ingame_wavereadygo.mp3
  artifactKey: Guid(63cfa260c5ee77446a3d2e89b08bd918) Importer(815301076,1909f56bfc062723c751e8b465ee728b)
Start importing Assets/Sound/king_ingame_wavereadygo.mp3 using Guid(63cfa260c5ee77446a3d2e89b08bd918) Importer(815301076,1909f56bfc062723c751e8b465ee728b)  -> (artifact id: '27a6cbb9ceb8312c5e4fe45e6d22e159') in 0.010861 seconds 
  Import took 0.015401 seconds .

========================================================================
Received Import Request.
  Time since last request: 0.000206 seconds.
  path: Assets/Sound/king_ingame_soup_scroll.mp3
  artifactKey: Guid(79f770be9a0a7f241894d7dd19719e71) Importer(815301076,1909f56bfc062723c751e8b465ee728b)
Start importing Assets/Sound/king_ingame_soup_scroll.mp3 using Guid(79f770be9a0a7f241894d7dd19719e71) Importer(815301076,1909f56bfc062723c751e8b465ee728b)  -> (artifact id: 'd200eb219c95323111e5be52627106b9') in 0.012194 seconds 
  Import took 0.016434 seconds .

========================================================================
Received Import Request.
  Time since last request: 0.000199 seconds.
  path: Assets/Sound/king_ingame_combo.mp3
  artifactKey: Guid(c7822538833221f46967aa0dcbd7183d) Importer(815301076,1909f56bfc062723c751e8b465ee728b)
Start importing Assets/Sound/king_ingame_combo.mp3 using Guid(c7822538833221f46967aa0dcbd7183d) Importer(815301076,1909f56bfc062723c751e8b465ee728b)  -> (artifact id: '316ff059fb3a9a320d1a4840a0cd1781') in 0.012572 seconds 
  Import took 0.017163 seconds .

========================================================================
Received Import Request.
  Time since last request: 0.000262 seconds.
  path: Assets/Sound/king_ingame_timer.mp3
  artifactKey: Guid(b2b164002d89385468392c8d412290c3) Importer(815301076,1909f56bfc062723c751e8b465ee728b)
Start importing Assets/Sound/king_ingame_timer.mp3 using Guid(b2b164002d89385468392c8d412290c3) Importer(815301076,1909f56bfc062723c751e8b465ee728b)  -> (artifact id: '59ef85c1f6d3939aba051e1567d30308') in 0.012072 seconds 
  Import took 0.016854 seconds .

========================================================================
Received Import Request.
  Time since last request: 0.000287 seconds.
  path: Assets/Sound/king_ingame_soup.mp3
  artifactKey: Guid(e069a47968838c446867a6ccd515ada6) Importer(815301076,1909f56bfc062723c751e8b465ee728b)
Start importing Assets/Sound/king_ingame_soup.mp3 using Guid(e069a47968838c446867a6ccd515ada6) Importer(815301076,1909f56bfc062723c751e8b465ee728b)  -> (artifact id: 'a606c0a4f26c6f25ca9fad91844219bc') in 0.012751 seconds 
  Import took 0.017653 seconds .

========================================================================
Received Prepare
Registering precompiled user dll's ...
Registered in 0.014883 seconds.
Begin MonoManager ReloadAssembly
Native extension for WindowsStandalone target not found
Refreshing native plugins compatible for Editor in 1.25 ms, found 3 plugins.
Preloading 0 native plugins for Editor in 0.00 ms.
GPGSUpgrader start
UnityEngine.StackTraceUtility:ExtractStackTrace ()
UnityEngine.DebugLogHandler:LogFormat (UnityEngine.LogType,UnityEngine.Object,string,object[])
UnityEngine.Logger:Log (UnityEngine.LogType,object)
UnityEngine.Debug:Log (object)
GooglePlayGames.Editor.GPGSUpgrader:.cctor () (at Assets/GooglePlayGames/Editor/GPGSUpgrader.cs:38)
System.Runtime.CompilerServices.RuntimeHelpers:RunClassConstructor (System.RuntimeTypeHandle)
UnityEditor.EditorAssemblies:ProcessInitializeOnLoadAttributes (System.Type[])

(Filename: Assets/GooglePlayGames/Editor/GPGSUpgrader.cs Line: 38)

GPGSUpgrader done
UnityEngine.StackTraceUtility:ExtractStackTrace ()
UnityEngine.DebugLogHandler:LogFormat (UnityEngine.LogType,UnityEngine.Object,string,object[])
UnityEngine.Logger:Log (UnityEngine.LogType,object)
UnityEngine.Debug:Log (object)
GooglePlayGames.Editor.GPGSUpgrader:.cctor () (at Assets/GooglePlayGames/Editor/GPGSUpgrader.cs:57)
System.Runtime.CompilerServices.RuntimeHelpers:RunClassConstructor (System.RuntimeTypeHandle)
UnityEditor.EditorAssemblies:ProcessInitializeOnLoadAttributes (System.Type[])

(Filename: Assets/GooglePlayGames/Editor/GPGSUpgrader.cs Line: 57)

Mono: successfully reloaded assembly
- Completed reload, in  1.298 seconds
Domain Reload Profiling:
	ReloadAssembly (1298ms)
		BeginReloadAssembly (117ms)
			ExecutionOrderSort (0ms)
			DisableScriptedObjects (6ms)
			BackupInstance (0ms)
			ReleaseScriptingObjects (0ms)
			CreateAndSetChildDomain (40ms)
		EndReloadAssembly (1124ms)
			LoadAssemblies (104ms)
			RebuildTransferFunctionScriptingTraits (0ms)
			SetupTypeCache (359ms)
			ReleaseScriptCaches (1ms)
			RebuildScriptCaches (51ms)
			SetupLoadedEditorAssemblies (496ms)
				LogAssemblyErrors (0ms)
				InitializePlatformSupportModulesInManaged (4ms)
				SetLoadedEditorAssemblies (0ms)
				RefreshPlugins (1ms)
				BeforeProcessingInitializeOnLoad (163ms)
				ProcessInitializeOnLoadAttributes (262ms)
				ProcessInitializeOnLoadMethodAttributes (59ms)
				AfterProcessingInitializeOnLoad (6ms)
				EditorAssembliesLoaded (0ms)
			ExecutionOrderSort2 (0ms)
			AwakeInstancesAfterBackupRestoration (9ms)
Platform modules already initialized, skipping
Switching build target platform(19) subTarget(0) extendedPlatform(0) -> platform(13) subTarget(537395200) extendedPlatform(0)
Refreshing native plugins compatible for Editor in 1.03 ms, found 3 plugins.
Preloading 0 native plugins for Editor in 0.00 ms.
Unloading 2857 Unused Serialized files (Serialized files now loaded: 0)
System memory in use before: 126.1 MB.
System memory in use after: 125.1 MB.

Unloading 113 unused Assets to reduce memory usage. Loaded Objects now: 3435.
Total: 7.763800 ms (FindLiveObjects: 0.237800 ms CreateObjectMapping: 0.117600 ms MarkObjects: 6.210300 ms  DeleteObjects: 1.197100 ms)

AssetImportParameters requested are different than current active one (requested -> active):
  custom:framework-win-MediaFoundation: 216162199b28c13a410421893ffa2e32 -> 
  custom:video-decoder-ogg-theora: a1e56fd34408186e4bbccfd4996cb3dc -> 
  custom:container-muxer-webm: aa71ff27fc2769a1b78a27578f13a17b -> 
  custom:container-demuxer-webm: 4f35f7cbe854078d1ac9338744f61a02 -> 
  custom:container-demuxer-ogg: 62fdf1f143b41e24485cea50d1cbac27 -> 
  custom:video-encoder-webm-vp8: eb34c28f22e8b96e1ab97ce403110664 -> 
  custom:video-decoder-webm-vp8: 9c59270c3fd7afecdb556c50c9e8de78 -> 
  custom:graphics/normal-map-encoding: 01000000000000000000000000000000 -> 02000000000000000000000000000000
  custom:audio-decoder-ogg-vorbis: bf7c407c2cedff20999df2af8eb42d56 -> 
  custom:audio-encoder-webm-vorbis: bf7c407c2cedff20999df2af8eb42d56 -> 
========================================================================
Received Import Request.
  Time since last request: 90.503665 seconds.
  path: Assets/Scenes/2. Lobby.unity
  artifactKey: Guid(b8ed402469ee162478ca454c5144c584) Importer(815301076,1909f56bfc062723c751e8b465ee728b)
Start importing Assets/Scenes/2. Lobby.unity using Guid(b8ed402469ee162478ca454c5144c584) Importer(815301076,1909f56bfc062723c751e8b465ee728b)  -> (artifact id: '72e73fe7399e4bb73749c1d72ee2b168') in 0.020325 seconds 
  Import took 0.025494 seconds .

========================================================================
Received Import Request.
  Time since last request: 7.619602 seconds.
  path: Assets/Sprites/Lobby/Ingame/220217__0001s_0000_pause.png
  artifactKey: Guid(195f2b3641e719141a4a0d3ccc389ce4) Importer(815301076,1909f56bfc062723c751e8b465ee728b)
Start importing Assets/Sprites/Lobby/Ingame/220217__0001s_0000_pause.png using Guid(195f2b3641e719141a4a0d3ccc389ce4) Importer(815301076,1909f56bfc062723c751e8b465ee728b)  -> (artifact id: '9506bb5052e8fd97aec0f1efb44b5b0a') in 0.042861 seconds 
  Import took 0.047416 seconds .

========================================================================
Received Import Request.
  Time since last request: 0.000331 seconds.
  path: Assets/Sprites/Lobby/Ingame/220217__0001s_0005_Clock.png
  artifactKey: Guid(551e39a594e490843a95b45d197413e5) Importer(815301076,1909f56bfc062723c751e8b465ee728b)
Start importing Assets/Sprites/Lobby/Ingame/220217__0001s_0005_Clock.png using Guid(551e39a594e490843a95b45d197413e5) Importer(815301076,1909f56bfc062723c751e8b465ee728b)  -> (artifact id: 'bdc6857e1729813943406cfb6f623410') in 0.016353 seconds 
  Import took 0.021106 seconds .

========================================================================
Received Import Request.
  Time since last request: 0.000227 seconds.
  path: Assets/Sprites/Lobby/Ingame/220217__0001s_0002_Score.png
  artifactKey: Guid(4e55201809989d2478d389840043b52d) Importer(815301076,1909f56bfc062723c751e8b465ee728b)
Start importing Assets/Sprites/Lobby/Ingame/220217__0001s_0002_Score.png using Guid(4e55201809989d2478d389840043b52d) Importer(815301076,1909f56bfc062723c751e8b465ee728b)  -> (artifact id: '638dc512990c74237313ee7f809ceecf') in 0.019083 seconds 
  Import took 0.024321 seconds .

========================================================================
Received Import Request.
  Time since last request: 0.000227 seconds.
  path: Assets/Sprites/Lobby/Ingame/220217__0001s_0012_blackboard.png
  artifactKey: Guid(5e88b4602b9efbb4792f8af557d516e5) Importer(815301076,1909f56bfc062723c751e8b465ee728b)
Start importing Assets/Sprites/Lobby/Ingame/220217__0001s_0012_blackboard.png using Guid(5e88b4602b9efbb4792f8af557d516e5) Importer(815301076,1909f56bfc062723c751e8b465ee728b)  -> (artifact id: 'db40b4e13e861ce194302bdc2e207abd') in 0.019220 seconds 
  Import took 0.024057 seconds .

========================================================================
Received Import Request.
  Time since last request: 0.000226 seconds.
  path: Assets/Sprites/Lobby/Ingame/220217__0001s_0004_Move-gauge0.png
  artifactKey: Guid(037115f618d17b945bbe78b297c376bb) Importer(815301076,1909f56bfc062723c751e8b465ee728b)
Start importing Assets/Sprites/Lobby/Ingame/220217__0001s_0004_Move-gauge0.png using Guid(037115f618d17b945bbe78b297c376bb) Importer(815301076,1909f56bfc062723c751e8b465ee728b)  -> (artifact id: 'a5c30147f077b625fa521866f7eb12d7') in 0.016186 seconds 
  Import took 0.020697 seconds .

========================================================================
Received Import Request.
  Time since last request: 0.000383 seconds.
  path: Assets/Sprites/Lobby/Ingame/220217__0001s_0008_chair-1.png
  artifactKey: Guid(5aeae88e3b4bd8a40b8f8f2ddbf5d730) Importer(815301076,1909f56bfc062723c751e8b465ee728b)
Start importing Assets/Sprites/Lobby/Ingame/220217__0001s_0008_chair-1.png using Guid(5aeae88e3b4bd8a40b8f8f2ddbf5d730) Importer(815301076,1909f56bfc062723c751e8b465ee728b)  -> (artifact id: '98b2c6f6a12827ca85c266feea9d27e3') in 0.016943 seconds 
  Import took 0.023216 seconds .

========================================================================
Received Import Request.
  Time since last request: 0.000355 seconds.
  path: Assets/Sprites/Lobby/Ingame/220217__0001s_0006_Time-gauge100_3.png
  artifactKey: Guid(c1e1164d6477e4c4cb3ff4d30951591b) Importer(815301076,1909f56bfc062723c751e8b465ee728b)
Start importing Assets/Sprites/Lobby/Ingame/220217__0001s_0006_Time-gauge100_3.png using Guid(c1e1164d6477e4c4cb3ff4d30951591b) Importer(815301076,1909f56bfc062723c751e8b465ee728b)  -> (artifact id: 'a31dc2258414a86a3e196ca8993fdcbe') in 0.016760 seconds 
  Import took 0.021495 seconds .

========================================================================
Received Import Request.
  Time since last request: 0.000286 seconds.
  path: Assets/Sprites/Lobby/Ingame/220217__0001s_0010_Desk.png
  artifactKey: Guid(d1c7e559ff5f536498bc881ddec422d8) Importer(815301076,1909f56bfc062723c751e8b465ee728b)
Start importing Assets/Sprites/Lobby/Ingame/220217__0001s_0010_Desk.png using Guid(d1c7e559ff5f536498bc881ddec422d8) Importer(815301076,1909f56bfc062723c751e8b465ee728b)  -> (artifact id: '35eda8a3279d00ac6db24268cdb883f0') in 0.018668 seconds 
  Import took 0.023617 seconds .

========================================================================
Received Import Request.
  Time since last request: 0.000536 seconds.
  path: Assets/Sprites/Lobby/Ingame/220217__0001s_0013_BG.png
  artifactKey: Guid(b6723f1c8454f76459666bbd9493d9c6) Importer(815301076,1909f56bfc062723c751e8b465ee728b)
Start importing Assets/Sprites/Lobby/Ingame/220217__0001s_0013_BG.png using Guid(b6723f1c8454f76459666bbd9493d9c6) Importer(815301076,1909f56bfc062723c751e8b465ee728b)  -> (artifact id: 'dc70729c0d36b06d80220cfec112fb7d') in 0.068402 seconds 
  Import took 0.073067 seconds .

========================================================================
Received Import Request.
  Time since last request: 0.000236 seconds.
  path: Assets/Sprites/Lobby/Ingame/220217__0001s_0011_Teacher-shadow.png
  artifactKey: Guid(333e7009ae4c3e945990f8ed86ff0402) Importer(815301076,1909f56bfc062723c751e8b465ee728b)
Start importing Assets/Sprites/Lobby/Ingame/220217__0001s_0011_Teacher-shadow.png using Guid(333e7009ae4c3e945990f8ed86ff0402) Importer(815301076,1909f56bfc062723c751e8b465ee728b)  -> (artifact id: '62e1a2fd2ed68b453c08c54e8a75b17b') in 0.017327 seconds 
  Import took 0.021620 seconds .

========================================================================
Received Import Request.
  Time since last request: 0.000302 seconds.
  path: Assets/Sprites/Lobby/Ingame/220218__0001_ITEM.png
  artifactKey: Guid(44ab0a05d3e6419409b2a03bc5089474) Importer(815301076,1909f56bfc062723c751e8b465ee728b)
Start importing Assets/Sprites/Lobby/Ingame/220218__0001_ITEM.png using Guid(44ab0a05d3e6419409b2a03bc5089474) Importer(815301076,1909f56bfc062723c751e8b465ee728b)  -> (artifact id: '88dc1a0b2dc2f66ecd807273a2339a0e') in 0.019347 seconds 
  Import took 0.024760 seconds .

========================================================================
Received Import Request.
  Time since last request: 0.000291 seconds.
  path: Assets/Sprites/Lobby/Ingame/220218__0001_Move-button.png
  artifactKey: Guid(b4c913e432983fc45aa23212c5dfdf60) Importer(815301076,1909f56bfc062723c751e8b465ee728b)
Start importing Assets/Sprites/Lobby/Ingame/220218__0001_Move-button.png using Guid(b4c913e432983fc45aa23212c5dfdf60) Importer(815301076,1909f56bfc062723c751e8b465ee728b)  -> (artifact id: 'ef37410535d8c4f4b0575164fd98cbff') in 0.018181 seconds 
  Import took 0.023305 seconds .

========================================================================
Received Import Request.
  Time since last request: 0.000318 seconds.
  path: Assets/Sprites/Lobby/Ingame/220217__0001s_0003_Move-gauge100_1.png
  artifactKey: Guid(3746b749f4a554a448caca00c966fbf1) Importer(815301076,1909f56bfc062723c751e8b465ee728b)
Start importing Assets/Sprites/Lobby/Ingame/220217__0001s_0003_Move-gauge100_1.png using Guid(3746b749f4a554a448caca00c966fbf1) Importer(815301076,1909f56bfc062723c751e8b465ee728b)  -> (artifact id: 'f27ab6cefeb1cd0a2d3f43e72e7e0d78') in 0.014425 seconds 
  Import took 0.019042 seconds .

========================================================================
Received Import Request.
  Time since last request: 0.000226 seconds.
  path: Assets/Sprites/Lobby/Ingame/220217__0001s_0006_Time-gauge100_2.png
  artifactKey: Guid(db0b00f07c667374293339115b6bdafc) Importer(815301076,1909f56bfc062723c751e8b465ee728b)
Start importing Assets/Sprites/Lobby/Ingame/220217__0001s_0006_Time-gauge100_2.png using Guid(db0b00f07c667374293339115b6bdafc) Importer(815301076,1909f56bfc062723c751e8b465ee728b)  -> (artifact id: 'bda5134bcacaddea9f725a45e87f1d05') in 0.015054 seconds 
  Import took 0.020326 seconds .

========================================================================
Received Import Request.
  Time since last request: 0.000229 seconds.
  path: Assets/Sprites/Lobby/Pick a card/Skip_h.png
  artifactKey: Guid(4a6019f24f61b4b43aeb8c1cef621449) Importer(815301076,1909f56bfc062723c751e8b465ee728b)
Start importing Assets/Sprites/Lobby/Pick a card/Skip_h.png using Guid(4a6019f24f61b4b43aeb8c1cef621449) Importer(815301076,1909f56bfc062723c751e8b465ee728b)  -> (artifact id: '50cfc17d2cd6639a476f1044701ae2a6') in 0.016549 seconds 
  Import took 0.021278 seconds .

========================================================================
Received Import Request.
  Time since last request: 0.000255 seconds.
  path: Assets/Sprites/Lobby/Pick a card/220218__0000s_0003_Pick-a-card4.png
  artifactKey: Guid(e13ef9104ad683840a9ec57f5130e99e) Importer(815301076,1909f56bfc062723c751e8b465ee728b)
Start importing Assets/Sprites/Lobby/Pick a card/220218__0000s_0003_Pick-a-card4.png using Guid(e13ef9104ad683840a9ec57f5130e99e) Importer(815301076,1909f56bfc062723c751e8b465ee728b)  -> (artifact id: 'bd425051bd361835ff3ea2a2c4f5c61d') in 0.018660 seconds 
  Import took 0.024187 seconds .

========================================================================
Received Import Request.
  Time since last request: 0.000357 seconds.
  path: Assets/Sprites/Lobby/Pick a card/220218__0000s_0004_Pick-a-card3.png
  artifactKey: Guid(8a922151655480d469022289a346582b) Importer(815301076,1909f56bfc062723c751e8b465ee728b)
Start importing Assets/Sprites/Lobby/Pick a card/220218__0000s_0004_Pick-a-card3.png using Guid(8a922151655480d469022289a346582b) Importer(815301076,1909f56bfc062723c751e8b465ee728b)  -> (artifact id: '7da948cddaaed610827392078e333f02') in 0.017803 seconds 
  Import took 0.023719 seconds .

========================================================================
Received Import Request.
  Time since last request: 0.000251 seconds.
  path: Assets/Sprites/Lobby/Pick a card/card_back.png
  artifactKey: Guid(f455d2e1fa407b346a2f75d7d81ed35a) Importer(815301076,1909f56bfc062723c751e8b465ee728b)
Start importing Assets/Sprites/Lobby/Pick a card/card_back.png using Guid(f455d2e1fa407b346a2f75d7d81ed35a) Importer(815301076,1909f56bfc062723c751e8b465ee728b)  -> (artifact id: '5d0cf3faf8918a83a08a55a326dd379b') in 0.024260 seconds 
  Import took 0.029430 seconds .

========================================================================
Received Import Request.
  Time since last request: 0.000287 seconds.
  path: Assets/Sprites/Lobby/Pick a card/Skip_e.png
  artifactKey: Guid(6bbbe5bca18b20e45b71f1048109b4c0) Importer(815301076,1909f56bfc062723c751e8b465ee728b)
Start importing Assets/Sprites/Lobby/Pick a card/Skip_e.png using Guid(6bbbe5bca18b20e45b71f1048109b4c0) Importer(815301076,1909f56bfc062723c751e8b465ee728b)  -> (artifact id: '825a9a068a1d6e5a5b6fd3ddd0a0718b') in 0.016043 seconds 
  Import took 0.021053 seconds .

========================================================================
Received Import Request.
  Time since last request: 0.000269 seconds.
  path: Assets/Sprites/Lobby/Pick a card/220218__0000s_0002_Pick-a-card1.png
  artifactKey: Guid(44b8b5ccc0597e64aab5f671c5dfea28) Importer(815301076,1909f56bfc062723c751e8b465ee728b)
Start importing Assets/Sprites/Lobby/Pick a card/220218__0000s_0002_Pick-a-card1.png using Guid(44b8b5ccc0597e64aab5f671c5dfea28) Importer(815301076,1909f56bfc062723c751e8b465ee728b)  -> (artifact id: 'ac991657fcee640d05fd38e77a081fd8') in 0.016790 seconds 
  Import took 0.021746 seconds .

========================================================================
Received Import Request.
  Time since last request: 0.000199 seconds.
  path: Assets/Sprites/Lobby/Ingame/220217__0001s_0007_Time-gauge0.png
  artifactKey: Guid(36d8b40cb1e8eff408dba9b839bbaa45) Importer(815301076,1909f56bfc062723c751e8b465ee728b)
Start importing Assets/Sprites/Lobby/Ingame/220217__0001s_0007_Time-gauge0.png using Guid(36d8b40cb1e8eff408dba9b839bbaa45) Importer(815301076,1909f56bfc062723c751e8b465ee728b)  -> (artifact id: '5dcfb44f73530bc14ed793acc869caee') in 0.017016 seconds 
  Import took 0.022482 seconds .

========================================================================
Received Import Request.
  Time since last request: 0.000225 seconds.
  path: Assets/Sprites/Lobby/Pick a card/220221__0000s_0000_AD-.png
  artifactKey: Guid(5bed244297cb0ee45b23c9de67cad089) Importer(815301076,1909f56bfc062723c751e8b465ee728b)
Start importing Assets/Sprites/Lobby/Pick a card/220221__0000s_0000_AD-.png using Guid(5bed244297cb0ee45b23c9de67cad089) Importer(815301076,1909f56bfc062723c751e8b465ee728b)  -> (artifact id: '7b197528db5e6dd8a5a6f098b4e3f5dc') in 0.016540 seconds 
  Import took 0.021038 seconds .

========================================================================
Received Import Request.
  Time since last request: 0.000244 seconds.
  path: Assets/Sprites/Lobby/Ingame/220217__0001s_0009_chair-2.png
  artifactKey: Guid(4cb860bcf10be5941b145fcf180b6731) Importer(815301076,1909f56bfc062723c751e8b465ee728b)
Start importing Assets/Sprites/Lobby/Ingame/220217__0001s_0009_chair-2.png using Guid(4cb860bcf10be5941b145fcf180b6731) Importer(815301076,1909f56bfc062723c751e8b465ee728b)  -> (artifact id: '9b0e3ab74d7e0809cb47053e00a38c8b') in 0.016206 seconds 
  Import took 0.020987 seconds .

========================================================================
Received Import Request.
  Time since last request: 0.000230 seconds.
  path: Assets/Sprites/Lobby/Pick a card/220218__0000s_0001_Pick-a-card2.png
  artifactKey: Guid(efa98f469744ff148ba0665b94a4d00d) Importer(815301076,1909f56bfc062723c751e8b465ee728b)
Start importing Assets/Sprites/Lobby/Pick a card/220218__0000s_0001_Pick-a-card2.png using Guid(efa98f469744ff148ba0665b94a4d00d) Importer(815301076,1909f56bfc062723c751e8b465ee728b)  -> (artifact id: 'a77d18720ad450ee6f27dc08e4e17793') in 0.017582 seconds 
  Import took 0.021784 seconds .

========================================================================
Received Import Request.
  Time since last request: 0.000179 seconds.
  path: Assets/Sprites/Lobby/Ingame/220217__0001s_0006_Time-gauge100.png
  artifactKey: Guid(45995863d089eb343be869bdbf94e3b3) Importer(815301076,1909f56bfc062723c751e8b465ee728b)
Start importing Assets/Sprites/Lobby/Ingame/220217__0001s_0006_Time-gauge100.png using Guid(45995863d089eb343be869bdbf94e3b3) Importer(815301076,1909f56bfc062723c751e8b465ee728b)  -> (artifact id: '194987381942d5483492f224faf8086c') in 0.015856 seconds 
  Import took 0.021114 seconds .

========================================================================
Received Import Request.
  Time since last request: 57.857507 seconds.
  path: Assets/Anim/Start/start-Button.png
  artifactKey: Guid(069c71941b21d9d49a55837032c05401) Importer(815301076,1909f56bfc062723c751e8b465ee728b)
Start importing Assets/Anim/Start/start-Button.png using Guid(069c71941b21d9d49a55837032c05401) Importer(815301076,1909f56bfc062723c751e8b465ee728b)  -> (artifact id: '7765d86390b72bfface93776b0564fcf') in 0.026318 seconds 
  Import took 0.030906 seconds .

========================================================================
Received Import Request.
  Time since last request: 0.000248 seconds.
  path: Assets/Anim/Start/start-Button_SkeletonData.asset
  artifactKey: Guid(0999f3959225e98419da09cd18f59aaa) Importer(815301076,1909f56bfc062723c751e8b465ee728b)
Start importing Assets/Anim/Start/start-Button_SkeletonData.asset using Guid(0999f3959225e98419da09cd18f59aaa) Importer(815301076,1909f56bfc062723c751e8b465ee728b)  -> (artifact id: '64561641f6db5c2f875144e8f2bd1f0b') in 0.161087 seconds 
  Import took 0.168176 seconds .

========================================================================
Received Import Request.
  Time since last request: 0.000231 seconds.
  path: Assets/Anim/Start/start-Button_Atlas.asset
  artifactKey: Guid(6fd94ae18510d0d478a571c043bfe2ae) Importer(815301076,1909f56bfc062723c751e8b465ee728b)
Start importing Assets/Anim/Start/start-Button_Atlas.asset using Guid(6fd94ae18510d0d478a571c043bfe2ae) Importer(815301076,1909f56bfc062723c751e8b465ee728b)  -> (artifact id: 'c4711f787c93998e9f1faed6e524df05') in 0.007361 seconds 
  Import took 0.012611 seconds .

========================================================================
Received Import Request.
  Time since last request: 0.000233 seconds.
  path: Assets/Anim/Start/start-Button_Material.mat
  artifactKey: Guid(cb52cdcb03bb8a1409683a5e1a40382f) Importer(815301076,1909f56bfc062723c751e8b465ee728b)
Start importing Assets/Anim/Start/start-Button_Material.mat using Guid(cb52cdcb03bb8a1409683a5e1a40382f) Importer(815301076,1909f56bfc062723c751e8b465ee728b)  -> (artifact id: '2a5aa60c41ffda74dea97c1badb5d032') in 0.035213 seconds 
  Import took 0.040486 seconds .

