Using pre-set license
Built from '2020.3/release' branch; Version is '2020.3.27f1 (e759542391ea) revision 15161684'; Using compiler version '192528614'; Build Type 'Release'
OS: 'Windows 10  (10.0.19043) 64bit Professional' Language: 'ko' Physical Memory: 15316 MB
BatchMode: 1, IsHumanControllingUs: 0, StartBugReporterOnCrash: 0, Is64bit: 1, IsPro: 0

COMMAND LINE ARGUMENTS:
C:\Program Files\Unity\Hub\Editor\2020.3.27f1\Editor\Unity.exe
-adb2
-batchMode
-noUpm
-name
AssetImportWorker0
-projectPath
C:/Users/showmethevrgr07/Desktop/newDance/Dance_0213/Sandbox_Dance
-logFile
Logs/AssetImportWorker0.log
-srvPort
14496
Successfully changed project path to: C:/Users/showmethevrgr07/Desktop/newDance/Dance_0213/Sandbox_Dance
C:/Users/showmethevrgr07/Desktop/newDance/Dance_0213/Sandbox_Dance
Using Asset Import Pipeline V2.
Refreshing native plugins compatible for Editor in 87.47 ms, found 3 plugins.
Preloading 0 native plugins for Editor in 0.00 ms.
Initialize engine version: 2020.3.27f1 (e759542391ea)
[Subsystems] Discovering subsystems at path C:/Program Files/Unity/Hub/Editor/2020.3.27f1/Editor/Data/Resources/UnitySubsystems
[Subsystems] Discovering subsystems at path C:/Users/showmethevrgr07/Desktop/newDance/Dance_0213/Sandbox_Dance/Assets
GfxDevice: creating device client; threaded=0
Direct3D:
    Version:  Direct3D 11.0 [level 11.1]
    Renderer: NVIDIA GeForce GTX 1080 (ID=0x1b80)
    Vendor:   
    VRAM:     8079 MB
    Driver:   27.21.14.5671
Initialize mono
Mono path[0] = 'C:/Program Files/Unity/Hub/Editor/2020.3.27f1/Editor/Data/Managed'
Mono path[1] = 'C:/Program Files/Unity/Hub/Editor/2020.3.27f1/Editor/Data/MonoBleedingEdge/lib/mono/unityjit'
Mono config path = 'C:/Program Files/Unity/Hub/Editor/2020.3.27f1/Editor/Data/MonoBleedingEdge/etc'
Using monoOptions --debugger-agent=transport=dt_socket,embedding=1,server=y,suspend=n,address=127.0.0.1:56420
Begin MonoManager ReloadAssembly
Registering precompiled unity dll's ...
Register platform support module: C:/Program Files/Unity/Hub/Editor/2020.3.27f1/Editor/Data/PlaybackEngines/WindowsStandaloneSupport/UnityEditor.WindowsStandalone.Extensions.dll
Registered in 0.001915 seconds.
Native extension for WindowsStandalone target not found
Refreshing native plugins compatible for Editor in 63.13 ms, found 3 plugins.
Preloading 0 native plugins for Editor in 0.00 ms.
Mono: successfully reloaded assembly
- Completed reload, in  0.667 seconds
Domain Reload Profiling:
	ReloadAssembly (668ms)
		BeginReloadAssembly (72ms)
			ExecutionOrderSort (0ms)
			DisableScriptedObjects (0ms)
			BackupInstance (0ms)
			ReleaseScriptingObjects (0ms)
			CreateAndSetChildDomain (1ms)
		EndReloadAssembly (520ms)
			LoadAssemblies (70ms)
			RebuildTransferFunctionScriptingTraits (0ms)
			SetupTypeCache (164ms)
			ReleaseScriptCaches (0ms)
			RebuildScriptCaches (35ms)
			SetupLoadedEditorAssemblies (205ms)
				LogAssemblyErrors (0ms)
				InitializePlatformSupportModulesInManaged (5ms)
				SetLoadedEditorAssemblies (0ms)
				RefreshPlugins (63ms)
				BeforeProcessingInitializeOnLoad (18ms)
				ProcessInitializeOnLoadAttributes (88ms)
				ProcessInitializeOnLoadMethodAttributes (30ms)
				AfterProcessingInitializeOnLoad (0ms)
				EditorAssembliesLoaded (0ms)
			ExecutionOrderSort2 (0ms)
			AwakeInstancesAfterBackupRestoration (0ms)
Platform modules already initialized, skipping
Registering precompiled user dll's ...
Registered in 0.014142 seconds.
Begin MonoManager ReloadAssembly
Native extension for WindowsStandalone target not found
Refreshing native plugins compatible for Editor in 64.04 ms, found 3 plugins.
Preloading 0 native plugins for Editor in 0.00 ms.
GPGSUpgrader start
UnityEngine.StackTraceUtility:ExtractStackTrace ()
UnityEngine.DebugLogHandler:LogFormat (UnityEngine.LogType,UnityEngine.Object,string,object[])
UnityEngine.Logger:Log (UnityEngine.LogType,object)
UnityEngine.Debug:Log (object)
GooglePlayGames.Editor.GPGSUpgrader:.cctor () (at Assets/GooglePlayGames/Editor/GPGSUpgrader.cs:38)
System.Runtime.CompilerServices.RuntimeHelpers:RunClassConstructor (System.RuntimeTypeHandle)
UnityEditor.EditorAssemblies:ProcessInitializeOnLoadAttributes (System.Type[])

(Filename: Assets/GooglePlayGames/Editor/GPGSUpgrader.cs Line: 38)

GPGSUpgrader done
UnityEngine.StackTraceUtility:ExtractStackTrace ()
UnityEngine.DebugLogHandler:LogFormat (UnityEngine.LogType,UnityEngine.Object,string,object[])
UnityEngine.Logger:Log (UnityEngine.LogType,object)
UnityEngine.Debug:Log (object)
GooglePlayGames.Editor.GPGSUpgrader:.cctor () (at Assets/GooglePlayGames/Editor/GPGSUpgrader.cs:57)
System.Runtime.CompilerServices.RuntimeHelpers:RunClassConstructor (System.RuntimeTypeHandle)
UnityEditor.EditorAssemblies:ProcessInitializeOnLoadAttributes (System.Type[])

(Filename: Assets/GooglePlayGames/Editor/GPGSUpgrader.cs Line: 57)

Mono: successfully reloaded assembly
- Completed reload, in  1.520 seconds
Domain Reload Profiling:
	ReloadAssembly (1521ms)
		BeginReloadAssembly (169ms)
			ExecutionOrderSort (0ms)
			DisableScriptedObjects (5ms)
			BackupInstance (0ms)
			ReleaseScriptingObjects (0ms)
			CreateAndSetChildDomain (24ms)
		EndReloadAssembly (1283ms)
			LoadAssemblies (120ms)
			RebuildTransferFunctionScriptingTraits (0ms)
			SetupTypeCache (371ms)
			ReleaseScriptCaches (0ms)
			RebuildScriptCaches (66ms)
			SetupLoadedEditorAssemblies (513ms)
				LogAssemblyErrors (0ms)
				InitializePlatformSupportModulesInManaged (4ms)
				SetLoadedEditorAssemblies (0ms)
				RefreshPlugins (64ms)
				BeforeProcessingInitializeOnLoad (118ms)
				ProcessInitializeOnLoadAttributes (246ms)
				ProcessInitializeOnLoadMethodAttributes (75ms)
				AfterProcessingInitializeOnLoad (6ms)
				EditorAssembliesLoaded (0ms)
			ExecutionOrderSort2 (0ms)
			AwakeInstancesAfterBackupRestoration (8ms)
Platform modules already initialized, skipping
========================================================================
Worker process is ready to serve import requests
Launched and connected shader compiler UnityShaderCompiler.exe after 0.08 seconds
Refreshing native plugins compatible for Editor in 1.21 ms, found 3 plugins.
Preloading 0 native plugins for Editor in 0.00 ms.
Unloading 2895 Unused Serialized files (Serialized files now loaded: 0)
System memory in use before: 126.7 MB.
System memory in use after: 125.6 MB.

Unloading 124 unused Assets to reduce memory usage. Loaded Objects now: 3282.
Total: 9.647300 ms (FindLiveObjects: 0.328500 ms CreateObjectMapping: 0.134700 ms MarkObjects: 8.082100 ms  DeleteObjects: 1.100700 ms)

AssetImportParameters requested are different than current active one (requested -> active):
  custom:framework-win-MediaFoundation: 216162199b28c13a410421893ffa2e32 -> 
  custom:video-decoder-ogg-theora: a1e56fd34408186e4bbccfd4996cb3dc -> 
  custom:container-muxer-webm: aa71ff27fc2769a1b78a27578f13a17b -> 
  custom:container-demuxer-webm: 4f35f7cbe854078d1ac9338744f61a02 -> 
  custom:container-demuxer-ogg: 62fdf1f143b41e24485cea50d1cbac27 -> 
  custom:video-encoder-webm-vp8: eb34c28f22e8b96e1ab97ce403110664 -> 
  custom:video-decoder-webm-vp8: 9c59270c3fd7afecdb556c50c9e8de78 -> 
  custom:audio-decoder-ogg-vorbis: bf7c407c2cedff20999df2af8eb42d56 -> 
  custom:audio-encoder-webm-vorbis: bf7c407c2cedff20999df2af8eb42d56 -> 
========================================================================
Received Import Request.
  path: Assets/Sprites/Lobby/login/icon_512.png
  artifactKey: Guid(1e846e67dce3ce04bb7eafb8d477cd1d) Importer(815301076,1909f56bfc062723c751e8b465ee728b)
Start importing Assets/Sprites/Lobby/login/icon_512.png using Guid(1e846e67dce3ce04bb7eafb8d477cd1d) Importer(815301076,1909f56bfc062723c751e8b465ee728b)  -> (artifact id: '4970c315588bc4a3f6ba0f0549daca82') in 0.125469 seconds 
  Import took 0.131115 seconds .

========================================================================
Received Prepare
Refreshing native plugins compatible for Editor in 21.47 ms, found 3 plugins.
Preloading 0 native plugins for Editor in 0.00 ms.
Unloading 111 Unused Serialized files (Serialized files now loaded: 0)
System memory in use before: 71.9 MB.
System memory in use after: 70.9 MB.

Unloading 111 unused Assets to reduce memory usage. Loaded Objects now: 3288.
Total: 8.341100 ms (FindLiveObjects: 0.211900 ms CreateObjectMapping: 0.103600 ms MarkObjects: 6.723300 ms  DeleteObjects: 1.301300 ms)

AssetImportParameters requested are different than current active one (requested -> active):
  custom:framework-win-MediaFoundation: 216162199b28c13a410421893ffa2e32 -> 
  custom:video-decoder-ogg-theora: a1e56fd34408186e4bbccfd4996cb3dc -> 
  custom:container-muxer-webm: aa71ff27fc2769a1b78a27578f13a17b -> 
  custom:container-demuxer-webm: 4f35f7cbe854078d1ac9338744f61a02 -> 
  custom:container-demuxer-ogg: 62fdf1f143b41e24485cea50d1cbac27 -> 
  custom:video-encoder-webm-vp8: eb34c28f22e8b96e1ab97ce403110664 -> 
  custom:video-decoder-webm-vp8: 9c59270c3fd7afecdb556c50c9e8de78 -> 
  custom:audio-decoder-ogg-vorbis: bf7c407c2cedff20999df2af8eb42d56 -> 
  custom:audio-encoder-webm-vorbis: bf7c407c2cedff20999df2af8eb42d56 -> 
========================================================================
Received Prepare
Refreshing native plugins compatible for Editor in 21.93 ms, found 3 plugins.
Preloading 0 native plugins for Editor in 0.00 ms.
Unloading 111 Unused Serialized files (Serialized files now loaded: 0)
System memory in use before: 72.0 MB.
System memory in use after: 70.9 MB.

Unloading 111 unused Assets to reduce memory usage. Loaded Objects now: 3288.
Total: 7.900200 ms (FindLiveObjects: 0.216500 ms CreateObjectMapping: 0.109400 ms MarkObjects: 6.767500 ms  DeleteObjects: 0.806000 ms)

AssetImportParameters requested are different than current active one (requested -> active):
  custom:framework-win-MediaFoundation: 216162199b28c13a410421893ffa2e32 -> 
  custom:video-decoder-ogg-theora: a1e56fd34408186e4bbccfd4996cb3dc -> 
  custom:container-muxer-webm: aa71ff27fc2769a1b78a27578f13a17b -> 
  custom:container-demuxer-webm: 4f35f7cbe854078d1ac9338744f61a02 -> 
  custom:container-demuxer-ogg: 62fdf1f143b41e24485cea50d1cbac27 -> 
  custom:video-encoder-webm-vp8: eb34c28f22e8b96e1ab97ce403110664 -> 
  custom:video-decoder-webm-vp8: 9c59270c3fd7afecdb556c50c9e8de78 -> 
  custom:audio-decoder-ogg-vorbis: bf7c407c2cedff20999df2af8eb42d56 -> 
  custom:audio-encoder-webm-vorbis: bf7c407c2cedff20999df2af8eb42d56 -> 
========================================================================
Received Import Request.
  Time since last request: 359.178521 seconds.
  path: Assets/Sprites/Lobby/ranking/220216__0001s_0001_Ranking-1.png
  artifactKey: Guid(c06dc2e0c4e43fe47a7b885a1fe20573) Importer(815301076,1909f56bfc062723c751e8b465ee728b)
Start importing Assets/Sprites/Lobby/ranking/220216__0001s_0001_Ranking-1.png using Guid(c06dc2e0c4e43fe47a7b885a1fe20573) Importer(815301076,1909f56bfc062723c751e8b465ee728b)  -> (artifact id: '84e38960ac9771a17d64e1f993bbf030') in 0.023933 seconds 
  Import took 0.030097 seconds .

========================================================================
Received Import Request.
  Time since last request: 0.000210 seconds.
  path: Assets/Sprites/Lobby/ranking/220216__0001s_0002_Ranking-popup.png
  artifactKey: Guid(99fbabbd160fc6e45b7935c38dad6730) Importer(815301076,1909f56bfc062723c751e8b465ee728b)
Start importing Assets/Sprites/Lobby/ranking/220216__0001s_0002_Ranking-popup.png using Guid(99fbabbd160fc6e45b7935c38dad6730) Importer(815301076,1909f56bfc062723c751e8b465ee728b)  -> (artifact id: '5a8a9dc8ad9993c03be556cef0b9c957') in 0.040489 seconds 
  Import took 0.045586 seconds .

========================================================================
Received Import Request.
  Time since last request: 0.738874 seconds.
  path: Assets/Sprites/Lobby/shop/220216__0003s_0003_shop-X.png
  artifactKey: Guid(7875bd31742632746be589ecb1e6dc20) Importer(815301076,1909f56bfc062723c751e8b465ee728b)
Start importing Assets/Sprites/Lobby/shop/220216__0003s_0003_shop-X.png using Guid(7875bd31742632746be589ecb1e6dc20) Importer(815301076,1909f56bfc062723c751e8b465ee728b)  -> (artifact id: 'e0ef9e3b95ebf0854e19febab89cf573') in 0.019142 seconds 
  Import took 0.023664 seconds .

========================================================================
Received Import Request.
  Time since last request: 0.000269 seconds.
  path: Assets/Sprites/Lobby/shop/Diamonds3.png
  artifactKey: Guid(8fbb24ea0be339a40b7d40715b29d463) Importer(815301076,1909f56bfc062723c751e8b465ee728b)
Start importing Assets/Sprites/Lobby/shop/Diamonds3.png using Guid(8fbb24ea0be339a40b7d40715b29d463) Importer(815301076,1909f56bfc062723c751e8b465ee728b)  -> (artifact id: 'f6b279252575d52b019625f02b0e95ee') in 0.022521 seconds 
  Import took 0.027491 seconds .

========================================================================
Received Import Request.
  Time since last request: 0.000278 seconds.
  path: Assets/Sprites/Lobby/shop/220216__0003s_0007_prize-button3.png
  artifactKey: Guid(56449820ba0702248b3a970dac2e4843) Importer(815301076,1909f56bfc062723c751e8b465ee728b)
Start importing Assets/Sprites/Lobby/shop/220216__0003s_0007_prize-button3.png using Guid(56449820ba0702248b3a970dac2e4843) Importer(815301076,1909f56bfc062723c751e8b465ee728b)  -> (artifact id: '234e28b4daaa858d609f0c7f10c7e5b3') in 0.019387 seconds 
  Import took 0.025682 seconds .

========================================================================
Received Import Request.
  Time since last request: 0.000237 seconds.
  path: Assets/Sprites/Lobby/shop/220216__0003s_0009_product.png
  artifactKey: Guid(5b17decd7b035c649a700fc72bef1408) Importer(815301076,1909f56bfc062723c751e8b465ee728b)
Start importing Assets/Sprites/Lobby/shop/220216__0003s_0009_product.png using Guid(5b17decd7b035c649a700fc72bef1408) Importer(815301076,1909f56bfc062723c751e8b465ee728b)  -> (artifact id: '2893ea3bf320da52c2de2aebdd4d00cd') in 0.017756 seconds 
  Import took 0.024388 seconds .

========================================================================
Received Import Request.
  Time since last request: 0.000208 seconds.
  path: Assets/Sprites/Lobby/shop/Purchase-popup2.png
  artifactKey: Guid(cb40a7b301184c643a8e9f5da4c7c68d) Importer(815301076,1909f56bfc062723c751e8b465ee728b)
Start importing Assets/Sprites/Lobby/shop/Purchase-popup2.png using Guid(cb40a7b301184c643a8e9f5da4c7c68d) Importer(815301076,1909f56bfc062723c751e8b465ee728b)  -> (artifact id: '88f7657e99de36b97ca89febb74e096c') in 0.049226 seconds 
  Import took 0.053886 seconds .

========================================================================
Received Import Request.
  Time since last request: 0.000197 seconds.
  path: Assets/Sprites/Lobby/shop/220216__0003s_0010_Shop-popup.png
  artifactKey: Guid(14c31cebdb0729248b98a0fc18885fc5) Importer(815301076,1909f56bfc062723c751e8b465ee728b)
Start importing Assets/Sprites/Lobby/shop/220216__0003s_0010_Shop-popup.png using Guid(14c31cebdb0729248b98a0fc18885fc5) Importer(815301076,1909f56bfc062723c751e8b465ee728b)  -> (artifact id: '1021697f9731951403ed9456873da60e') in 0.023968 seconds 
  Import took 0.028861 seconds .

========================================================================
Received Import Request.
  Time since last request: 0.000262 seconds.
  path: Assets/Sprites/Lobby/shop/220216__0003s_0004_More.png
  artifactKey: Guid(88fd4d4fa318e434f901d5ebe99213b9) Importer(815301076,1909f56bfc062723c751e8b465ee728b)
Start importing Assets/Sprites/Lobby/shop/220216__0003s_0004_More.png using Guid(88fd4d4fa318e434f901d5ebe99213b9) Importer(815301076,1909f56bfc062723c751e8b465ee728b)  -> (artifact id: '6b5f4c3fe48e2829561b6f1aa953bc45') in 0.021589 seconds 
  Import took 0.026782 seconds .

========================================================================
Received Import Request.
  Time since last request: 0.000280 seconds.
  path: Assets/Sprites/Lobby/shop/Diamonds1.png
  artifactKey: Guid(9c8b11403fb8c5741a59ee9488865105) Importer(815301076,1909f56bfc062723c751e8b465ee728b)
Start importing Assets/Sprites/Lobby/shop/Diamonds1.png using Guid(9c8b11403fb8c5741a59ee9488865105) Importer(815301076,1909f56bfc062723c751e8b465ee728b)  -> (artifact id: '0eb45197a4b120013fda0cffc088829c') in 0.020037 seconds 
  Import took 0.025694 seconds .

========================================================================
Received Import Request.
  Time since last request: 0.000191 seconds.
  path: Assets/Sprites/Lobby/shop/220216__0003s_0008_prize-button.png
  artifactKey: Guid(0f82f74383ec4a043aea9b088b49fb0d) Importer(815301076,1909f56bfc062723c751e8b465ee728b)
Start importing Assets/Sprites/Lobby/shop/220216__0003s_0008_prize-button.png using Guid(0f82f74383ec4a043aea9b088b49fb0d) Importer(815301076,1909f56bfc062723c751e8b465ee728b)  -> (artifact id: '3030713f54b532edb620e0d68a258a30') in 0.017959 seconds 
  Import took 0.023668 seconds .

========================================================================
Received Import Request.
  Time since last request: 0.000235 seconds.
  path: Assets/Sprites/Lobby/shop/220216__0003s_0005_Package-1.png
  artifactKey: Guid(72b6636bb81ec5c44a6ec764200a6709) Importer(815301076,1909f56bfc062723c751e8b465ee728b)
Start importing Assets/Sprites/Lobby/shop/220216__0003s_0005_Package-1.png using Guid(72b6636bb81ec5c44a6ec764200a6709) Importer(815301076,1909f56bfc062723c751e8b465ee728b)  -> (artifact id: '36c035f3dcda6e562fc2253c4e60f94b') in 0.018169 seconds 
  Import took 0.023937 seconds .

========================================================================
Received Import Request.
  Time since last request: 0.000236 seconds.
  path: Assets/Sprites/Lobby/shop/220216__0003s_0006_Package-2.png
  artifactKey: Guid(089163299c5a0044abf7e1dece681fa5) Importer(815301076,1909f56bfc062723c751e8b465ee728b)
Start importing Assets/Sprites/Lobby/shop/220216__0003s_0006_Package-2.png using Guid(089163299c5a0044abf7e1dece681fa5) Importer(815301076,1909f56bfc062723c751e8b465ee728b)  -> (artifact id: 'f3efe33e31f0e48945ab9cb108d093e2') in 0.018598 seconds 
  Import took 0.024156 seconds .

========================================================================
Received Import Request.
  Time since last request: 0.000259 seconds.
  path: Assets/Sprites/Lobby/shop/220216__0003s_0007_prize-button2.png
  artifactKey: Guid(bca4fff2512939b4e9ac17769d67bd98) Importer(815301076,1909f56bfc062723c751e8b465ee728b)
Start importing Assets/Sprites/Lobby/shop/220216__0003s_0007_prize-button2.png using Guid(bca4fff2512939b4e9ac17769d67bd98) Importer(815301076,1909f56bfc062723c751e8b465ee728b)  -> (artifact id: '2695531af71179b83f8e7addea83f68a') in 0.017747 seconds 
  Import took 0.023765 seconds .

========================================================================
Received Import Request.
  Time since last request: 0.000176 seconds.
  path: Assets/Sprites/Lobby/shop/Diamonds2.png
  artifactKey: Guid(e1e805689d9846d45bd04031c8c4ce4d) Importer(815301076,1909f56bfc062723c751e8b465ee728b)
Start importing Assets/Sprites/Lobby/shop/Diamonds2.png using Guid(e1e805689d9846d45bd04031c8c4ce4d) Importer(815301076,1909f56bfc062723c751e8b465ee728b)  -> (artifact id: '377fecdee26d63e5dd8f137a3db3f9d5') in 0.016965 seconds 
  Import took 0.023154 seconds .

========================================================================
Received Import Request.
  Time since last request: 0.000340 seconds.
  path: Assets/Sprites/Lobby/shop/coin.png
  artifactKey: Guid(35e1b29a712f10c498b904027792081d) Importer(815301076,1909f56bfc062723c751e8b465ee728b)
Start importing Assets/Sprites/Lobby/shop/coin.png using Guid(35e1b29a712f10c498b904027792081d) Importer(815301076,1909f56bfc062723c751e8b465ee728b)  -> (artifact id: '7aaff466ef431f96fff52cbe19b8d664') in 0.022138 seconds 
  Import took 0.026829 seconds .

========================================================================
Received Import Request.
  Time since last request: 1.654108 seconds.
  path: Assets/Sprites/Lobby/coin/Coin_50.png
  artifactKey: Guid(7b580f14072ff644f915acc21c1166ea) Importer(815301076,1909f56bfc062723c751e8b465ee728b)
Start importing Assets/Sprites/Lobby/coin/Coin_50.png using Guid(7b580f14072ff644f915acc21c1166ea) Importer(815301076,1909f56bfc062723c751e8b465ee728b)  -> (artifact id: 'bf5cc4933f7c0e35bbf8576aeb2fe4dd') in 0.019417 seconds 
  Import took 0.024263 seconds .

========================================================================
Received Import Request.
  Time since last request: 0.000371 seconds.
  path: Assets/Sprites/Lobby/coin/Daia_50.png
  artifactKey: Guid(eb30192f0976abf47a90eb3a08046076) Importer(815301076,1909f56bfc062723c751e8b465ee728b)
Start importing Assets/Sprites/Lobby/coin/Daia_50.png using Guid(eb30192f0976abf47a90eb3a08046076) Importer(815301076,1909f56bfc062723c751e8b465ee728b)  -> (artifact id: 'fb49457713b46e42ed1f76b06eade297') in 0.017125 seconds 
  Import took 0.022146 seconds .

========================================================================
Received Import Request.
  Time since last request: 0.000347 seconds.
  path: Assets/Sprites/Lobby/coin/Coin_269.png
  artifactKey: Guid(19797185739a6a24faaeb67e7c282540) Importer(815301076,1909f56bfc062723c751e8b465ee728b)
Start importing Assets/Sprites/Lobby/coin/Coin_269.png using Guid(19797185739a6a24faaeb67e7c282540) Importer(815301076,1909f56bfc062723c751e8b465ee728b)  -> (artifact id: '3b8d37218a18a57154dcbf6f2e27a4cc') in 0.021295 seconds 
  Import took 0.027908 seconds .

========================================================================
Received Import Request.
  Time since last request: 0.000244 seconds.
  path: Assets/Sprites/Lobby/coin/Daia_75.png
  artifactKey: Guid(966ab85baa400734f9624115c366ed99) Importer(815301076,1909f56bfc062723c751e8b465ee728b)
Start importing Assets/Sprites/Lobby/coin/Daia_75.png using Guid(966ab85baa400734f9624115c366ed99) Importer(815301076,1909f56bfc062723c751e8b465ee728b)  -> (artifact id: 'e3a03b758e061aa19e3b0a50b81eadca') in 0.017817 seconds 
  Import took 0.022516 seconds .

========================================================================
Received Import Request.
  Time since last request: 0.000163 seconds.
  path: Assets/Sprites/Lobby/coin/Daia_150.png
  artifactKey: Guid(9ab5ffe695fb90c4fb543d243e10505f) Importer(815301076,1909f56bfc062723c751e8b465ee728b)
Start importing Assets/Sprites/Lobby/coin/Daia_150.png using Guid(9ab5ffe695fb90c4fb543d243e10505f) Importer(815301076,1909f56bfc062723c751e8b465ee728b)  -> (artifact id: 'dd6cee23c792d5e6ae23b8c9b3146aba') in 0.019153 seconds 
  Import took 0.024325 seconds .

========================================================================
Received Import Request.
  Time since last request: 0.000273 seconds.
  path: Assets/Sprites/Lobby/coin/Coin_75.png
  artifactKey: Guid(5a63096e717be4c45a08ca98d23af4b8) Importer(815301076,1909f56bfc062723c751e8b465ee728b)
Start importing Assets/Sprites/Lobby/coin/Coin_75.png using Guid(5a63096e717be4c45a08ca98d23af4b8) Importer(815301076,1909f56bfc062723c751e8b465ee728b)  -> (artifact id: 'a43dcebb2f3253d3a4bb0bc0a2cb68c4') in 0.015079 seconds 
  Import took 0.019420 seconds .

========================================================================
Received Import Request.
  Time since last request: 0.000197 seconds.
  path: Assets/Sprites/Lobby/coin/Daia_269.png
  artifactKey: Guid(f7c2f72d4d60fd745b9a4a7df11f0462) Importer(815301076,1909f56bfc062723c751e8b465ee728b)
Start importing Assets/Sprites/Lobby/coin/Daia_269.png using Guid(f7c2f72d4d60fd745b9a4a7df11f0462) Importer(815301076,1909f56bfc062723c751e8b465ee728b)  -> (artifact id: '8f0183a41385e27d1b2481713102f133') in 0.018734 seconds 
  Import took 0.023918 seconds .

========================================================================
Received Import Request.
  Time since last request: 0.000164 seconds.
  path: Assets/Sprites/Lobby/coin/Coin_150.png
  artifactKey: Guid(80493fbcddb24f54ca9c0e1b5baaeff9) Importer(815301076,1909f56bfc062723c751e8b465ee728b)
Start importing Assets/Sprites/Lobby/coin/Coin_150.png using Guid(80493fbcddb24f54ca9c0e1b5baaeff9) Importer(815301076,1909f56bfc062723c751e8b465ee728b)  -> (artifact id: '64cb68d44ad31c6adce649d601eed200') in 0.018795 seconds 
  Import took 0.024382 seconds .

========================================================================
Received Import Request.
  Time since last request: 0.000163 seconds.
  path: Assets/Sprites/Lobby/Ingame/220217__0001s_0005_Clock.png
  artifactKey: Guid(551e39a594e490843a95b45d197413e5) Importer(815301076,1909f56bfc062723c751e8b465ee728b)
Start importing Assets/Sprites/Lobby/Ingame/220217__0001s_0005_Clock.png using Guid(551e39a594e490843a95b45d197413e5) Importer(815301076,1909f56bfc062723c751e8b465ee728b)  -> (artifact id: '29f73a91d0f7819aabed1d2a5d6efdc4') in 0.016265 seconds 
  Import took 0.021464 seconds .

========================================================================
Received Import Request.
  Time since last request: 0.000159 seconds.
  path: Assets/Sprites/Lobby/Ingame/220217__0001s_0002_Score.png
  artifactKey: Guid(4e55201809989d2478d389840043b52d) Importer(815301076,1909f56bfc062723c751e8b465ee728b)
Start importing Assets/Sprites/Lobby/Ingame/220217__0001s_0002_Score.png using Guid(4e55201809989d2478d389840043b52d) Importer(815301076,1909f56bfc062723c751e8b465ee728b)  -> (artifact id: '88c80899f0bea0bd2608528e3eedc5c4') in 0.017825 seconds 
  Import took 0.023188 seconds .

========================================================================
Received Import Request.
  Time since last request: 0.000183 seconds.
  path: Assets/Sprites/Lobby/Ingame/220217__0001s_0012_blackboard.png
  artifactKey: Guid(5e88b4602b9efbb4792f8af557d516e5) Importer(815301076,1909f56bfc062723c751e8b465ee728b)
Start importing Assets/Sprites/Lobby/Ingame/220217__0001s_0012_blackboard.png using Guid(5e88b4602b9efbb4792f8af557d516e5) Importer(815301076,1909f56bfc062723c751e8b465ee728b)  -> (artifact id: '651342143b31a8c60dd12507a14cb81e') in 0.017808 seconds 
  Import took 0.023862 seconds .

========================================================================
Received Import Request.
  Time since last request: 0.000165 seconds.
  path: Assets/Sprites/Lobby/Ingame/220217__0001s_0000_pause.png
  artifactKey: Guid(195f2b3641e719141a4a0d3ccc389ce4) Importer(815301076,1909f56bfc062723c751e8b465ee728b)
Start importing Assets/Sprites/Lobby/Ingame/220217__0001s_0000_pause.png using Guid(195f2b3641e719141a4a0d3ccc389ce4) Importer(815301076,1909f56bfc062723c751e8b465ee728b)  -> (artifact id: 'cb8ec150c30dba0c2b095f60523482d0') in 0.016990 seconds 
  Import took 0.022465 seconds .

========================================================================
Received Import Request.
  Time since last request: 0.000179 seconds.
  path: Assets/Sprites/Lobby/Ingame/220217__0001s_0004_Move-gauge0.png
  artifactKey: Guid(037115f618d17b945bbe78b297c376bb) Importer(815301076,1909f56bfc062723c751e8b465ee728b)
Start importing Assets/Sprites/Lobby/Ingame/220217__0001s_0004_Move-gauge0.png using Guid(037115f618d17b945bbe78b297c376bb) Importer(815301076,1909f56bfc062723c751e8b465ee728b)  -> (artifact id: '7025aa1a71356936121b1305bbce5736') in 0.014788 seconds 
  Import took 0.021252 seconds .

========================================================================
Received Import Request.
  Time since last request: 0.000178 seconds.
  path: Assets/Sprites/Lobby/Ingame/220217__0001s_0008_chair-1.png
  artifactKey: Guid(5aeae88e3b4bd8a40b8f8f2ddbf5d730) Importer(815301076,1909f56bfc062723c751e8b465ee728b)
Start importing Assets/Sprites/Lobby/Ingame/220217__0001s_0008_chair-1.png using Guid(5aeae88e3b4bd8a40b8f8f2ddbf5d730) Importer(815301076,1909f56bfc062723c751e8b465ee728b)  -> (artifact id: '9dd19c5374e266cbb1db1f22a2ece26c') in 0.019870 seconds 
  Import took 0.025759 seconds .

========================================================================
Received Import Request.
  Time since last request: 0.000149 seconds.
  path: Assets/Sprites/Lobby/Ingame/220217__0001s_0006_Time-gauge100_3.png
  artifactKey: Guid(c1e1164d6477e4c4cb3ff4d30951591b) Importer(815301076,1909f56bfc062723c751e8b465ee728b)
Start importing Assets/Sprites/Lobby/Ingame/220217__0001s_0006_Time-gauge100_3.png using Guid(c1e1164d6477e4c4cb3ff4d30951591b) Importer(815301076,1909f56bfc062723c751e8b465ee728b)  -> (artifact id: '28181ad2df4a52fcc43133deb3e7af67') in 0.015872 seconds 
  Import took 0.020727 seconds .

========================================================================
Received Import Request.
  Time since last request: 0.000168 seconds.
  path: Assets/Sprites/Lobby/Ingame/220217__0001s_0010_Desk.png
  artifactKey: Guid(d1c7e559ff5f536498bc881ddec422d8) Importer(815301076,1909f56bfc062723c751e8b465ee728b)
Start importing Assets/Sprites/Lobby/Ingame/220217__0001s_0010_Desk.png using Guid(d1c7e559ff5f536498bc881ddec422d8) Importer(815301076,1909f56bfc062723c751e8b465ee728b)  -> (artifact id: 'a07a5e2f497ae01a4e0b55cb1cef9ba6') in 0.018622 seconds 
  Import took 0.023269 seconds .

========================================================================
Received Import Request.
  Time since last request: 0.000163 seconds.
  path: Assets/Sprites/Lobby/Ingame/220217__0001s_0013_BG.png
  artifactKey: Guid(b6723f1c8454f76459666bbd9493d9c6) Importer(815301076,1909f56bfc062723c751e8b465ee728b)
Start importing Assets/Sprites/Lobby/Ingame/220217__0001s_0013_BG.png using Guid(b6723f1c8454f76459666bbd9493d9c6) Importer(815301076,1909f56bfc062723c751e8b465ee728b)  -> (artifact id: 'd2a76018db6746521cd6abdb2a935200') in 0.063570 seconds 
  Import took 0.068747 seconds .

========================================================================
Received Import Request.
  Time since last request: 0.000253 seconds.
  path: Assets/Sprites/Lobby/item/220216__0000s_0002_Item-button.png
  artifactKey: Guid(1543c750929a37d45a46625cd6570126) Importer(815301076,1909f56bfc062723c751e8b465ee728b)
Start importing Assets/Sprites/Lobby/item/220216__0000s_0002_Item-button.png using Guid(1543c750929a37d45a46625cd6570126) Importer(815301076,1909f56bfc062723c751e8b465ee728b)  -> (artifact id: '984fa6413a56caf8fd59091272f402f2') in 0.026184 seconds 
  Import took 0.030999 seconds .

========================================================================
Received Import Request.
  Time since last request: 0.000221 seconds.
  path: Assets/Sprites/Lobby/item/220216__0000s_0004_Item-name.png
  artifactKey: Guid(1babf710a911dcf4485582dfd1f30ac4) Importer(815301076,1909f56bfc062723c751e8b465ee728b)
Start importing Assets/Sprites/Lobby/item/220216__0000s_0004_Item-name.png using Guid(1babf710a911dcf4485582dfd1f30ac4) Importer(815301076,1909f56bfc062723c751e8b465ee728b)  -> (artifact id: '4dfcfe81e80d3790ae919441ce889e23') in 0.017555 seconds 
  Import took 0.022542 seconds .

========================================================================
Received Import Request.
  Time since last request: 0.000194 seconds.
  path: Assets/Sprites/Lobby/item/220216__0000s_0005_Extension-of-time.png
  artifactKey: Guid(03004340e21f0fe47b0ed2b157bc75c5) Importer(815301076,1909f56bfc062723c751e8b465ee728b)
Start importing Assets/Sprites/Lobby/item/220216__0000s_0005_Extension-of-time.png using Guid(03004340e21f0fe47b0ed2b157bc75c5) Importer(815301076,1909f56bfc062723c751e8b465ee728b)  -> (artifact id: '6c0f9c8e184af0475ea84f952bed3669') in 0.017386 seconds 
  Import took 0.022868 seconds .

========================================================================
Received Import Request.
  Time since last request: 0.000186 seconds.
  path: Assets/Sprites/Lobby/item/220216__0003s_0002_Goods.png
  artifactKey: Guid(a8c4b7c0288b0a74c9060f5de1429008) Importer(815301076,1909f56bfc062723c751e8b465ee728b)
Start importing Assets/Sprites/Lobby/item/220216__0003s_0002_Goods.png using Guid(a8c4b7c0288b0a74c9060f5de1429008) Importer(815301076,1909f56bfc062723c751e8b465ee728b)  -> (artifact id: 'c0645ffae0fc490bcc57bbc5960452bf') in 0.017858 seconds 
  Import took 0.024105 seconds .

========================================================================
Received Import Request.
  Time since last request: 0.000217 seconds.
  path: Assets/Sprites/Lobby/item/+.png
  artifactKey: Guid(27d7c7ed1aa3aaa4b9f783cd807ddacd) Importer(815301076,1909f56bfc062723c751e8b465ee728b)
Start importing Assets/Sprites/Lobby/item/+.png using Guid(27d7c7ed1aa3aaa4b9f783cd807ddacd) Importer(815301076,1909f56bfc062723c751e8b465ee728b)  -> (artifact id: '5b41c9238a78490b7caf1bf3c84c247a') in 0.015985 seconds 
  Import took 0.020793 seconds .

========================================================================
Received Import Request.
  Time since last request: 0.000304 seconds.
  path: Assets/Sprites/Lobby/Ingame/220217__0001s_0011_Teacher-shadow.png
  artifactKey: Guid(333e7009ae4c3e945990f8ed86ff0402) Importer(815301076,1909f56bfc062723c751e8b465ee728b)
Start importing Assets/Sprites/Lobby/Ingame/220217__0001s_0011_Teacher-shadow.png using Guid(333e7009ae4c3e945990f8ed86ff0402) Importer(815301076,1909f56bfc062723c751e8b465ee728b)  -> (artifact id: '3ae10185ff333ab6ccb75f7185c4eb7d') in 0.017049 seconds 
  Import took 0.021886 seconds .

========================================================================
Received Import Request.
  Time since last request: 0.000198 seconds.
  path: Assets/Sprites/Lobby/Ingame/220218__0001_ITEM.png
  artifactKey: Guid(44ab0a05d3e6419409b2a03bc5089474) Importer(815301076,1909f56bfc062723c751e8b465ee728b)
Start importing Assets/Sprites/Lobby/Ingame/220218__0001_ITEM.png using Guid(44ab0a05d3e6419409b2a03bc5089474) Importer(815301076,1909f56bfc062723c751e8b465ee728b)  -> (artifact id: '070a8916baea355c7f71f3c01124b610') in 0.018877 seconds 
  Import took 0.024488 seconds .

========================================================================
Received Import Request.
  Time since last request: 0.000160 seconds.
  path: Assets/Sprites/Lobby/login/220217__0000s_0007__0.png
  artifactKey: Guid(098c48eb005b99e46be3d0ccf152a8df) Importer(815301076,1909f56bfc062723c751e8b465ee728b)
Start importing Assets/Sprites/Lobby/login/220217__0000s_0007__0.png using Guid(098c48eb005b99e46be3d0ccf152a8df) Importer(815301076,1909f56bfc062723c751e8b465ee728b)  -> (artifact id: 'f7ee898054c742e4ebe6f89213aa134b') in 0.019452 seconds 
  Import took 0.024743 seconds .

========================================================================
Received Import Request.
  Time since last request: 0.000166 seconds.
  path: Assets/Sprites/Lobby/login/google.png
  artifactKey: Guid(517b10755bc80f74eb2973f1f24dca09) Importer(815301076,1909f56bfc062723c751e8b465ee728b)
Start importing Assets/Sprites/Lobby/login/google.png using Guid(517b10755bc80f74eb2973f1f24dca09) Importer(815301076,1909f56bfc062723c751e8b465ee728b)  -> (artifact id: 'ad1aa9ac453284032309e9d216229712') in 0.018267 seconds 
  Import took 0.022937 seconds .

========================================================================
Received Import Request.
  Time since last request: 0.000161 seconds.
  path: Assets/Sprites/Lobby/login/220218__0000s_0002_login-popup.png
  artifactKey: Guid(8422c7709f8bd6a429a16ba3409a159a) Importer(815301076,1909f56bfc062723c751e8b465ee728b)
Start importing Assets/Sprites/Lobby/login/220218__0000s_0002_login-popup.png using Guid(8422c7709f8bd6a429a16ba3409a159a) Importer(815301076,1909f56bfc062723c751e8b465ee728b)  -> (artifact id: '1f2f3598816f4a2fcce7a33c6d39b9b8') in 0.016536 seconds 
  Import took 0.022124 seconds .

========================================================================
Received Import Request.
  Time since last request: 0.000171 seconds.
  path: Assets/Sprites/Lobby/login/220218__0000s_0000_re-Button.png
  artifactKey: Guid(ad9e1c6a6831a754ba763aa1da208b99) Importer(815301076,1909f56bfc062723c751e8b465ee728b)
Start importing Assets/Sprites/Lobby/login/220218__0000s_0000_re-Button.png using Guid(ad9e1c6a6831a754ba763aa1da208b99) Importer(815301076,1909f56bfc062723c751e8b465ee728b)  -> (artifact id: 'c385a6a62b50b46a4b4cd00572fb77a8') in 0.015982 seconds 
  Import took 0.020403 seconds .

========================================================================
Received Import Request.
  Time since last request: 0.000181 seconds.
  path: Assets/Sprites/Lobby/login/guest.png
  artifactKey: Guid(ee8882bf09fd81144b1ae1c9d08e85a6) Importer(815301076,1909f56bfc062723c751e8b465ee728b)
Start importing Assets/Sprites/Lobby/login/guest.png using Guid(ee8882bf09fd81144b1ae1c9d08e85a6) Importer(815301076,1909f56bfc062723c751e8b465ee728b)  -> (artifact id: '37ab0d764e2e4618367dea495d457b00') in 0.018104 seconds 
  Import took 0.023120 seconds .

========================================================================
Received Import Request.
  Time since last request: 0.000197 seconds.
  path: Assets/Sprites/Lobby/login/apple.png
  artifactKey: Guid(75d4e5f114db2954495363ce7068155c) Importer(815301076,1909f56bfc062723c751e8b465ee728b)
Start importing Assets/Sprites/Lobby/login/apple.png using Guid(75d4e5f114db2954495363ce7068155c) Importer(815301076,1909f56bfc062723c751e8b465ee728b)  -> (artifact id: '53e23999fd31f775178520fbba9b1e1e') in 0.015596 seconds 
  Import took 0.020479 seconds .

========================================================================
Received Import Request.
  Time since last request: 0.000176 seconds.
  path: Assets/Sprites/Lobby/item/220216__0000s_0007_Ready-popup.png
  artifactKey: Guid(907b46d3bbc05854a90ad1fd89441134) Importer(815301076,1909f56bfc062723c751e8b465ee728b)
Start importing Assets/Sprites/Lobby/item/220216__0000s_0007_Ready-popup.png using Guid(907b46d3bbc05854a90ad1fd89441134) Importer(815301076,1909f56bfc062723c751e8b465ee728b)  -> (artifact id: '123eb70ffec045df9765ce37af98aa17') in 0.021340 seconds 
  Import took 0.026386 seconds .

========================================================================
Received Import Request.
  Time since last request: 0.000170 seconds.
  path: Assets/Sprites/Lobby/Ingame/220218__0001_Move-button.png
  artifactKey: Guid(b4c913e432983fc45aa23212c5dfdf60) Importer(815301076,1909f56bfc062723c751e8b465ee728b)
Start importing Assets/Sprites/Lobby/Ingame/220218__0001_Move-button.png using Guid(b4c913e432983fc45aa23212c5dfdf60) Importer(815301076,1909f56bfc062723c751e8b465ee728b)  -> (artifact id: 'd246be47fee903d8fff997ea4217d8d0') in 0.017612 seconds 
  Import took 0.021959 seconds .

========================================================================
Received Import Request.
  Time since last request: 0.000161 seconds.
  path: Assets/Sprites/Lobby/Ingame/220217__0001s_0003_Move-gauge100_1.png
  artifactKey: Guid(3746b749f4a554a448caca00c966fbf1) Importer(815301076,1909f56bfc062723c751e8b465ee728b)
Start importing Assets/Sprites/Lobby/Ingame/220217__0001s_0003_Move-gauge100_1.png using Guid(3746b749f4a554a448caca00c966fbf1) Importer(815301076,1909f56bfc062723c751e8b465ee728b)  -> (artifact id: 'dbef35ff64cefd6402fe5bd5492404ea') in 0.014717 seconds 
  Import took 0.020759 seconds .

========================================================================
Received Import Request.
  Time since last request: 0.000171 seconds.
  path: Assets/Sprites/Lobby/item/220216__0000s_0003_Shield.png
  artifactKey: Guid(74784c090cdf20846901f0fa9b71986b) Importer(815301076,1909f56bfc062723c751e8b465ee728b)
Start importing Assets/Sprites/Lobby/item/220216__0000s_0003_Shield.png using Guid(74784c090cdf20846901f0fa9b71986b) Importer(815301076,1909f56bfc062723c751e8b465ee728b)  -> (artifact id: '9ce640ee28596ee6c087deaa10639e3e') in 0.019672 seconds 
  Import took 0.024589 seconds .

========================================================================
Received Import Request.
  Time since last request: 0.000159 seconds.
  path: Assets/Sprites/Lobby/Ingame/Tutorial.png
  artifactKey: Guid(c472fca804086fd45b66cd8af4a1b8be) Importer(815301076,1909f56bfc062723c751e8b465ee728b)
Start importing Assets/Sprites/Lobby/Ingame/Tutorial.png using Guid(c472fca804086fd45b66cd8af4a1b8be) Importer(815301076,1909f56bfc062723c751e8b465ee728b)  -> (artifact id: '6fb6699ad1412110e05b3fa08be56c9b') in 0.021838 seconds 
  Import took 0.026313 seconds .

========================================================================
Received Import Request.
  Time since last request: 0.000168 seconds.
  path: Assets/Sprites/Lobby/item/220216__0000s_0001_number-of-items.png
  artifactKey: Guid(b54ef4ba5c067ab42b5409f33eb84f20) Importer(815301076,1909f56bfc062723c751e8b465ee728b)
Start importing Assets/Sprites/Lobby/item/220216__0000s_0001_number-of-items.png using Guid(b54ef4ba5c067ab42b5409f33eb84f20) Importer(815301076,1909f56bfc062723c751e8b465ee728b)  -> (artifact id: '8b981684aff06b6883125e83a4a1d82b') in 0.016198 seconds 
  Import took 0.020699 seconds .

========================================================================
Received Import Request.
  Time since last request: 0.000155 seconds.
  path: Assets/Sprites/Lobby/Ingame/220217__0001s_0006_Time-gauge100_2.png
  artifactKey: Guid(db0b00f07c667374293339115b6bdafc) Importer(815301076,1909f56bfc062723c751e8b465ee728b)
Start importing Assets/Sprites/Lobby/Ingame/220217__0001s_0006_Time-gauge100_2.png using Guid(db0b00f07c667374293339115b6bdafc) Importer(815301076,1909f56bfc062723c751e8b465ee728b)  -> (artifact id: 'ae5dd905f1986ac6c63f01677b6d1f65') in 0.014250 seconds 
  Import took 0.018600 seconds .

========================================================================
Received Import Request.
  Time since last request: 0.000178 seconds.
  path: Assets/Sprites/Lobby/Ingame/220217__0001s_0007_Time-gauge0.png
  artifactKey: Guid(36d8b40cb1e8eff408dba9b839bbaa45) Importer(815301076,1909f56bfc062723c751e8b465ee728b)
Start importing Assets/Sprites/Lobby/Ingame/220217__0001s_0007_Time-gauge0.png using Guid(36d8b40cb1e8eff408dba9b839bbaa45) Importer(815301076,1909f56bfc062723c751e8b465ee728b)  -> (artifact id: 'b24988808d866d68944ed1df58c0c500') in 0.015294 seconds 
  Import took 0.020143 seconds .

========================================================================
Received Import Request.
  Time since last request: 0.000239 seconds.
  path: Assets/Sprites/Lobby/item/220216__0000s_0006_Resurrection.png
  artifactKey: Guid(cbbd3f4babdf40049988633e29f029a3) Importer(815301076,1909f56bfc062723c751e8b465ee728b)
Start importing Assets/Sprites/Lobby/item/220216__0000s_0006_Resurrection.png using Guid(cbbd3f4babdf40049988633e29f029a3) Importer(815301076,1909f56bfc062723c751e8b465ee728b)  -> (artifact id: '85ed1f4b3b95e31ddf0fe87cbda95f12') in 0.018184 seconds 
  Import took 0.024590 seconds .

========================================================================
Received Import Request.
  Time since last request: 0.000166 seconds.
  path: Assets/Sprites/Lobby/login/220218__0000s_0001_ok-Button.png
  artifactKey: Guid(d76e8f9460dfadb46893419714c1fd24) Importer(815301076,1909f56bfc062723c751e8b465ee728b)
Start importing Assets/Sprites/Lobby/login/220218__0000s_0001_ok-Button.png using Guid(d76e8f9460dfadb46893419714c1fd24) Importer(815301076,1909f56bfc062723c751e8b465ee728b)  -> (artifact id: '3639f6919505227b8c0836f92a7be6ca') in 0.017325 seconds 
  Import took 0.021921 seconds .

========================================================================
Received Import Request.
  Time since last request: 0.000183 seconds.
  path: Assets/Sprites/Lobby/Ingame/220217__0001s_0009_chair-2.png
  artifactKey: Guid(4cb860bcf10be5941b145fcf180b6731) Importer(815301076,1909f56bfc062723c751e8b465ee728b)
Start importing Assets/Sprites/Lobby/Ingame/220217__0001s_0009_chair-2.png using Guid(4cb860bcf10be5941b145fcf180b6731) Importer(815301076,1909f56bfc062723c751e8b465ee728b)  -> (artifact id: '2cf66e722e0095a4e87f3f7740ba6d74') in 0.015270 seconds 
  Import took 0.019598 seconds .

========================================================================
Received Import Request.
  Time since last request: 0.000177 seconds.
  path: Assets/Sprites/Lobby/Ingame/220217__0001s_0006_Time-gauge100.png
  artifactKey: Guid(45995863d089eb343be869bdbf94e3b3) Importer(815301076,1909f56bfc062723c751e8b465ee728b)
Start importing Assets/Sprites/Lobby/Ingame/220217__0001s_0006_Time-gauge100.png using Guid(45995863d089eb343be869bdbf94e3b3) Importer(815301076,1909f56bfc062723c751e8b465ee728b)  -> (artifact id: 'fbe1ae42cc0064f1b99bf7e7405f711b') in 0.017372 seconds 
  Import took 0.022806 seconds .

========================================================================
Received Import Request.
  Time since last request: 0.000177 seconds.
  path: Assets/Sprites/Lobby/Main/220216__0004s_0002_book-icon.png
  artifactKey: Guid(226c1512997992b4b9442ff313da6919) Importer(815301076,1909f56bfc062723c751e8b465ee728b)
Start importing Assets/Sprites/Lobby/Main/220216__0004s_0002_book-icon.png using Guid(226c1512997992b4b9442ff313da6919) Importer(815301076,1909f56bfc062723c751e8b465ee728b)  -> (artifact id: 'b6d2cfa0e534887f883888a5f653e32c') in 0.021162 seconds 
  Import took 0.026249 seconds .

========================================================================
Received Import Request.
  Time since last request: 0.000160 seconds.
  path: Assets/Sprites/Lobby/Main/220216__0004s_0006_Ranking-Button.png
  artifactKey: Guid(59d2c5056d8a8bb40810cbb495f3d8dd) Importer(815301076,1909f56bfc062723c751e8b465ee728b)
Start importing Assets/Sprites/Lobby/Main/220216__0004s_0006_Ranking-Button.png using Guid(59d2c5056d8a8bb40810cbb495f3d8dd) Importer(815301076,1909f56bfc062723c751e8b465ee728b)  -> (artifact id: 'd7816e0e5e87cccc393cc9f05bb40d50') in 0.022781 seconds 
  Import took 0.027736 seconds .

========================================================================
Received Import Request.
  Time since last request: 0.000180 seconds.
  path: Assets/Sprites/Lobby/Main/2200311__0042_Main-character1.png
  artifactKey: Guid(1cc7ef9cc8c1aac48ae99119b58c6bf1) Importer(815301076,1909f56bfc062723c751e8b465ee728b)
Start importing Assets/Sprites/Lobby/Main/2200311__0042_Main-character1.png using Guid(1cc7ef9cc8c1aac48ae99119b58c6bf1) Importer(815301076,1909f56bfc062723c751e8b465ee728b)  -> (artifact id: '24a3868caef522e5f775122f18b82ef8') in 0.019434 seconds 
  Import took 0.024965 seconds .

========================================================================
Received Import Request.
  Time since last request: 0.000287 seconds.
  path: Assets/Sprites/Lobby/Main/220216__0004s_0003_Shop-icon.png
  artifactKey: Guid(ef2eeda3094c78344afc975e9372e5be) Importer(815301076,1909f56bfc062723c751e8b465ee728b)
Start importing Assets/Sprites/Lobby/Main/220216__0004s_0003_Shop-icon.png using Guid(ef2eeda3094c78344afc975e9372e5be) Importer(815301076,1909f56bfc062723c751e8b465ee728b)  -> (artifact id: '331a0a3b2f2241c7a2295c50679afdde') in 0.017997 seconds 
  Import took 0.023407 seconds .

========================================================================
Received Import Request.
  Time since last request: 0.000193 seconds.
  path: Assets/Sprites/Lobby/Main/220216__0004s_0001_Card-icon.png
  artifactKey: Guid(b0f55140b632f8f4aab8d3b6d8c0b0c4) Importer(815301076,1909f56bfc062723c751e8b465ee728b)
Start importing Assets/Sprites/Lobby/Main/220216__0004s_0001_Card-icon.png using Guid(b0f55140b632f8f4aab8d3b6d8c0b0c4) Importer(815301076,1909f56bfc062723c751e8b465ee728b)  -> (artifact id: '5f0ab4cf44b1f28d6c25aaf92f23f15b') in 0.022904 seconds 
  Import took 0.028989 seconds .

========================================================================
Received Import Request.
  Time since last request: 0.000208 seconds.
  path: Assets/Sprites/Lobby/Main/2200311__0043_Main-character2.png
  artifactKey: Guid(9748cdd913bdcf747899a5b0c3879e72) Importer(815301076,1909f56bfc062723c751e8b465ee728b)
Start importing Assets/Sprites/Lobby/Main/2200311__0043_Main-character2.png using Guid(9748cdd913bdcf747899a5b0c3879e72) Importer(815301076,1909f56bfc062723c751e8b465ee728b)  -> (artifact id: '4bcf40e2762456b1c489b31279d7ac8f') in 0.029691 seconds 
  Import took 0.035278 seconds .

========================================================================
Received Import Request.
  Time since last request: 0.000168 seconds.
  path: Assets/Sprites/Lobby/Main/220216__0004s_0004_setting-icon.png
  artifactKey: Guid(e3568446be3a07645b0f2e6881a475a1) Importer(815301076,1909f56bfc062723c751e8b465ee728b)
Start importing Assets/Sprites/Lobby/Main/220216__0004s_0004_setting-icon.png using Guid(e3568446be3a07645b0f2e6881a475a1) Importer(815301076,1909f56bfc062723c751e8b465ee728b)  -> (artifact id: '4ed05f8cb3b6461354cf322febe824d1') in 0.031098 seconds 
  Import took 0.039572 seconds .

========================================================================
Received Import Request.
  Time since last request: 0.000264 seconds.
  path: Assets/Sprites/Lobby/Main/220216__0004s_0000_Ranking-icon.png
  artifactKey: Guid(f8d7026c81bbfcc4690c6ce79087116d) Importer(815301076,1909f56bfc062723c751e8b465ee728b)
Start importing Assets/Sprites/Lobby/Main/220216__0004s_0000_Ranking-icon.png using Guid(f8d7026c81bbfcc4690c6ce79087116d) Importer(815301076,1909f56bfc062723c751e8b465ee728b)  -> (artifact id: '2abbc57a5e9a4d06ee69b65d1e99dd34') in 0.024730 seconds 
  Import took 0.033230 seconds .

========================================================================
Received Import Request.
  Time since last request: 0.000448 seconds.
  path: Assets/Sprites/Lobby/Main/2200311__0044_Main-character3.png
  artifactKey: Guid(9703977b7e10e1344ab8e8f041d9bdeb) Importer(815301076,1909f56bfc062723c751e8b465ee728b)
Start importing Assets/Sprites/Lobby/Main/2200311__0044_Main-character3.png using Guid(9703977b7e10e1344ab8e8f041d9bdeb) Importer(815301076,1909f56bfc062723c751e8b465ee728b)  -> (artifact id: '41aa12546b4ce32b343e4569599009a6') in 0.023864 seconds 
  Import took 0.030243 seconds .

========================================================================
Received Import Request.
  Time since last request: 0.000209 seconds.
  path: Assets/Sprites/Lobby/Main/close_Button1_.png
  artifactKey: Guid(f82dea5f5593c2f43b78751e310463df) Importer(815301076,1909f56bfc062723c751e8b465ee728b)
Start importing Assets/Sprites/Lobby/Main/close_Button1_.png using Guid(f82dea5f5593c2f43b78751e310463df) Importer(815301076,1909f56bfc062723c751e8b465ee728b)  -> (artifact id: '782b81c4511bdf64c76bf1f35225a68e') in 0.029280 seconds 
  Import took 0.035330 seconds .

========================================================================
Received Import Request.
  Time since last request: 0.000179 seconds.
  path: Assets/Sprites/Lobby/Main/main_bg.png
  artifactKey: Guid(c36e3343f1eca124493dd5912b98e3b0) Importer(815301076,1909f56bfc062723c751e8b465ee728b)
Start importing Assets/Sprites/Lobby/Main/main_bg.png using Guid(c36e3343f1eca124493dd5912b98e3b0) Importer(815301076,1909f56bfc062723c751e8b465ee728b)  -> (artifact id: 'cb0de9df8ed062e88350d1612ee28b18') in 0.039549 seconds 
  Import took 0.045822 seconds .

========================================================================
Received Import Request.
  Time since last request: 0.000167 seconds.
  path: Assets/Sprites/Lobby/Main/220216__0004s_0008_Button.png
  artifactKey: Guid(2fe45c90a5e3c69488f59472dc9eac07) Importer(815301076,1909f56bfc062723c751e8b465ee728b)
Start importing Assets/Sprites/Lobby/Main/220216__0004s_0008_Button.png using Guid(2fe45c90a5e3c69488f59472dc9eac07) Importer(815301076,1909f56bfc062723c751e8b465ee728b)  -> (artifact id: 'ba46d89779250dfc3e30fc8c5bddc1f5') in 0.017247 seconds 
  Import took 0.021889 seconds .

========================================================================
Received Import Request.
  Time since last request: 0.000189 seconds.
  path: Assets/Sprites/Lobby/Main/close_Button2_.png
  artifactKey: Guid(64f51a5505a6a6d46a539484ddc9d7ff) Importer(815301076,1909f56bfc062723c751e8b465ee728b)
Start importing Assets/Sprites/Lobby/Main/close_Button2_.png using Guid(64f51a5505a6a6d46a539484ddc9d7ff) Importer(815301076,1909f56bfc062723c751e8b465ee728b)  -> (artifact id: 'a156a210dae800f749646a2e0165507d') in 0.016663 seconds 
  Import took 0.021609 seconds .

========================================================================
Received Import Request.
  Time since last request: 0.013596 seconds.
  path: Assets/Sprites/Lobby/Pick a card/220218__0000s_0001_Pick-a-card2.png
  artifactKey: Guid(efa98f469744ff148ba0665b94a4d00d) Importer(815301076,1909f56bfc062723c751e8b465ee728b)
Start importing Assets/Sprites/Lobby/Pick a card/220218__0000s_0001_Pick-a-card2.png using Guid(efa98f469744ff148ba0665b94a4d00d) Importer(815301076,1909f56bfc062723c751e8b465ee728b)  -> (artifact id: '52cf54467c061f6c5e59e994def21529') in 0.016205 seconds 
  Import took 0.021326 seconds .

========================================================================
Received Import Request.
  Time since last request: 0.000173 seconds.
  path: Assets/Sprites/Lobby/Pick a card/Skip_h.png
  artifactKey: Guid(4a6019f24f61b4b43aeb8c1cef621449) Importer(815301076,1909f56bfc062723c751e8b465ee728b)
Start importing Assets/Sprites/Lobby/Pick a card/Skip_h.png using Guid(4a6019f24f61b4b43aeb8c1cef621449) Importer(815301076,1909f56bfc062723c751e8b465ee728b)  -> (artifact id: '09be34ebce0a2c465780d3126b0b3ad6') in 0.019476 seconds 
  Import took 0.023921 seconds .

========================================================================
Received Import Request.
  Time since last request: 0.000255 seconds.
  path: Assets/Sprites/Lobby/Pick a card/220218__0000s_0003_Pick-a-card4.png
  artifactKey: Guid(e13ef9104ad683840a9ec57f5130e99e) Importer(815301076,1909f56bfc062723c751e8b465ee728b)
Start importing Assets/Sprites/Lobby/Pick a card/220218__0000s_0003_Pick-a-card4.png using Guid(e13ef9104ad683840a9ec57f5130e99e) Importer(815301076,1909f56bfc062723c751e8b465ee728b)  -> (artifact id: 'd442a97e3a9fe5e9e2898a5a7d9d958c') in 0.016694 seconds 
  Import took 0.022710 seconds .

========================================================================
Received Import Request.
  Time since last request: 0.000189 seconds.
  path: Assets/Sprites/Lobby/Pick a card/220218__0000s_0004_Pick-a-card3.png
  artifactKey: Guid(8a922151655480d469022289a346582b) Importer(815301076,1909f56bfc062723c751e8b465ee728b)
Start importing Assets/Sprites/Lobby/Pick a card/220218__0000s_0004_Pick-a-card3.png using Guid(8a922151655480d469022289a346582b) Importer(815301076,1909f56bfc062723c751e8b465ee728b)  -> (artifact id: 'cb13f748b7a8d25ee068c5559234c492') in 0.016907 seconds 
  Import took 0.021472 seconds .

========================================================================
Received Import Request.
  Time since last request: 0.000179 seconds.
  path: Assets/Sprites/Lobby/Pick a card/card_back.png
  artifactKey: Guid(f455d2e1fa407b346a2f75d7d81ed35a) Importer(815301076,1909f56bfc062723c751e8b465ee728b)
Start importing Assets/Sprites/Lobby/Pick a card/card_back.png using Guid(f455d2e1fa407b346a2f75d7d81ed35a) Importer(815301076,1909f56bfc062723c751e8b465ee728b)  -> (artifact id: '55395acf521c05160ebb4bb9082835c8') in 0.024136 seconds 
  Import took 0.028984 seconds .

========================================================================
Received Import Request.
  Time since last request: 0.000161 seconds.
  path: Assets/Sprites/Lobby/Pick a card/Skip_e.png
  artifactKey: Guid(6bbbe5bca18b20e45b71f1048109b4c0) Importer(815301076,1909f56bfc062723c751e8b465ee728b)
Start importing Assets/Sprites/Lobby/Pick a card/Skip_e.png using Guid(6bbbe5bca18b20e45b71f1048109b4c0) Importer(815301076,1909f56bfc062723c751e8b465ee728b)  -> (artifact id: '3340dcf5434b7644c8a56b3c9f592e61') in 0.015713 seconds 
  Import took 0.020801 seconds .

========================================================================
Received Import Request.
  Time since last request: 0.000173 seconds.
  path: Assets/Sprites/Lobby/Pick a card/220218__0000s_0002_Pick-a-card1.png
  artifactKey: Guid(44b8b5ccc0597e64aab5f671c5dfea28) Importer(815301076,1909f56bfc062723c751e8b465ee728b)
Start importing Assets/Sprites/Lobby/Pick a card/220218__0000s_0002_Pick-a-card1.png using Guid(44b8b5ccc0597e64aab5f671c5dfea28) Importer(815301076,1909f56bfc062723c751e8b465ee728b)  -> (artifact id: '703103061420f2910388eedd18ab6dda') in 0.015509 seconds 
  Import took 0.019951 seconds .

========================================================================
Received Import Request.
  Time since last request: 0.000164 seconds.
  path: Assets/Sprites/Lobby/Pick a card/220221__0000s_0000_AD-.png
  artifactKey: Guid(5bed244297cb0ee45b23c9de67cad089) Importer(815301076,1909f56bfc062723c751e8b465ee728b)
Start importing Assets/Sprites/Lobby/Pick a card/220221__0000s_0000_AD-.png using Guid(5bed244297cb0ee45b23c9de67cad089) Importer(815301076,1909f56bfc062723c751e8b465ee728b)  -> (artifact id: '2f44eb7f1e206199ae5fa4044e4a7a4a') in 0.016521 seconds 
  Import took 0.021188 seconds .

========================================================================
Received Import Request.
  Time since last request: 0.686670 seconds.
  path: Assets/Sprites/Lobby/Result/220217__0000s_0000_ex-characters1.png
  artifactKey: Guid(2fc00ce752703cf418c623d00fbba89d) Importer(815301076,1909f56bfc062723c751e8b465ee728b)
Start importing Assets/Sprites/Lobby/Result/220217__0000s_0000_ex-characters1.png using Guid(2fc00ce752703cf418c623d00fbba89d) Importer(815301076,1909f56bfc062723c751e8b465ee728b)  -> (artifact id: '292bafe62f8e8577ad26cc3d7e6cc10a') in 0.026355 seconds 
  Import took 0.034059 seconds .

========================================================================
Received Import Request.
  Time since last request: 0.000211 seconds.
  path: Assets/Sprites/Lobby/Result/220217__0000s_0001_Result.png
  artifactKey: Guid(29da478b54e865d44bd29dd457dfecb7) Importer(815301076,1909f56bfc062723c751e8b465ee728b)
Start importing Assets/Sprites/Lobby/Result/220217__0000s_0001_Result.png using Guid(29da478b54e865d44bd29dd457dfecb7) Importer(815301076,1909f56bfc062723c751e8b465ee728b)  -> (artifact id: '11d81afad6ab24c7e9211b9faa719ad3') in 0.021892 seconds 
  Import took 0.027015 seconds .

========================================================================
Received Import Request.
  Time since last request: 0.000188 seconds.
  path: Assets/Sprites/Lobby/Result/220217__0000s_0004_score.png
  artifactKey: Guid(390e8affa075a8c49baf3b4ae19aef8b) Importer(815301076,1909f56bfc062723c751e8b465ee728b)
Start importing Assets/Sprites/Lobby/Result/220217__0000s_0004_score.png using Guid(390e8affa075a8c49baf3b4ae19aef8b) Importer(815301076,1909f56bfc062723c751e8b465ee728b)  -> (artifact id: '5d0bc70fc3e75a067a28aba889c712f4') in 0.026314 seconds 
  Import took 0.034726 seconds .

========================================================================
Received Import Request.
  Time since last request: 0.000239 seconds.
  path: Assets/Sprites/Lobby/Result/220228_Button.png
  artifactKey: Guid(0df4e1f8a07cf5e4cadc2304c9493fe4) Importer(815301076,1909f56bfc062723c751e8b465ee728b)
Start importing Assets/Sprites/Lobby/Result/220228_Button.png using Guid(0df4e1f8a07cf5e4cadc2304c9493fe4) Importer(815301076,1909f56bfc062723c751e8b465ee728b)  -> (artifact id: 'e4ed1d065f12dc96457f7b6ad4696d88') in 0.022091 seconds 
  Import took 0.029210 seconds .

========================================================================
Received Import Request.
  Time since last request: 0.000193 seconds.
  path: Assets/Sprites/Lobby/Result/220217__0000s_0005_ex-characters2.png
  artifactKey: Guid(0dd51f7e7e457ea4f88dfca08e3bb678) Importer(815301076,1909f56bfc062723c751e8b465ee728b)
Start importing Assets/Sprites/Lobby/Result/220217__0000s_0005_ex-characters2.png using Guid(0dd51f7e7e457ea4f88dfca08e3bb678) Importer(815301076,1909f56bfc062723c751e8b465ee728b)  -> (artifact id: '66af6e62e851b968936959ee506bfbf9') in 0.023587 seconds 
  Import took 0.029225 seconds .

========================================================================
Received Import Request.
  Time since last request: 0.000198 seconds.
  path: Assets/Sprites/Lobby/Result/220218__0002_Result_Button3.png
  artifactKey: Guid(943242de1fd1050458ecfe52da0326f4) Importer(815301076,1909f56bfc062723c751e8b465ee728b)
Start importing Assets/Sprites/Lobby/Result/220218__0002_Result_Button3.png using Guid(943242de1fd1050458ecfe52da0326f4) Importer(815301076,1909f56bfc062723c751e8b465ee728b)  -> (artifact id: '48d2c749defa8267da0fadb1d36f21ed') in 0.021200 seconds 
  Import took 0.028526 seconds .

========================================================================
Received Import Request.
  Time since last request: 0.000186 seconds.
  path: Assets/Sprites/Lobby/Result/220228_Result_Button3.png
  artifactKey: Guid(bcdce14f57200ce4ea26fcc4f690b0d7) Importer(815301076,1909f56bfc062723c751e8b465ee728b)
Start importing Assets/Sprites/Lobby/Result/220228_Result_Button3.png using Guid(bcdce14f57200ce4ea26fcc4f690b0d7) Importer(815301076,1909f56bfc062723c751e8b465ee728b)  -> (artifact id: 'e223883b5206bafcc0e266d222afef9a') in 0.020970 seconds 
  Import took 0.025603 seconds .

========================================================================
Received Import Request.
  Time since last request: 0.000154 seconds.
  path: Assets/Sprites/Lobby/Result/220218__0001_Result_Button1.png
  artifactKey: Guid(08dc83f34f12f9746b619ad7c46a1eae) Importer(815301076,1909f56bfc062723c751e8b465ee728b)
Start importing Assets/Sprites/Lobby/Result/220218__0001_Result_Button1.png using Guid(08dc83f34f12f9746b619ad7c46a1eae) Importer(815301076,1909f56bfc062723c751e8b465ee728b)  -> (artifact id: '987148683fba0ea757a0c53f6aefff1a') in 0.016439 seconds 
  Import took 0.021949 seconds .

========================================================================
Received Import Request.
  Time since last request: 0.000182 seconds.
  path: Assets/Sprites/Lobby/Result/220218__0000_Result_Button2.png
  artifactKey: Guid(75a94209f2627bc44893b0fd0d0e2ec3) Importer(815301076,1909f56bfc062723c751e8b465ee728b)
Start importing Assets/Sprites/Lobby/Result/220218__0000_Result_Button2.png using Guid(75a94209f2627bc44893b0fd0d0e2ec3) Importer(815301076,1909f56bfc062723c751e8b465ee728b)  -> (artifact id: '01843ac8e3b8257feee76cb8663b014c') in 0.015305 seconds 
  Import took 0.021500 seconds .

========================================================================
Received Import Request.
  Time since last request: 0.240228 seconds.
  path: Assets/Sprites/Lobby/setting/220217__0000s_0000_sound-off.png
  artifactKey: Guid(53fdaa785a08f694a84919420edc596c) Importer(815301076,1909f56bfc062723c751e8b465ee728b)
Start importing Assets/Sprites/Lobby/setting/220217__0000s_0000_sound-off.png using Guid(53fdaa785a08f694a84919420edc596c) Importer(815301076,1909f56bfc062723c751e8b465ee728b)  -> (artifact id: '649f5a74e611c0df8597bc825badf3fb') in 0.019399 seconds 
  Import took 0.024334 seconds .

========================================================================
Received Import Request.
  Time since last request: 0.000231 seconds.
  path: Assets/Sprites/Lobby/setting/220217__0000s_0002_Sound-effect-off.png
  artifactKey: Guid(610d7c5cb2aa41f4d83ebef6ef8814a1) Importer(815301076,1909f56bfc062723c751e8b465ee728b)
Start importing Assets/Sprites/Lobby/setting/220217__0000s_0002_Sound-effect-off.png using Guid(610d7c5cb2aa41f4d83ebef6ef8814a1) Importer(815301076,1909f56bfc062723c751e8b465ee728b)  -> (artifact id: '4ca409bb9ff3bd1341976d11f30a9b40') in 0.018182 seconds 
  Import took 0.022830 seconds .

========================================================================
Received Import Request.
  Time since last request: 0.000240 seconds.
  path: Assets/Sprites/Lobby/setting/220228_log-out.png
  artifactKey: Guid(72fd24ea219847045998d2bf9613b0f1) Importer(815301076,1909f56bfc062723c751e8b465ee728b)
Start importing Assets/Sprites/Lobby/setting/220228_log-out.png using Guid(72fd24ea219847045998d2bf9613b0f1) Importer(815301076,1909f56bfc062723c751e8b465ee728b)  -> (artifact id: '5b6280f1fe198dcfb9b256f4b5a9ea66') in 0.019487 seconds 
  Import took 0.025136 seconds .

========================================================================
Received Import Request.
  Time since last request: 0.000314 seconds.
  path: Assets/Sprites/Lobby/setting/220221__0001_Sound-effect-on.png
  artifactKey: Guid(f31721085af1d034aa981c5c08289a30) Importer(815301076,1909f56bfc062723c751e8b465ee728b)
Start importing Assets/Sprites/Lobby/setting/220221__0001_Sound-effect-on.png using Guid(f31721085af1d034aa981c5c08289a30) Importer(815301076,1909f56bfc062723c751e8b465ee728b)  -> (artifact id: '69b0b26c5b27ac31a43dd6de0ab580b0') in 0.018956 seconds 
  Import took 0.025452 seconds .

========================================================================
Received Import Request.
  Time since last request: 0.000277 seconds.
  path: Assets/Sprites/Lobby/setting/logout.png
  artifactKey: Guid(756e8b11d09878a4c992eb2c5af3f6c9) Importer(815301076,1909f56bfc062723c751e8b465ee728b)
Start importing Assets/Sprites/Lobby/setting/logout.png using Guid(756e8b11d09878a4c992eb2c5af3f6c9) Importer(815301076,1909f56bfc062723c751e8b465ee728b)  -> (artifact id: 'f832819aa362c64d281f535e31c81d31') in 0.016837 seconds 
  Import took 0.022559 seconds .

========================================================================
Received Import Request.
  Time since last request: 0.000171 seconds.
  path: Assets/Sprites/Lobby/setting/220217__0000s_0007_popup.png
  artifactKey: Guid(18d4c96768735784484231265bf3639c) Importer(815301076,1909f56bfc062723c751e8b465ee728b)
Start importing Assets/Sprites/Lobby/setting/220217__0000s_0007_popup.png using Guid(18d4c96768735784484231265bf3639c) Importer(815301076,1909f56bfc062723c751e8b465ee728b)  -> (artifact id: '37c829893b79b3eff2b7b67b2ecdd085') in 0.021680 seconds 
  Import took 0.026666 seconds .

========================================================================
Received Import Request.
  Time since last request: 0.000176 seconds.
  path: Assets/Sprites/Lobby/setting/login.png
  artifactKey: Guid(cabb4802936d14b45983178b9b0bf581) Importer(815301076,1909f56bfc062723c751e8b465ee728b)
Start importing Assets/Sprites/Lobby/setting/login.png using Guid(cabb4802936d14b45983178b9b0bf581) Importer(815301076,1909f56bfc062723c751e8b465ee728b)  -> (artifact id: 'db137520880a9cfdd4cdf5becacc9187') in 0.015487 seconds 
  Import took 0.020777 seconds .

========================================================================
Received Import Request.
  Time since last request: 0.000180 seconds.
  path: Assets/Sprites/Lobby/setting/220221__0000_sound-on.png
  artifactKey: Guid(fa9f4331d832ac149b5df8e0820a148b) Importer(815301076,1909f56bfc062723c751e8b465ee728b)
Start importing Assets/Sprites/Lobby/setting/220221__0000_sound-on.png using Guid(fa9f4331d832ac149b5df8e0820a148b) Importer(815301076,1909f56bfc062723c751e8b465ee728b)  -> (artifact id: '75a47f95702f027d5b301b752d01ef89') in 0.018070 seconds 
  Import took 0.022884 seconds .

========================================================================
Received Import Request.
  Time since last request: 0.000171 seconds.
  path: Assets/Sprites/Lobby/setting/220228_user_id.png
  artifactKey: Guid(6eeb6b8abeddf26498d151dae30ea59f) Importer(815301076,1909f56bfc062723c751e8b465ee728b)
Start importing Assets/Sprites/Lobby/setting/220228_user_id.png using Guid(6eeb6b8abeddf26498d151dae30ea59f) Importer(815301076,1909f56bfc062723c751e8b465ee728b)  -> (artifact id: '4d2972a2628660c8fce144198174b2af') in 0.014787 seconds 
  Import took 0.019759 seconds .

========================================================================
Received Import Request.
  Time since last request: 0.000194 seconds.
  path: Assets/Sprites/Lobby/setting/220221__0002_vibration-mode-on.png
  artifactKey: Guid(13f8d5ae5ab22a741adfef94039c9838) Importer(815301076,1909f56bfc062723c751e8b465ee728b)
Start importing Assets/Sprites/Lobby/setting/220221__0002_vibration-mode-on.png using Guid(13f8d5ae5ab22a741adfef94039c9838) Importer(815301076,1909f56bfc062723c751e8b465ee728b)  -> (artifact id: '4bd7f3ec6e356804493614aa17e723e4') in 0.016905 seconds 
  Import took 0.021960 seconds .

========================================================================
Received Import Request.
  Time since last request: 0.000392 seconds.
  path: Assets/Sprites/Lobby/setting/220228_line.png
  artifactKey: Guid(9b8429bd2fe9f2e4b9a93976bbcb8530) Importer(815301076,1909f56bfc062723c751e8b465ee728b)
Start importing Assets/Sprites/Lobby/setting/220228_line.png using Guid(9b8429bd2fe9f2e4b9a93976bbcb8530) Importer(815301076,1909f56bfc062723c751e8b465ee728b)  -> (artifact id: 'a209570fb4fe698053a9a1afa654bf0b') in 0.013140 seconds 
  Import took 0.018560 seconds .

========================================================================
Received Import Request.
  Time since last request: 0.000158 seconds.
  path: Assets/Sprites/Lobby/setting/220217__0000s_0004_vibration-mode-off.png
  artifactKey: Guid(76e279b5ebad4b546b211f2e1f5377dc) Importer(815301076,1909f56bfc062723c751e8b465ee728b)
Start importing Assets/Sprites/Lobby/setting/220217__0000s_0004_vibration-mode-off.png using Guid(76e279b5ebad4b546b211f2e1f5377dc) Importer(815301076,1909f56bfc062723c751e8b465ee728b)  -> (artifact id: '3c60e0acadb6e2a9339e386e9a31b606') in 0.019074 seconds 
  Import took 0.024074 seconds .

========================================================================
Received Import Request.
  Time since last request: 0.000183 seconds.
  path: Assets/Sprites/Lobby/setting/220228_log-in.png
  artifactKey: Guid(9b199ebd2ca439b419654062ea406b7c) Importer(815301076,1909f56bfc062723c751e8b465ee728b)
Start importing Assets/Sprites/Lobby/setting/220228_log-in.png using Guid(9b199ebd2ca439b419654062ea406b7c) Importer(815301076,1909f56bfc062723c751e8b465ee728b)  -> (artifact id: 'b1d76386b296eeac1554807bf1413e33') in 0.015412 seconds 
  Import took 0.020518 seconds .

========================================================================
Received Import Request.
  Time since last request: 196.291036 seconds.
  path: Assets/Font/SB L.ttf
  artifactKey: Guid(d38b452bfff9a214a8c07cdabc750f97) Importer(815301076,1909f56bfc062723c751e8b465ee728b)
Start importing Assets/Font/SB L.ttf using Guid(d38b452bfff9a214a8c07cdabc750f97) Importer(815301076,1909f56bfc062723c751e8b465ee728b)  -> (artifact id: '20ff435dcd78bdf566b463e241f90367') in 0.048675 seconds 
  Import took 0.053579 seconds .

========================================================================
Received Import Request.
  Time since last request: 0.000257 seconds.
  path: Assets/Font/SB  B.ttf
  artifactKey: Guid(3956593f89ada2d4e95a0a20c3397fc2) Importer(815301076,1909f56bfc062723c751e8b465ee728b)
Start importing Assets/Font/SB  B.ttf using Guid(3956593f89ada2d4e95a0a20c3397fc2) Importer(815301076,1909f56bfc062723c751e8b465ee728b)  -> (artifact id: 'a3f16bf3bb5625c7c64ce31657a5d0b2') in 0.019145 seconds 
  Import took 0.023305 seconds .

========================================================================
Received Import Request.
  Time since last request: 0.000294 seconds.
  path: Assets/Font/SB  M.ttf
  artifactKey: Guid(bb048e50ff110d741b0a945f7da643cb) Importer(815301076,1909f56bfc062723c751e8b465ee728b)
Start importing Assets/Font/SB  M.ttf using Guid(bb048e50ff110d741b0a945f7da643cb) Importer(815301076,1909f56bfc062723c751e8b465ee728b)  -> (artifact id: 'c0a3a6c6932d201d23e3ce5efd7b6820') in 0.019330 seconds 
  Import took 0.024323 seconds .

========================================================================
Received Import Request.
  Time since last request: 0.000213 seconds.
  path: Assets/Font/SB  L.ttf
  artifactKey: Guid(0e6f62eeb56b2594dae79ae9b3110b14) Importer(815301076,1909f56bfc062723c751e8b465ee728b)
Start importing Assets/Font/SB  L.ttf using Guid(0e6f62eeb56b2594dae79ae9b3110b14) Importer(815301076,1909f56bfc062723c751e8b465ee728b)  -> (artifact id: '2d17097f93dff1209423b0d009575db6') in 0.020092 seconds 
  Import took 0.025577 seconds .

========================================================================
Received Import Request.
  Time since last request: 116.533294 seconds.
  path: Assets/Scenes/3. Game.unity
  artifactKey: Guid(5abcca83d9f92754991a5e3465e44b38) Importer(815301076,1909f56bfc062723c751e8b465ee728b)
Start importing Assets/Scenes/3. Game.unity using Guid(5abcca83d9f92754991a5e3465e44b38) Importer(815301076,1909f56bfc062723c751e8b465ee728b)  -> (artifact id: 'c3e676dbc1972a20b7f7cce6bf19b2e6') in 0.008312 seconds 
  Import took 0.013487 seconds .

========================================================================
Received Import Request.
  Time since last request: 82.611891 seconds.
  path: Assets/Scenes/1. Login.unity
  artifactKey: Guid(2d104360af2e2e44da62062a94ee796f) Importer(815301076,1909f56bfc062723c751e8b465ee728b)
Start importing Assets/Scenes/1. Login.unity using Guid(2d104360af2e2e44da62062a94ee796f) Importer(815301076,1909f56bfc062723c751e8b465ee728b)  -> (artifact id: 'a3075bb8df00429acbdcb86f24de0f0b') in 0.007234 seconds 
  Import took 0.012523 seconds .

========================================================================
Received Prepare
Registering precompiled user dll's ...
Registered in 0.016262 seconds.
Begin MonoManager ReloadAssembly
Native extension for WindowsStandalone target not found
Refreshing native plugins compatible for Editor in 1.01 ms, found 3 plugins.
Preloading 0 native plugins for Editor in 0.00 ms.
GPGSUpgrader start
UnityEngine.StackTraceUtility:ExtractStackTrace ()
UnityEngine.DebugLogHandler:LogFormat (UnityEngine.LogType,UnityEngine.Object,string,object[])
UnityEngine.Logger:Log (UnityEngine.LogType,object)
UnityEngine.Debug:Log (object)
GooglePlayGames.Editor.GPGSUpgrader:.cctor () (at Assets/GooglePlayGames/Editor/GPGSUpgrader.cs:38)
System.Runtime.CompilerServices.RuntimeHelpers:RunClassConstructor (System.RuntimeTypeHandle)
UnityEditor.EditorAssemblies:ProcessInitializeOnLoadAttributes (System.Type[])

(Filename: Assets/GooglePlayGames/Editor/GPGSUpgrader.cs Line: 38)

GPGSUpgrader done
UnityEngine.StackTraceUtility:ExtractStackTrace ()
UnityEngine.DebugLogHandler:LogFormat (UnityEngine.LogType,UnityEngine.Object,string,object[])
UnityEngine.Logger:Log (UnityEngine.LogType,object)
UnityEngine.Debug:Log (object)
GooglePlayGames.Editor.GPGSUpgrader:.cctor () (at Assets/GooglePlayGames/Editor/GPGSUpgrader.cs:57)
System.Runtime.CompilerServices.RuntimeHelpers:RunClassConstructor (System.RuntimeTypeHandle)
UnityEditor.EditorAssemblies:ProcessInitializeOnLoadAttributes (System.Type[])

(Filename: Assets/GooglePlayGames/Editor/GPGSUpgrader.cs Line: 57)

Mono: successfully reloaded assembly
- Completed reload, in  1.406 seconds
Domain Reload Profiling:
	ReloadAssembly (1406ms)
		BeginReloadAssembly (156ms)
			ExecutionOrderSort (0ms)
			DisableScriptedObjects (6ms)
			BackupInstance (0ms)
			ReleaseScriptingObjects (0ms)
			CreateAndSetChildDomain (49ms)
		EndReloadAssembly (1180ms)
			LoadAssemblies (151ms)
			RebuildTransferFunctionScriptingTraits (0ms)
			SetupTypeCache (421ms)
			ReleaseScriptCaches (1ms)
			RebuildScriptCaches (58ms)
			SetupLoadedEditorAssemblies (445ms)
				LogAssemblyErrors (0ms)
				InitializePlatformSupportModulesInManaged (4ms)
				SetLoadedEditorAssemblies (0ms)
				RefreshPlugins (1ms)
				BeforeProcessingInitializeOnLoad (100ms)
				ProcessInitializeOnLoadAttributes (275ms)
				ProcessInitializeOnLoadMethodAttributes (58ms)
				AfterProcessingInitializeOnLoad (5ms)
				EditorAssembliesLoaded (0ms)
			ExecutionOrderSort2 (0ms)
			AwakeInstancesAfterBackupRestoration (9ms)
Platform modules already initialized, skipping
Switching build target platform(19) subTarget(0) extendedPlatform(0) -> platform(13) subTarget(537395200) extendedPlatform(0)
Refreshing native plugins compatible for Editor in 0.99 ms, found 3 plugins.
Preloading 0 native plugins for Editor in 0.00 ms.
Unloading 2858 Unused Serialized files (Serialized files now loaded: 0)
System memory in use before: 126.0 MB.
System memory in use after: 125.0 MB.

Unloading 113 unused Assets to reduce memory usage. Loaded Objects now: 3472.
Total: 8.980900 ms (FindLiveObjects: 0.308100 ms CreateObjectMapping: 0.118200 ms MarkObjects: 7.588100 ms  DeleteObjects: 0.965000 ms)

AssetImportParameters requested are different than current active one (requested -> active):
  custom:framework-win-MediaFoundation: 216162199b28c13a410421893ffa2e32 -> 
  custom:video-decoder-ogg-theora: a1e56fd34408186e4bbccfd4996cb3dc -> 
  custom:container-muxer-webm: aa71ff27fc2769a1b78a27578f13a17b -> 
  custom:container-demuxer-webm: 4f35f7cbe854078d1ac9338744f61a02 -> 
  custom:container-demuxer-ogg: 62fdf1f143b41e24485cea50d1cbac27 -> 
  custom:video-encoder-webm-vp8: eb34c28f22e8b96e1ab97ce403110664 -> 
  custom:video-decoder-webm-vp8: 9c59270c3fd7afecdb556c50c9e8de78 -> 
  custom:graphics/normal-map-encoding: 01000000000000000000000000000000 -> 02000000000000000000000000000000
  custom:audio-decoder-ogg-vorbis: bf7c407c2cedff20999df2af8eb42d56 -> 
  custom:audio-encoder-webm-vorbis: bf7c407c2cedff20999df2af8eb42d56 -> 
========================================================================
Received Prepare
Refreshing native plugins compatible for Editor in 24.18 ms, found 3 plugins.
Preloading 0 native plugins for Editor in 0.00 ms.
Unloading 111 Unused Serialized files (Serialized files now loaded: 0)
System memory in use before: 72.6 MB.
System memory in use after: 71.6 MB.

Unloading 111 unused Assets to reduce memory usage. Loaded Objects now: 3472.
Total: 7.973500 ms (FindLiveObjects: 0.247400 ms CreateObjectMapping: 0.146400 ms MarkObjects: 6.790100 ms  DeleteObjects: 0.788700 ms)

AssetImportParameters requested are different than current active one (requested -> active):
  custom:framework-win-MediaFoundation: 216162199b28c13a410421893ffa2e32 -> 
  custom:video-decoder-ogg-theora: a1e56fd34408186e4bbccfd4996cb3dc -> 
  custom:container-muxer-webm: aa71ff27fc2769a1b78a27578f13a17b -> 
  custom:container-demuxer-webm: 4f35f7cbe854078d1ac9338744f61a02 -> 
  custom:container-demuxer-ogg: 62fdf1f143b41e24485cea50d1cbac27 -> 
  custom:video-encoder-webm-vp8: eb34c28f22e8b96e1ab97ce403110664 -> 
  custom:video-decoder-webm-vp8: 9c59270c3fd7afecdb556c50c9e8de78 -> 
  custom:audio-decoder-ogg-vorbis: bf7c407c2cedff20999df2af8eb42d56 -> 
  custom:audio-encoder-webm-vorbis: bf7c407c2cedff20999df2af8eb42d56 -> 
========================================================================
Received Import Request.
  Time since last request: 200.823652 seconds.
  path: Assets/Scenes/2. Lobby.unity
  artifactKey: Guid(b8ed402469ee162478ca454c5144c584) Importer(815301076,1909f56bfc062723c751e8b465ee728b)
Start importing Assets/Scenes/2. Lobby.unity using Guid(b8ed402469ee162478ca454c5144c584) Importer(815301076,1909f56bfc062723c751e8b465ee728b)  -> (artifact id: '1a9f179f8fd510f77102fa1db993e41d') in 0.020409 seconds 
  Import took 0.024693 seconds .

========================================================================
Received Prepare
Registering precompiled user dll's ...
Registered in 0.011730 seconds.
Begin MonoManager ReloadAssembly
Native extension for WindowsStandalone target not found
Refreshing native plugins compatible for Editor in 1.06 ms, found 3 plugins.
Preloading 0 native plugins for Editor in 0.00 ms.
GPGSUpgrader start
UnityEngine.StackTraceUtility:ExtractStackTrace ()
UnityEngine.DebugLogHandler:LogFormat (UnityEngine.LogType,UnityEngine.Object,string,object[])
UnityEngine.Logger:Log (UnityEngine.LogType,object)
UnityEngine.Debug:Log (object)
GooglePlayGames.Editor.GPGSUpgrader:.cctor () (at Assets/GooglePlayGames/Editor/GPGSUpgrader.cs:38)
System.Runtime.CompilerServices.RuntimeHelpers:RunClassConstructor (System.RuntimeTypeHandle)
UnityEditor.EditorAssemblies:ProcessInitializeOnLoadAttributes (System.Type[])

(Filename: Assets/GooglePlayGames/Editor/GPGSUpgrader.cs Line: 38)

GPGSUpgrader done
UnityEngine.StackTraceUtility:ExtractStackTrace ()
UnityEngine.DebugLogHandler:LogFormat (UnityEngine.LogType,UnityEngine.Object,string,object[])
UnityEngine.Logger:Log (UnityEngine.LogType,object)
UnityEngine.Debug:Log (object)
GooglePlayGames.Editor.GPGSUpgrader:.cctor () (at Assets/GooglePlayGames/Editor/GPGSUpgrader.cs:57)
System.Runtime.CompilerServices.RuntimeHelpers:RunClassConstructor (System.RuntimeTypeHandle)
UnityEditor.EditorAssemblies:ProcessInitializeOnLoadAttributes (System.Type[])

(Filename: Assets/GooglePlayGames/Editor/GPGSUpgrader.cs Line: 57)

Mono: successfully reloaded assembly
- Completed reload, in  1.215 seconds
Domain Reload Profiling:
	ReloadAssembly (1216ms)
		BeginReloadAssembly (116ms)
			ExecutionOrderSort (0ms)
			DisableScriptedObjects (6ms)
			BackupInstance (0ms)
			ReleaseScriptingObjects (0ms)
			CreateAndSetChildDomain (38ms)
		EndReloadAssembly (1044ms)
			LoadAssemblies (101ms)
			RebuildTransferFunctionScriptingTraits (0ms)
			SetupTypeCache (349ms)
			ReleaseScriptCaches (1ms)
			RebuildScriptCaches (50ms)
			SetupLoadedEditorAssemblies (431ms)
				LogAssemblyErrors (0ms)
				InitializePlatformSupportModulesInManaged (4ms)
				SetLoadedEditorAssemblies (0ms)
				RefreshPlugins (1ms)
				BeforeProcessingInitializeOnLoad (98ms)
				ProcessInitializeOnLoadAttributes (259ms)
				ProcessInitializeOnLoadMethodAttributes (62ms)
				AfterProcessingInitializeOnLoad (6ms)
				EditorAssembliesLoaded (0ms)
			ExecutionOrderSort2 (0ms)
			AwakeInstancesAfterBackupRestoration (9ms)
Platform modules already initialized, skipping
Switching build target platform(19) subTarget(0) extendedPlatform(0) -> platform(13) subTarget(537395200) extendedPlatform(0)
Refreshing native plugins compatible for Editor in 1.00 ms, found 3 plugins.
Preloading 0 native plugins for Editor in 0.00 ms.
Unloading 2858 Unused Serialized files (Serialized files now loaded: 0)
System memory in use before: 126.1 MB.
System memory in use after: 125.1 MB.

Unloading 113 unused Assets to reduce memory usage. Loaded Objects now: 3506.
Total: 7.333900 ms (FindLiveObjects: 0.249700 ms CreateObjectMapping: 0.115100 ms MarkObjects: 6.062700 ms  DeleteObjects: 0.905200 ms)

AssetImportParameters requested are different than current active one (requested -> active):
  custom:framework-win-MediaFoundation: 216162199b28c13a410421893ffa2e32 -> 
  custom:video-decoder-ogg-theora: a1e56fd34408186e4bbccfd4996cb3dc -> 
  custom:container-muxer-webm: aa71ff27fc2769a1b78a27578f13a17b -> 
  custom:container-demuxer-webm: 4f35f7cbe854078d1ac9338744f61a02 -> 
  custom:container-demuxer-ogg: 62fdf1f143b41e24485cea50d1cbac27 -> 
  custom:video-encoder-webm-vp8: eb34c28f22e8b96e1ab97ce403110664 -> 
  custom:video-decoder-webm-vp8: 9c59270c3fd7afecdb556c50c9e8de78 -> 
  custom:graphics/normal-map-encoding: 01000000000000000000000000000000 -> 02000000000000000000000000000000
  custom:audio-decoder-ogg-vorbis: bf7c407c2cedff20999df2af8eb42d56 -> 
  custom:audio-encoder-webm-vorbis: bf7c407c2cedff20999df2af8eb42d56 -> 
========================================================================
Received Import Request.
  Time since last request: 350.268584 seconds.
  path: Assets/Sound/Bell.wav
  artifactKey: Guid(fc8fd0a00a47cd1408e861e1fb8ef4c3) Importer(815301076,1909f56bfc062723c751e8b465ee728b)
Start importing Assets/Sound/Bell.wav using Guid(fc8fd0a00a47cd1408e861e1fb8ef4c3) Importer(815301076,1909f56bfc062723c751e8b465ee728b)  -> (artifact id: '59e440d46455254f21b1c24aff5c7b18') in 0.086399 seconds 
  Import took 0.090736 seconds .

========================================================================
Received Import Request.
  Time since last request: 0.000248 seconds.
  path: Assets/Sound/king_ingame_sauce.mp3
  artifactKey: Guid(802e582b3dfd0d84d8a86d3f2bd2d704) Importer(815301076,1909f56bfc062723c751e8b465ee728b)
Start importing Assets/Sound/king_ingame_sauce.mp3 using Guid(802e582b3dfd0d84d8a86d3f2bd2d704) Importer(815301076,1909f56bfc062723c751e8b465ee728b)  -> (artifact id: '092676494ba0bef5790506096585c589') in 0.027530 seconds 
  Import took 0.032011 seconds .

========================================================================
Received Import Request.
  Time since last request: 0.000263 seconds.
  path: Assets/Sound/upbgm1.wav
  artifactKey: Guid(63d26957374094149aa8e0cb2882efcd) Importer(815301076,1909f56bfc062723c751e8b465ee728b)
Start importing Assets/Sound/upbgm1.wav using Guid(63d26957374094149aa8e0cb2882efcd) Importer(815301076,1909f56bfc062723c751e8b465ee728b)  -> (artifact id: 'dff327b939ce0aa7fc38e1f01eb1f308') in 0.015188 seconds 
  Import took 0.019904 seconds .

========================================================================
Received Import Request.
  Time since last request: 0.000260 seconds.
  path: Assets/Sound/king_main_btn.mp3
  artifactKey: Guid(5fc2cb2e8bc622b458e68e3cbb2cfb6d) Importer(815301076,1909f56bfc062723c751e8b465ee728b)
Start importing Assets/Sound/king_main_btn.mp3 using Guid(5fc2cb2e8bc622b458e68e3cbb2cfb6d) Importer(815301076,1909f56bfc062723c751e8b465ee728b)  -> (artifact id: 'ecee6b1d477d679b819a38a9d6ac4202') in 0.014346 seconds 
  Import took 0.021119 seconds .

========================================================================
Received Import Request.
  Time since last request: 0.000367 seconds.
  path: Assets/Sound/end_02.wav
  artifactKey: Guid(167a9cb95e4cb914bbff7b6163978cfb) Importer(815301076,1909f56bfc062723c751e8b465ee728b)
Start importing Assets/Sound/end_02.wav using Guid(167a9cb95e4cb914bbff7b6163978cfb) Importer(815301076,1909f56bfc062723c751e8b465ee728b)  -> (artifact id: '995d1a757a8ccfcab20e31fd69805c10') in 0.015908 seconds 
  Import took 0.020668 seconds .

========================================================================
Received Import Request.
  Time since last request: 0.000241 seconds.
  path: Assets/Sound/king_ingame_nextchar.mp3
  artifactKey: Guid(ecbaeaa97b191fd4496dc955e1372b65) Importer(815301076,1909f56bfc062723c751e8b465ee728b)
Start importing Assets/Sound/king_ingame_nextchar.mp3 using Guid(ecbaeaa97b191fd4496dc955e1372b65) Importer(815301076,1909f56bfc062723c751e8b465ee728b)  -> (artifact id: '5e22115172d8e7c577e4a4c2951fcdb3') in 0.015415 seconds 
  Import took 0.021459 seconds .

========================================================================
Received Import Request.
  Time since last request: 0.000258 seconds.
  path: Assets/Sound/king_ingame_lasttimer.mp3
  artifactKey: Guid(7402104650f03504eb1ae5a100aaa8c8) Importer(815301076,1909f56bfc062723c751e8b465ee728b)
Start importing Assets/Sound/king_ingame_lasttimer.mp3 using Guid(7402104650f03504eb1ae5a100aaa8c8) Importer(815301076,1909f56bfc062723c751e8b465ee728b)  -> (artifact id: 'c736284ce3bc4afdd4f73852b30c5ead') in 0.015298 seconds 
  Import took 0.021332 seconds .

========================================================================
Received Import Request.
  Time since last request: 0.000264 seconds.
  path: Assets/Sound/upgrade.wav
  artifactKey: Guid(7da10257b55c0514a892e8cd4dd978e6) Importer(815301076,1909f56bfc062723c751e8b465ee728b)
Start importing Assets/Sound/upgrade.wav using Guid(7da10257b55c0514a892e8cd4dd978e6) Importer(815301076,1909f56bfc062723c751e8b465ee728b)  -> (artifact id: 'a24350a31e63999c570a4af268853063') in 0.014754 seconds 
  Import took 0.019692 seconds .

========================================================================
Received Import Request.
  Time since last request: 0.000322 seconds.
  path: Assets/Sound/king_ingame_lasttimer1.wav
  artifactKey: Guid(3ece9401173ee8349bc6f2e611552b16) Importer(815301076,1909f56bfc062723c751e8b465ee728b)
Start importing Assets/Sound/king_ingame_lasttimer1.wav using Guid(3ece9401173ee8349bc6f2e611552b16) Importer(815301076,1909f56bfc062723c751e8b465ee728b)  -> (artifact id: '74b64ae46bb944417caebfae5f13ec60') in 0.015066 seconds 
  Import took 0.020637 seconds .

========================================================================
Received Import Request.
  Time since last request: 0.000271 seconds.
  path: Assets/Sound/title.mp3
  artifactKey: Guid(a688afbe69c2f2a4eabab1317172769d) Importer(815301076,1909f56bfc062723c751e8b465ee728b)
Start importing Assets/Sound/title.mp3 using Guid(a688afbe69c2f2a4eabab1317172769d) Importer(815301076,1909f56bfc062723c751e8b465ee728b)  -> (artifact id: '716bc1c968af614898f28545ffbeb595') in 0.015012 seconds 
  Import took 0.019694 seconds .

========================================================================
Received Import Request.
  Time since last request: 0.000253 seconds.
  path: Assets/Sound/king_ingame_success.mp3
  artifactKey: Guid(49fa66d6c6f4c0142a0a5b81c31c4ae0) Importer(815301076,1909f56bfc062723c751e8b465ee728b)
Start importing Assets/Sound/king_ingame_success.mp3 using Guid(49fa66d6c6f4c0142a0a5b81c31c4ae0) Importer(815301076,1909f56bfc062723c751e8b465ee728b)  -> (artifact id: '92a1e45ebe6f822c41e565073fa6b360') in 0.014263 seconds 
  Import took 0.019912 seconds .

========================================================================
Received Import Request.
  Time since last request: 0.000454 seconds.
  path: Assets/Sound/king_ingame_failed.mp3
  artifactKey: Guid(f905f0d2784706145b745ddcee0e3bf6) Importer(815301076,1909f56bfc062723c751e8b465ee728b)
Start importing Assets/Sound/king_ingame_failed.mp3 using Guid(f905f0d2784706145b745ddcee0e3bf6) Importer(815301076,1909f56bfc062723c751e8b465ee728b)  -> (artifact id: 'a45c5aa7ab09379488d5998dbc1efaa6') in 0.015940 seconds 
  Import took 0.020923 seconds .

========================================================================
Received Import Request.
  Time since last request: 0.000211 seconds.
  path: Assets/Sound/Readygo.wav
  artifactKey: Guid(adc38ed1897a284448d026a2f7b19e7d) Importer(815301076,1909f56bfc062723c751e8b465ee728b)
Start importing Assets/Sound/Readygo.wav using Guid(adc38ed1897a284448d026a2f7b19e7d) Importer(815301076,1909f56bfc062723c751e8b465ee728b)  -> (artifact id: '7eaf58af275ed0fb2bfe4b12e3cf32c8') in 0.013947 seconds 
  Import took 0.019139 seconds .

========================================================================
Received Import Request.
  Time since last request: 0.000402 seconds.
  path: Assets/Sound/king_ingame_wating1.mp3
  artifactKey: Guid(586443c0c1b8ebf488b0b69451620382) Importer(815301076,1909f56bfc062723c751e8b465ee728b)
Start importing Assets/Sound/king_ingame_wating1.mp3 using Guid(586443c0c1b8ebf488b0b69451620382) Importer(815301076,1909f56bfc062723c751e8b465ee728b)  -> (artifact id: 'e83d0369cfecbd940c6a0a23632a731f') in 0.015121 seconds 
  Import took 0.020060 seconds .

========================================================================
Received Import Request.
  Time since last request: 0.000247 seconds.
  path: Assets/Sound/end_01.wav
  artifactKey: Guid(f626d40eb96e54444896a4fa2f35ae76) Importer(815301076,1909f56bfc062723c751e8b465ee728b)
Start importing Assets/Sound/end_01.wav using Guid(f626d40eb96e54444896a4fa2f35ae76) Importer(815301076,1909f56bfc062723c751e8b465ee728b)  -> (artifact id: 'cf5c3cb1f465bd207148f9ea2f772446') in 0.013947 seconds 
  Import took 0.019321 seconds .

========================================================================
Received Import Request.
  Time since last request: 0.000364 seconds.
  path: Assets/Sound/king_ingame_wavepass.mp3
  artifactKey: Guid(fa69e6621a0b9bb4988e2eebc343822a) Importer(815301076,1909f56bfc062723c751e8b465ee728b)
Start importing Assets/Sound/king_ingame_wavepass.mp3 using Guid(fa69e6621a0b9bb4988e2eebc343822a) Importer(815301076,1909f56bfc062723c751e8b465ee728b)  -> (artifact id: '6d8598dd30d570caa2b75274f0528bbf') in 0.014518 seconds 
  Import took 0.020824 seconds .

========================================================================
Received Import Request.
  Time since last request: 0.000228 seconds.
  path: Assets/Sound/king_ingame_side.mp3
  artifactKey: Guid(0b83e0f1733361d47b6531ff6eb0e0d1) Importer(815301076,1909f56bfc062723c751e8b465ee728b)
Start importing Assets/Sound/king_ingame_side.mp3 using Guid(0b83e0f1733361d47b6531ff6eb0e0d1) Importer(815301076,1909f56bfc062723c751e8b465ee728b)  -> (artifact id: 'dcc88e54e0d3849bde91341e80ac61e7') in 0.014552 seconds 
  Import took 0.019748 seconds .

========================================================================
Received Import Request.
  Time since last request: 0.000307 seconds.
  path: Assets/Sound/king_ingame_wating2.mp3
  artifactKey: Guid(2c1109f7bb03c1b4785711db10047742) Importer(815301076,1909f56bfc062723c751e8b465ee728b)
Start importing Assets/Sound/king_ingame_wating2.mp3 using Guid(2c1109f7bb03c1b4785711db10047742) Importer(815301076,1909f56bfc062723c751e8b465ee728b)  -> (artifact id: '0d774837b9653fe77445531bc92ae1d8') in 0.016032 seconds 
  Import took 0.020606 seconds .

========================================================================
Received Import Request.
  Time since last request: 0.000218 seconds.
  path: Assets/Sound/click.wav
  artifactKey: Guid(1db5c1009fd075f4e9701e6c498a8195) Importer(815301076,1909f56bfc062723c751e8b465ee728b)
Start importing Assets/Sound/click.wav using Guid(1db5c1009fd075f4e9701e6c498a8195) Importer(815301076,1909f56bfc062723c751e8b465ee728b)  -> (artifact id: '8023eb8fe831628683d462ebc2137f37') in 0.017644 seconds 
  Import took 0.021726 seconds .

========================================================================
Received Import Request.
  Time since last request: 0.000270 seconds.
  path: Assets/Sound/king_main_bgm.wav
  artifactKey: Guid(3394e73548a4bd24abcb20a9f2fe7275) Importer(815301076,1909f56bfc062723c751e8b465ee728b)
Start importing Assets/Sound/king_main_bgm.wav using Guid(3394e73548a4bd24abcb20a9f2fe7275) Importer(815301076,1909f56bfc062723c751e8b465ee728b)  -> (artifact id: '8bf3683e0856d3b8159d79a2385193b7') in 0.015549 seconds 
  Import took 0.021597 seconds .

========================================================================
Received Import Request.
  Time since last request: 0.000269 seconds.
  path: Assets/Sound/fever_click.mp3
  artifactKey: Guid(b0e08c7c18fa15641a991c94bd7472a7) Importer(815301076,1909f56bfc062723c751e8b465ee728b)
Start importing Assets/Sound/fever_click.mp3 using Guid(b0e08c7c18fa15641a991c94bd7472a7) Importer(815301076,1909f56bfc062723c751e8b465ee728b)  -> (artifact id: 'e2a20ef539259306b4452716ee64ef8d') in 0.015151 seconds 
  Import took 0.019992 seconds .

========================================================================
Received Import Request.
  Time since last request: 0.000241 seconds.
  path: Assets/Sound/click-[AudioTrimmer.com].wav
  artifactKey: Guid(72dcfbce30189fc4bb33f81c0c4daf75) Importer(815301076,1909f56bfc062723c751e8b465ee728b)
Start importing Assets/Sound/click-[AudioTrimmer.com].wav using Guid(72dcfbce30189fc4bb33f81c0c4daf75) Importer(815301076,1909f56bfc062723c751e8b465ee728b)  -> (artifact id: 'fbb58240f12230dc6cdd6071912ad908') in 0.014622 seconds 
  Import took 0.019859 seconds .

========================================================================
Received Import Request.
  Time since last request: 0.000229 seconds.
  path: Assets/Sound/king_ingame_wavereadygo.mp3
  artifactKey: Guid(63cfa260c5ee77446a3d2e89b08bd918) Importer(815301076,1909f56bfc062723c751e8b465ee728b)
Start importing Assets/Sound/king_ingame_wavereadygo.mp3 using Guid(63cfa260c5ee77446a3d2e89b08bd918) Importer(815301076,1909f56bfc062723c751e8b465ee728b)  -> (artifact id: '27a6cbb9ceb8312c5e4fe45e6d22e159') in 0.013546 seconds 
  Import took 0.018901 seconds .

========================================================================
Received Import Request.
  Time since last request: 0.000246 seconds.
  path: Assets/Sound/king_ingame_soup_scroll.mp3
  artifactKey: Guid(79f770be9a0a7f241894d7dd19719e71) Importer(815301076,1909f56bfc062723c751e8b465ee728b)
Start importing Assets/Sound/king_ingame_soup_scroll.mp3 using Guid(79f770be9a0a7f241894d7dd19719e71) Importer(815301076,1909f56bfc062723c751e8b465ee728b)  -> (artifact id: 'd200eb219c95323111e5be52627106b9') in 0.014669 seconds 
  Import took 0.020635 seconds .

========================================================================
Received Import Request.
  Time since last request: 0.000231 seconds.
  path: Assets/Sound/king_ingame_combo.mp3
  artifactKey: Guid(c7822538833221f46967aa0dcbd7183d) Importer(815301076,1909f56bfc062723c751e8b465ee728b)
Start importing Assets/Sound/king_ingame_combo.mp3 using Guid(c7822538833221f46967aa0dcbd7183d) Importer(815301076,1909f56bfc062723c751e8b465ee728b)  -> (artifact id: '316ff059fb3a9a320d1a4840a0cd1781') in 0.014209 seconds 
  Import took 0.019016 seconds .

========================================================================
Received Import Request.
  Time since last request: 0.000211 seconds.
  path: Assets/Sound/king_ingame_timer.mp3
  artifactKey: Guid(b2b164002d89385468392c8d412290c3) Importer(815301076,1909f56bfc062723c751e8b465ee728b)
Start importing Assets/Sound/king_ingame_timer.mp3 using Guid(b2b164002d89385468392c8d412290c3) Importer(815301076,1909f56bfc062723c751e8b465ee728b)  -> (artifact id: '59ef85c1f6d3939aba051e1567d30308') in 0.015131 seconds 
  Import took 0.019844 seconds .

========================================================================
Received Import Request.
  Time since last request: 0.000287 seconds.
  path: Assets/Sound/king_ingame_soup.mp3
  artifactKey: Guid(e069a47968838c446867a6ccd515ada6) Importer(815301076,1909f56bfc062723c751e8b465ee728b)
Start importing Assets/Sound/king_ingame_soup.mp3 using Guid(e069a47968838c446867a6ccd515ada6) Importer(815301076,1909f56bfc062723c751e8b465ee728b)  -> (artifact id: 'a606c0a4f26c6f25ca9fad91844219bc') in 0.015535 seconds 
  Import took 0.019995 seconds .

AssetImportWorkerClient::OnTransportError - code=2 error=End of file
